[2023-01-19 01:36:06] Doctoworld-env-1.ERROR: Unparenthesized `a ? b : c ? d : e` is deprecated. Use either `(a ? b : c) ? d : e` or `a ? b : (c ? d : e)` {"exception":"[object] (ErrorException(code: 0): Unparenthesized `a ? b : c ? d : e` is deprecated. Use either `(a ? b : c) ? d : e` or `a ? b : (c ? d : e)` at C:\\xampp\\htdocs\\doctoworld\\vendor\\ujjwalwahi\\plans\\src\\Models\\PlanSubscriptionModel.php:221)
[stacktrace]
#0 C:\\xampp\\htdocs\\doctoworld\\vendor\\composer\\ClassLoader.php(578): Illuminate\\Foundation\\Bootstrap\\HandleExceptions->handleError(8192, 'Unparenthesized...', 'C:\\\\xampp\\\\htdocs...', 221, Array)
#1 C:\\xampp\\htdocs\\doctoworld\\vendor\\composer\\ClassLoader.php(578): include()
#2 C:\\xampp\\htdocs\\doctoworld\\vendor\\composer\\ClassLoader.php(432): Composer\\Autoload\\ClassLoader::Composer\\Autoload\\{closure}('C:\\\\xampp\\\\htdocs...')
#3 [internal function]: Composer\\Autoload\\ClassLoader->loadClass('Rennokki\\\\Plans\\\\...')
#4 C:\\xampp\\htdocs\\doctoworld\\vendor\\laravel\\framework\\src\\Illuminate\\Database\\Eloquent\\Concerns\\HasRelationships.php(718): spl_autoload_call('Rennokki\\\\Plans\\\\...')
#5 C:\\xampp\\htdocs\\doctoworld\\vendor\\laravel\\framework\\src\\Illuminate\\Database\\Eloquent\\Concerns\\HasRelationships.php(407): Illuminate\\Database\\Eloquent\\Model->newRelatedInstance('Rennokki\\\\Plans\\\\...')
#6 C:\\xampp\\htdocs\\doctoworld\\vendor\\ujjwalwahi\\plans\\src\\Traits\\HasPlans.php(18): Illuminate\\Database\\Eloquent\\Model->morphMany('Rennokki\\\\Plans\\\\...', 'model')
#7 C:\\xampp\\htdocs\\doctoworld\\vendor\\ujjwalwahi\\plans\\src\\Traits\\HasPlans.php(28): Vtlabs\\Core\\Models\\User\\User->subscriptions()
#8 C:\\xampp\\htdocs\\doctoworld\\vendor\\ujjwalwahi\\plans\\src\\Traits\\HasPlans.php(40): Vtlabs\\Core\\Models\\User\\User->currentSubscription()
#9 C:\\xampp\\htdocs\\doctoworld\\vendor\\ujjwalwahi\\plans\\src\\Traits\\HasPlans.php(138): Vtlabs\\Core\\Models\\User\\User->activeSubscription()
#10 C:\\xampp\\htdocs\\doctoworld\\vendor\\vtlabs\\core\\src\\Http\\Resources\\UserResource.php(33): Vtlabs\\Core\\Models\\User\\User->hasActiveSubscription()
#11 C:\\xampp\\htdocs\\doctoworld\\vendor\\laravel\\framework\\src\\Illuminate\\Http\\Resources\\Json\\JsonResource.php(94): Vtlabs\\Core\\Http\\Resources\\UserResource->toArray(Object(Illuminate\\Http\\Request))
#12 C:\\xampp\\htdocs\\doctoworld\\vendor\\laravel\\framework\\src\\Illuminate\\Http\\Resources\\Json\\ResourceResponse.php(39): Illuminate\\Http\\Resources\\Json\\JsonResource->resolve(Object(Illuminate\\Http\\Request))
#13 C:\\xampp\\htdocs\\doctoworld\\vendor\\laravel\\framework\\src\\Illuminate\\Http\\Resources\\Json\\JsonResource.php(201): Illuminate\\Http\\Resources\\Json\\ResourceResponse->toResponse(Object(Illuminate\\Http\\Request))
#14 C:\\xampp\\htdocs\\doctoworld\\vendor\\laravel\\framework\\src\\Illuminate\\Routing\\Router.php(734): Illuminate\\Http\\Resources\\Json\\JsonResource->toResponse(Object(Illuminate\\Http\\Request))
#15 C:\\xampp\\htdocs\\doctoworld\\vendor\\laravel\\framework\\src\\Illuminate\\Routing\\Router.php(721): Illuminate\\Routing\\Router::toResponse(Object(Illuminate\\Http\\Request), Object(Vtlabs\\Core\\Http\\Resources\\UserResource))
#16 C:\\xampp\\htdocs\\doctoworld\\vendor\\laravel\\framework\\src\\Illuminate\\Routing\\Router.php(681): Illuminate\\Routing\\Router->prepareResponse(Object(Illuminate\\Http\\Request), Object(Vtlabs\\Core\\Http\\Resources\\UserResource))
#17 C:\\xampp\\htdocs\\doctoworld\\vendor\\laravel\\framework\\src\\Illuminate\\Pipeline\\Pipeline.php(130): Illuminate\\Routing\\Router->Illuminate\\Routing\\{closure}(Object(Illuminate\\Http\\Request))
#18 C:\\xampp\\htdocs\\doctoworld\\vendor\\vtlabs\\core\\src\\Http\\Middleware\\DetectLocale.php(24): Illuminate\\Pipeline\\Pipeline->Illuminate\\Pipeline\\{closure}(Object(Illuminate\\Http\\Request))
#19 C:\\xampp\\htdocs\\doctoworld\\vendor\\laravel\\framework\\src\\Illuminate\\Pipeline\\Pipeline.php(171): Vtlabs\\Core\\Http\\Middleware\\DetectLocale->handle(Object(Illuminate\\Http\\Request), Object(Closure))
#20 C:\\xampp\\htdocs\\doctoworld\\vendor\\laravel\\framework\\src\\Illuminate\\Routing\\Middleware\\SubstituteBindings.php(41): Illuminate\\Pipeline\\Pipeline->Illuminate\\Pipeline\\{closure}(Object(Illuminate\\Http\\Request))
#21 C:\\xampp\\htdocs\\doctoworld\\vendor\\laravel\\framework\\src\\Illuminate\\Pipeline\\Pipeline.php(171): Illuminate\\Routing\\Middleware\\SubstituteBindings->handle(Object(Illuminate\\Http\\Request), Object(Closure))
#22 C:\\xampp\\htdocs\\doctoworld\\vendor\\laravel\\framework\\src\\Illuminate\\Routing\\Middleware\\ThrottleRequests.php(59): Illuminate\\Pipeline\\Pipeline->Illuminate\\Pipeline\\{closure}(Object(Illuminate\\Http\\Request))
#23 C:\\xampp\\htdocs\\doctoworld\\vendor\\laravel\\framework\\src\\Illuminate\\Pipeline\\Pipeline.php(171): Illuminate\\Routing\\Middleware\\ThrottleRequests->handle(Object(Illuminate\\Http\\Request), Object(Closure), 60, '1')
#24 C:\\xampp\\htdocs\\doctoworld\\vendor\\laravel\\framework\\src\\Illuminate\\Pipeline\\Pipeline.php(105): Illuminate\\Pipeline\\Pipeline->Illuminate\\Pipeline\\{closure}(Object(Illuminate\\Http\\Request))
#25 C:\\xampp\\htdocs\\doctoworld\\vendor\\laravel\\framework\\src\\Illuminate\\Routing\\Router.php(683): Illuminate\\Pipeline\\Pipeline->then(Object(Closure))
#26 C:\\xampp\\htdocs\\doctoworld\\vendor\\laravel\\framework\\src\\Illuminate\\Routing\\Router.php(658): Illuminate\\Routing\\Router->runRouteWithinStack(Object(Illuminate\\Routing\\Route), Object(Illuminate\\Http\\Request))
#27 C:\\xampp\\htdocs\\doctoworld\\vendor\\laravel\\framework\\src\\Illuminate\\Routing\\Router.php(624): Illuminate\\Routing\\Router->runRoute(Object(Illuminate\\Http\\Request), Object(Illuminate\\Routing\\Route))
#28 C:\\xampp\\htdocs\\doctoworld\\vendor\\laravel\\framework\\src\\Illuminate\\Routing\\Router.php(613): Illuminate\\Routing\\Router->dispatchToRoute(Object(Illuminate\\Http\\Request))
#29 C:\\xampp\\htdocs\\doctoworld\\vendor\\laravel\\framework\\src\\Illuminate\\Foundation\\Http\\Kernel.php(170): Illuminate\\Routing\\Router->dispatch(Object(Illuminate\\Http\\Request))
#30 C:\\xampp\\htdocs\\doctoworld\\vendor\\laravel\\framework\\src\\Illuminate\\Pipeline\\Pipeline.php(130): Illuminate\\Foundation\\Http\\Kernel->Illuminate\\Foundation\\Http\\{closure}(Object(Illuminate\\Http\\Request))
#31 C:\\xampp\\htdocs\\doctoworld\\vendor\\barryvdh\\laravel-debugbar\\src\\Middleware\\InjectDebugbar.php(67): Illuminate\\Pipeline\\Pipeline->Illuminate\\Pipeline\\{closure}(Object(Illuminate\\Http\\Request))
#32 C:\\xampp\\htdocs\\doctoworld\\vendor\\laravel\\framework\\src\\Illuminate\\Pipeline\\Pipeline.php(171): Barryvdh\\Debugbar\\Middleware\\InjectDebugbar->handle(Object(Illuminate\\Http\\Request), Object(Closure))
#33 C:\\xampp\\htdocs\\doctoworld\\vendor\\spatie\\laravel-cors\\src\\Cors.php(28): Illuminate\\Pipeline\\Pipeline->Illuminate\\Pipeline\\{closure}(Object(Illuminate\\Http\\Request))
#34 C:\\xampp\\htdocs\\doctoworld\\vendor\\laravel\\framework\\src\\Illuminate\\Pipeline\\Pipeline.php(171): Spatie\\Cors\\Cors->handle(Object(Illuminate\\Http\\Request), Object(Closure))
#35 C:\\xampp\\htdocs\\doctoworld\\vendor\\laravel\\framework\\src\\Illuminate\\Foundation\\Http\\Middleware\\TransformsRequest.php(21): Illuminate\\Pipeline\\Pipeline->Illuminate\\Pipeline\\{closure}(Object(Illuminate\\Http\\Request))
#36 C:\\xampp\\htdocs\\doctoworld\\vendor\\laravel\\framework\\src\\Illuminate\\Pipeline\\Pipeline.php(171): Illuminate\\Foundation\\Http\\Middleware\\TransformsRequest->handle(Object(Illuminate\\Http\\Request), Object(Closure))
#37 C:\\xampp\\htdocs\\doctoworld\\vendor\\laravel\\framework\\src\\Illuminate\\Foundation\\Http\\Middleware\\TransformsRequest.php(21): Illuminate\\Pipeline\\Pipeline->Illuminate\\Pipeline\\{closure}(Object(Illuminate\\Http\\Request))
#38 C:\\xampp\\htdocs\\doctoworld\\vendor\\laravel\\framework\\src\\Illuminate\\Pipeline\\Pipeline.php(171): Illuminate\\Foundation\\Http\\Middleware\\TransformsRequest->handle(Object(Illuminate\\Http\\Request), Object(Closure))
#39 C:\\xampp\\htdocs\\doctoworld\\vendor\\laravel\\framework\\src\\Illuminate\\Foundation\\Http\\Middleware\\ValidatePostSize.php(27): Illuminate\\Pipeline\\Pipeline->Illuminate\\Pipeline\\{closure}(Object(Illuminate\\Http\\Request))
#40 C:\\xampp\\htdocs\\doctoworld\\vendor\\laravel\\framework\\src\\Illuminate\\Pipeline\\Pipeline.php(171): Illuminate\\Foundation\\Http\\Middleware\\ValidatePostSize->handle(Object(Illuminate\\Http\\Request), Object(Closure))
#41 C:\\xampp\\htdocs\\doctoworld\\vendor\\laravel\\framework\\src\\Illuminate\\Foundation\\Http\\Middleware\\CheckForMaintenanceMode.php(63): Illuminate\\Pipeline\\Pipeline->Illuminate\\Pipeline\\{closure}(Object(Illuminate\\Http\\Request))
#42 C:\\xampp\\htdocs\\doctoworld\\vendor\\laravel\\framework\\src\\Illuminate\\Pipeline\\Pipeline.php(171): Illuminate\\Foundation\\Http\\Middleware\\CheckForMaintenanceMode->handle(Object(Illuminate\\Http\\Request), Object(Closure))
#43 C:\\xampp\\htdocs\\doctoworld\\vendor\\laravel\\framework\\src\\Illuminate\\Pipeline\\Pipeline.php(105): Illuminate\\Pipeline\\Pipeline->Illuminate\\Pipeline\\{closure}(Object(Illuminate\\Http\\Request))
#44 C:\\xampp\\htdocs\\doctoworld\\vendor\\laravel\\framework\\src\\Illuminate\\Foundation\\Http\\Kernel.php(145): Illuminate\\Pipeline\\Pipeline->then(Object(Closure))
#45 C:\\xampp\\htdocs\\doctoworld\\vendor\\laravel\\framework\\src\\Illuminate\\Foundation\\Http\\Kernel.php(110): Illuminate\\Foundation\\Http\\Kernel->sendRequestThroughRouter(Object(Illuminate\\Http\\Request))
#46 C:\\xampp\\htdocs\\doctoworld\\public\\index.php(53): Illuminate\\Foundation\\Http\\Kernel->handle(Object(Illuminate\\Http\\Request))
#47 {main}
"} 
