[2023-01-06 02:09:10] local.ERROR: SQLSTATE[HY000] [1049] Unknown database 'doctoworld' (SQL: insert into `telescope_entries` (`batch_id`, `content`, `created_at`, `family_hash`, `type`, `uuid`) values (9827e3e9-e789-4eed-a556-c406374835df, {"requestId":"Xff9886ffbd56f17039e05d352d1c8e8a","hostname":"LAPTOP-F91TQ22G"}, 2023-01-06 02:09:08, ?, debugbar, 9827e3e9-6283-4645-810a-bb3fff94895e), (9827e3e9-e789-4eed-a556-c406374835df, {"ip_address":"::1","uri":"\/","method":"GET","controller_action":"App\\Http\\Controllers\\HomeController@index","middleware":["web"],"headers":{"host":"localhost","connection":"keep-alive","sec-ch-ua":"\"Opera GX\";v=\"93\", \"Not\/A)Brand\";v=\"8\", \"Chromium\";v=\"107\"","sec-ch-ua-mobile":"?0","sec-ch-ua-platform":"\"Windows\"","upgrade-insecure-requests":"1","user-agent":"Mozilla\/5.0 (Windows NT 10.0; Win64; x64) AppleWebKit\/537.36 (KHTML, like Gecko) Chrome\/107.0.0.0 Safari\/537.36 OPR\/93.0.0.0","accept":"text\/html,application\/xhtml+xml,application\/xml;q=0.9,image\/avif,image\/webp,image\/apng,*\/*;q=0.8,application\/signed-exchange;v=b3;q=0.9","sec-fetch-site":"same-origin","sec-fetch-mode":"navigate","sec-fetch-user":"?1","sec-fetch-dest":"document","referer":"http:\/\/localhost\/doctoworld\/","accept-encoding":"gzip, deflate, br","accept-language":"es-419,es;q=0.9,en-US;q=0.8,en;q=0.7","cookie":"ai_user=bb7IR|2022-02-23T15:46:36.705Z; __RequestVerificationToken=GBZQD_3etsHRgevJ-xQUiSteesg_ZnqCTlbsZucKm0ADTBGXfFDMX9ZyrsWimPrJmkEuY1FUAzp79lrcV5a4VcKoDK-z1J4mHR6VZH6oGzM1; ASP.NET_SessionId=notzfbeoac3zlsgsj3p4pnoa; .AspNet.ApplicationCookie=fTQqVZS-ZD1xnVP9ArF7p6A-q-Kb-NMmUexJB3o8FAVJNPF5uLYTH9MmVWvBQzrIOzfpnqxGw30oPHNgPqQnYFKG9gHksFdMs8a4JYC-Ekq5LfkzOK9joTvOIx5ZQTtIbfIGCnYDQUP06StMzOs00gS3HCRo5vSmDFYyXnOUUMToO2Ja9zlX8lK59A6oi74mr3n4C144guOao9V3t0ue8zjBK0FQVCLl2X-9sj9nVAVt82r6U55jWb-1pHpnjKMvE4ER8HYeiLlRKVqFYr4g6U_R_9il_bFgOKSNMMCKt8PdcHkKiTkGW9RlnphsL8ApfvD97z5vg_eTMKwQNiqIOmkkpqTkHGtnT1DPCVIpvnNz35XgmYHa7B75qhJqNUaHr3IDUHKnYKyPj-nY365taCuOhYW5k3hO_9cI1JvMcEI; _ga=GA1.1.1771863670.1669648806; _ga_80HKHQCSSP=GS1.1.1669648805.1.1.1669648814.0.0.0"},"payload":[],"session":{"_token":"HOIZz9MUSeTY8yAkhLowR7lK1etGZOmnlxAsPUKi","session":{"locale":"en"},"_previous":{"url":"http:\/\/localhost\/doctoworld\/public"},"_flash":{"old":[],"new":[]},"PHPDEBUGBAR_STACK_DATA":[]},"response_status":200,"response":{"view":"C:\\xampp\\htdocs\\doctoworld\\resources\\views\/index.blade.php","data":[]},"duration":22309,"memory":24,"hostname":"LAPTOP-F91TQ22G"}, 2023-01-06 02:09:08, ?, request, 9827e3e9-9376-4f12-9549-a03d3c1b180c)) {"exception":"[object] (Illuminate\\Database\\QueryException(code: 1049): SQLSTATE[HY000] [1049] Unknown database 'doctoworld' (SQL: insert into `telescope_entries` (`batch_id`, `content`, `created_at`, `family_hash`, `type`, `uuid`) values (9827e3e9-e789-4eed-a556-c406374835df, {\"requestId\":\"Xff9886ffbd56f17039e05d352d1c8e8a\",\"hostname\":\"LAPTOP-F91TQ22G\"}, 2023-01-06 02:09:08, ?, debugbar, 9827e3e9-6283-4645-810a-bb3fff94895e), (9827e3e9-e789-4eed-a556-c406374835df, {\"ip_address\":\"::1\",\"uri\":\"\\/\",\"method\":\"GET\",\"controller_action\":\"App\\\\Http\\\\Controllers\\\\HomeController@index\",\"middleware\":[\"web\"],\"headers\":{\"host\":\"localhost\",\"connection\":\"keep-alive\",\"sec-ch-ua\":\"\\\"Opera GX\\\";v=\\\"93\\\", \\\"Not\\/A)Brand\\\";v=\\\"8\\\", \\\"Chromium\\\";v=\\\"107\\\"\",\"sec-ch-ua-mobile\":\"?0\",\"sec-ch-ua-platform\":\"\\\"Windows\\\"\",\"upgrade-insecure-requests\":\"1\",\"user-agent\":\"Mozilla\\/5.0 (Windows NT 10.0; Win64; x64) AppleWebKit\\/537.36 (KHTML, like Gecko) Chrome\\/107.0.0.0 Safari\\/537.36 OPR\\/93.0.0.0\",\"accept\":\"text\\/html,application\\/xhtml+xml,application\\/xml;q=0.9,image\\/avif,image\\/webp,image\\/apng,*\\/*;q=0.8,application\\/signed-exchange;v=b3;q=0.9\",\"sec-fetch-site\":\"same-origin\",\"sec-fetch-mode\":\"navigate\",\"sec-fetch-user\":\"?1\",\"sec-fetch-dest\":\"document\",\"referer\":\"http:\\/\\/localhost\\/doctoworld\\/\",\"accept-encoding\":\"gzip, deflate, br\",\"accept-language\":\"es-419,es;q=0.9,en-US;q=0.8,en;q=0.7\",\"cookie\":\"ai_user=bb7IR|2022-02-23T15:46:36.705Z; __RequestVerificationToken=GBZQD_3etsHRgevJ-xQUiSteesg_ZnqCTlbsZucKm0ADTBGXfFDMX9ZyrsWimPrJmkEuY1FUAzp79lrcV5a4VcKoDK-z1J4mHR6VZH6oGzM1; ASP.NET_SessionId=notzfbeoac3zlsgsj3p4pnoa; .AspNet.ApplicationCookie=fTQqVZS-ZD1xnVP9ArF7p6A-q-Kb-NMmUexJB3o8FAVJNPF5uLYTH9MmVWvBQzrIOzfpnqxGw30oPHNgPqQnYFKG9gHksFdMs8a4JYC-Ekq5LfkzOK9joTvOIx5ZQTtIbfIGCnYDQUP06StMzOs00gS3HCRo5vSmDFYyXnOUUMToO2Ja9zlX8lK59A6oi74mr3n4C144guOao9V3t0ue8zjBK0FQVCLl2X-9sj9nVAVt82r6U55jWb-1pHpnjKMvE4ER8HYeiLlRKVqFYr4g6U_R_9il_bFgOKSNMMCKt8PdcHkKiTkGW9RlnphsL8ApfvD97z5vg_eTMKwQNiqIOmkkpqTkHGtnT1DPCVIpvnNz35XgmYHa7B75qhJqNUaHr3IDUHKnYKyPj-nY365taCuOhYW5k3hO_9cI1JvMcEI; _ga=GA1.1.1771863670.1669648806; _ga_80HKHQCSSP=GS1.1.1669648805.1.1.1669648814.0.0.0\"},\"payload\":[],\"session\":{\"_token\":\"HOIZz9MUSeTY8yAkhLowR7lK1etGZOmnlxAsPUKi\",\"session\":{\"locale\":\"en\"},\"_previous\":{\"url\":\"http:\\/\\/localhost\\/doctoworld\\/public\"},\"_flash\":{\"old\":[],\"new\":[]},\"PHPDEBUGBAR_STACK_DATA\":[]},\"response_status\":200,\"response\":{\"view\":\"C:\\\\xampp\\\\htdocs\\\\doctoworld\\\esources\\\\views\\/index.blade.php\",\"data\":[]},\"duration\":22309,\"memory\":24,\"hostname\":\"LAPTOP-F91TQ22G\"}, 2023-01-06 02:09:08, ?, request, 9827e3e9-9376-4f12-9549-a03d3c1b180c)) at C:\\xampp\\htdocs\\doctoworld\\vendor\\laravel\\framework\\src\\Illuminate\\Database\\Connection.php:669)
[stacktrace]
#0 C:\\xampp\\htdocs\\doctoworld\\vendor\\laravel\\framework\\src\\Illuminate\\Database\\Connection.php(629): Illuminate\\Database\\Connection->runQueryCallback('insert into `te...', Array, Object(Closure))
#1 C:\\xampp\\htdocs\\doctoworld\\vendor\\laravel\\framework\\src\\Illuminate\\Database\\Connection.php(464): Illuminate\\Database\\Connection->run('insert into `te...', Array, Object(Closure))
#2 C:\\xampp\\htdocs\\doctoworld\\vendor\\laravel\\framework\\src\\Illuminate\\Database\\Connection.php(416): Illuminate\\Database\\Connection->statement('insert into `te...', Array)
#3 C:\\xampp\\htdocs\\doctoworld\\vendor\\laravel\\framework\\src\\Illuminate\\Database\\Query\\Builder.php(2661): Illuminate\\Database\\Connection->insert('insert into `te...', Array)
#4 C:\\xampp\\htdocs\\doctoworld\\vendor\\laravel\\telescope\\src\\Storage\\DatabaseEntriesRepository.php(148): Illuminate\\Database\\Query\\Builder->insert(Array)
#5 C:\\xampp\\htdocs\\doctoworld\\vendor\\laravel\\framework\\src\\Illuminate\\Support\\Traits\\EnumeratesValues.php(176): Laravel\\Telescope\\Storage\\DatabaseEntriesRepository->Laravel\\Telescope\\Storage\\{closure}(Object(Illuminate\\Support\\Collection), 0)
#6 C:\\xampp\\htdocs\\doctoworld\\vendor\\laravel\\telescope\\src\\Storage\\DatabaseEntriesRepository.php(149): Illuminate\\Support\\Collection->each(Object(Closure))
#7 C:\\xampp\\htdocs\\doctoworld\\vendor\\laravel\\telescope\\src\\Telescope.php(587): Laravel\\Telescope\\Storage\\DatabaseEntriesRepository->store(Object(Illuminate\\Support\\Collection))
#8 [internal function]: Laravel\\Telescope\\Telescope::Laravel\\Telescope\\{closure}()
#9 C:\\xampp\\htdocs\\doctoworld\\vendor\\laravel\\telescope\\src\\Telescope.php(231): call_user_func(Object(Closure))
#10 C:\\xampp\\htdocs\\doctoworld\\vendor\\laravel\\telescope\\src\\Telescope.php(598): Laravel\\Telescope\\Telescope::withoutRecording(Object(Closure))
#11 C:\\xampp\\htdocs\\doctoworld\\vendor\\laravel\\telescope\\src\\ListensForStorageOpportunities.php(44): Laravel\\Telescope\\Telescope::store(Object(Laravel\\Telescope\\Storage\\DatabaseEntriesRepository))
#12 C:\\xampp\\htdocs\\doctoworld\\vendor\\laravel\\framework\\src\\Illuminate\\Container\\BoundMethod.php(36): Laravel\\Telescope\\Telescope::Laravel\\Telescope\\{closure}()
#13 C:\\xampp\\htdocs\\doctoworld\\vendor\\laravel\\framework\\src\\Illuminate\\Container\\Util.php(37): Illuminate\\Container\\BoundMethod::Illuminate\\Container\\{closure}()
#14 C:\\xampp\\htdocs\\doctoworld\\vendor\\laravel\\framework\\src\\Illuminate\\Container\\BoundMethod.php(81): Illuminate\\Container\\Util::unwrapIfClosure(Object(Closure))
#15 C:\\xampp\\htdocs\\doctoworld\\vendor\\laravel\\framework\\src\\Illuminate\\Container\\BoundMethod.php(37): Illuminate\\Container\\BoundMethod::callBoundMethod(Object(Illuminate\\Foundation\\Application), Object(Closure), Object(Closure))
#16 C:\\xampp\\htdocs\\doctoworld\\vendor\\laravel\\framework\\src\\Illuminate\\Container\\Container.php(590): Illuminate\\Container\\BoundMethod::call(Object(Illuminate\\Foundation\\Application), Object(Closure), Array, NULL)
#17 C:\\xampp\\htdocs\\doctoworld\\vendor\\laravel\\framework\\src\\Illuminate\\Foundation\\Application.php(1067): Illuminate\\Container\\Container->call(Object(Closure))
#18 C:\\xampp\\htdocs\\doctoworld\\vendor\\laravel\\framework\\src\\Illuminate\\Foundation\\Http\\Kernel.php(185): Illuminate\\Foundation\\Application->terminate()
#19 C:\\xampp\\htdocs\\doctoworld\\public\\index.php(58): Illuminate\\Foundation\\Http\\Kernel->terminate(Object(Illuminate\\Http\\Request), Object(Illuminate\\Http\\Response))
#20 {main}

[previous exception] [object] (Doctrine\\DBAL\\Driver\\PDO\\Exception(code: 1049): SQLSTATE[HY000] [1049] Unknown database 'doctoworld' at C:\\xampp\\htdocs\\doctoworld\\vendor\\doctrine\\dbal\\lib\\Doctrine\\DBAL\\Driver\\PDO\\Exception.php:18)
[stacktrace]
#0 C:\\xampp\\htdocs\\doctoworld\\vendor\\doctrine\\dbal\\lib\\Doctrine\\DBAL\\Driver\\PDOConnection.php(44): Doctrine\\DBAL\\Driver\\PDO\\Exception::new(Object(PDOException))
#1 C:\\xampp\\htdocs\\doctoworld\\vendor\\laravel\\framework\\src\\Illuminate\\Database\\Connectors\\Connector.php(67): Doctrine\\DBAL\\Driver\\PDOConnection->__construct('mysql:host=127....', 'root', '', Array)
#2 C:\\xampp\\htdocs\\doctoworld\\vendor\\laravel\\framework\\src\\Illuminate\\Database\\Connectors\\Connector.php(46): Illuminate\\Database\\Connectors\\Connector->createPdoConnection('mysql:host=127....', 'root', '', Array)
#3 C:\\xampp\\htdocs\\doctoworld\\vendor\\laravel\\framework\\src\\Illuminate\\Database\\Connectors\\MySqlConnector.php(24): Illuminate\\Database\\Connectors\\Connector->createConnection('mysql:host=127....', Array, Array)
#4 C:\\xampp\\htdocs\\doctoworld\\vendor\\laravel\\framework\\src\\Illuminate\\Database\\Connectors\\ConnectionFactory.php(182): Illuminate\\Database\\Connectors\\MySqlConnector->connect(Array)
#5 [internal function]: Illuminate\\Database\\Connectors\\ConnectionFactory->Illuminate\\Database\\Connectors\\{closure}()
#6 C:\\xampp\\htdocs\\doctoworld\\vendor\\laravel\\framework\\src\\Illuminate\\Database\\Connection.php(924): call_user_func(Object(Closure))
#7 C:\\xampp\\htdocs\\doctoworld\\vendor\\laravel\\framework\\src\\Illuminate\\Database\\Connection.php(457): Illuminate\\Database\\Connection->getPdo()
#8 C:\\xampp\\htdocs\\doctoworld\\vendor\\laravel\\framework\\src\\Illuminate\\Database\\Connection.php(662): Illuminate\\Database\\Connection->Illuminate\\Database\\{closure}('insert into `te...', Array)
#9 C:\\xampp\\htdocs\\doctoworld\\vendor\\laravel\\framework\\src\\Illuminate\\Database\\Connection.php(629): Illuminate\\Database\\Connection->runQueryCallback('insert into `te...', Array, Object(Closure))
#10 C:\\xampp\\htdocs\\doctoworld\\vendor\\laravel\\framework\\src\\Illuminate\\Database\\Connection.php(464): Illuminate\\Database\\Connection->run('insert into `te...', Array, Object(Closure))
#11 C:\\xampp\\htdocs\\doctoworld\\vendor\\laravel\\framework\\src\\Illuminate\\Database\\Connection.php(416): Illuminate\\Database\\Connection->statement('insert into `te...', Array)
#12 C:\\xampp\\htdocs\\doctoworld\\vendor\\laravel\\framework\\src\\Illuminate\\Database\\Query\\Builder.php(2661): Illuminate\\Database\\Connection->insert('insert into `te...', Array)
#13 C:\\xampp\\htdocs\\doctoworld\\vendor\\laravel\\telescope\\src\\Storage\\DatabaseEntriesRepository.php(148): Illuminate\\Database\\Query\\Builder->insert(Array)
#14 C:\\xampp\\htdocs\\doctoworld\\vendor\\laravel\\framework\\src\\Illuminate\\Support\\Traits\\EnumeratesValues.php(176): Laravel\\Telescope\\Storage\\DatabaseEntriesRepository->Laravel\\Telescope\\Storage\\{closure}(Object(Illuminate\\Support\\Collection), 0)
#15 C:\\xampp\\htdocs\\doctoworld\\vendor\\laravel\\telescope\\src\\Storage\\DatabaseEntriesRepository.php(149): Illuminate\\Support\\Collection->each(Object(Closure))
#16 C:\\xampp\\htdocs\\doctoworld\\vendor\\laravel\\telescope\\src\\Telescope.php(587): Laravel\\Telescope\\Storage\\DatabaseEntriesRepository->store(Object(Illuminate\\Support\\Collection))
#17 [internal function]: Laravel\\Telescope\\Telescope::Laravel\\Telescope\\{closure}()
#18 C:\\xampp\\htdocs\\doctoworld\\vendor\\laravel\\telescope\\src\\Telescope.php(231): call_user_func(Object(Closure))
#19 C:\\xampp\\htdocs\\doctoworld\\vendor\\laravel\\telescope\\src\\Telescope.php(598): Laravel\\Telescope\\Telescope::withoutRecording(Object(Closure))
#20 C:\\xampp\\htdocs\\doctoworld\\vendor\\laravel\\telescope\\src\\ListensForStorageOpportunities.php(44): Laravel\\Telescope\\Telescope::store(Object(Laravel\\Telescope\\Storage\\DatabaseEntriesRepository))
#21 C:\\xampp\\htdocs\\doctoworld\\vendor\\laravel\\framework\\src\\Illuminate\\Container\\BoundMethod.php(36): Laravel\\Telescope\\Telescope::Laravel\\Telescope\\{closure}()
#22 C:\\xampp\\htdocs\\doctoworld\\vendor\\laravel\\framework\\src\\Illuminate\\Container\\Util.php(37): Illuminate\\Container\\BoundMethod::Illuminate\\Container\\{closure}()
#23 C:\\xampp\\htdocs\\doctoworld\\vendor\\laravel\\framework\\src\\Illuminate\\Container\\BoundMethod.php(81): Illuminate\\Container\\Util::unwrapIfClosure(Object(Closure))
#24 C:\\xampp\\htdocs\\doctoworld\\vendor\\laravel\\framework\\src\\Illuminate\\Container\\BoundMethod.php(37): Illuminate\\Container\\BoundMethod::callBoundMethod(Object(Illuminate\\Foundation\\Application), Object(Closure), Object(Closure))
#25 C:\\xampp\\htdocs\\doctoworld\\vendor\\laravel\\framework\\src\\Illuminate\\Container\\Container.php(590): Illuminate\\Container\\BoundMethod::call(Object(Illuminate\\Foundation\\Application), Object(Closure), Array, NULL)
#26 C:\\xampp\\htdocs\\doctoworld\\vendor\\laravel\\framework\\src\\Illuminate\\Foundation\\Application.php(1067): Illuminate\\Container\\Container->call(Object(Closure))
#27 C:\\xampp\\htdocs\\doctoworld\\vendor\\laravel\\framework\\src\\Illuminate\\Foundation\\Http\\Kernel.php(185): Illuminate\\Foundation\\Application->terminate()
#28 C:\\xampp\\htdocs\\doctoworld\\public\\index.php(58): Illuminate\\Foundation\\Http\\Kernel->terminate(Object(Illuminate\\Http\\Request), Object(Illuminate\\Http\\Response))
#29 {main}

[previous exception] [object] (PDOException(code: 1049): SQLSTATE[HY000] [1049] Unknown database 'doctoworld' at C:\\xampp\\htdocs\\doctoworld\\vendor\\doctrine\\dbal\\lib\\Doctrine\\DBAL\\Driver\\PDOConnection.php:40)
[stacktrace]
#0 C:\\xampp\\htdocs\\doctoworld\\vendor\\doctrine\\dbal\\lib\\Doctrine\\DBAL\\Driver\\PDOConnection.php(40): PDO->__construct('mysql:host=127....', 'root', '', Array)
#1 C:\\xampp\\htdocs\\doctoworld\\vendor\\laravel\\framework\\src\\Illuminate\\Database\\Connectors\\Connector.php(67): Doctrine\\DBAL\\Driver\\PDOConnection->__construct('mysql:host=127....', 'root', '', Array)
#2 C:\\xampp\\htdocs\\doctoworld\\vendor\\laravel\\framework\\src\\Illuminate\\Database\\Connectors\\Connector.php(46): Illuminate\\Database\\Connectors\\Connector->createPdoConnection('mysql:host=127....', 'root', '', Array)
#3 C:\\xampp\\htdocs\\doctoworld\\vendor\\laravel\\framework\\src\\Illuminate\\Database\\Connectors\\MySqlConnector.php(24): Illuminate\\Database\\Connectors\\Connector->createConnection('mysql:host=127....', Array, Array)
#4 C:\\xampp\\htdocs\\doctoworld\\vendor\\laravel\\framework\\src\\Illuminate\\Database\\Connectors\\ConnectionFactory.php(182): Illuminate\\Database\\Connectors\\MySqlConnector->connect(Array)
#5 [internal function]: Illuminate\\Database\\Connectors\\ConnectionFactory->Illuminate\\Database\\Connectors\\{closure}()
#6 C:\\xampp\\htdocs\\doctoworld\\vendor\\laravel\\framework\\src\\Illuminate\\Database\\Connection.php(924): call_user_func(Object(Closure))
#7 C:\\xampp\\htdocs\\doctoworld\\vendor\\laravel\\framework\\src\\Illuminate\\Database\\Connection.php(457): Illuminate\\Database\\Connection->getPdo()
#8 C:\\xampp\\htdocs\\doctoworld\\vendor\\laravel\\framework\\src\\Illuminate\\Database\\Connection.php(662): Illuminate\\Database\\Connection->Illuminate\\Database\\{closure}('insert into `te...', Array)
#9 C:\\xampp\\htdocs\\doctoworld\\vendor\\laravel\\framework\\src\\Illuminate\\Database\\Connection.php(629): Illuminate\\Database\\Connection->runQueryCallback('insert into `te...', Array, Object(Closure))
#10 C:\\xampp\\htdocs\\doctoworld\\vendor\\laravel\\framework\\src\\Illuminate\\Database\\Connection.php(464): Illuminate\\Database\\Connection->run('insert into `te...', Array, Object(Closure))
#11 C:\\xampp\\htdocs\\doctoworld\\vendor\\laravel\\framework\\src\\Illuminate\\Database\\Connection.php(416): Illuminate\\Database\\Connection->statement('insert into `te...', Array)
#12 C:\\xampp\\htdocs\\doctoworld\\vendor\\laravel\\framework\\src\\Illuminate\\Database\\Query\\Builder.php(2661): Illuminate\\Database\\Connection->insert('insert into `te...', Array)
#13 C:\\xampp\\htdocs\\doctoworld\\vendor\\laravel\\telescope\\src\\Storage\\DatabaseEntriesRepository.php(148): Illuminate\\Database\\Query\\Builder->insert(Array)
#14 C:\\xampp\\htdocs\\doctoworld\\vendor\\laravel\\framework\\src\\Illuminate\\Support\\Traits\\EnumeratesValues.php(176): Laravel\\Telescope\\Storage\\DatabaseEntriesRepository->Laravel\\Telescope\\Storage\\{closure}(Object(Illuminate\\Support\\Collection), 0)
#15 C:\\xampp\\htdocs\\doctoworld\\vendor\\laravel\\telescope\\src\\Storage\\DatabaseEntriesRepository.php(149): Illuminate\\Support\\Collection->each(Object(Closure))
#16 C:\\xampp\\htdocs\\doctoworld\\vendor\\laravel\\telescope\\src\\Telescope.php(587): Laravel\\Telescope\\Storage\\DatabaseEntriesRepository->store(Object(Illuminate\\Support\\Collection))
#17 [internal function]: Laravel\\Telescope\\Telescope::Laravel\\Telescope\\{closure}()
#18 C:\\xampp\\htdocs\\doctoworld\\vendor\\laravel\\telescope\\src\\Telescope.php(231): call_user_func(Object(Closure))
#19 C:\\xampp\\htdocs\\doctoworld\\vendor\\laravel\\telescope\\src\\Telescope.php(598): Laravel\\Telescope\\Telescope::withoutRecording(Object(Closure))
#20 C:\\xampp\\htdocs\\doctoworld\\vendor\\laravel\\telescope\\src\\ListensForStorageOpportunities.php(44): Laravel\\Telescope\\Telescope::store(Object(Laravel\\Telescope\\Storage\\DatabaseEntriesRepository))
#21 C:\\xampp\\htdocs\\doctoworld\\vendor\\laravel\\framework\\src\\Illuminate\\Container\\BoundMethod.php(36): Laravel\\Telescope\\Telescope::Laravel\\Telescope\\{closure}()
#22 C:\\xampp\\htdocs\\doctoworld\\vendor\\laravel\\framework\\src\\Illuminate\\Container\\Util.php(37): Illuminate\\Container\\BoundMethod::Illuminate\\Container\\{closure}()
#23 C:\\xampp\\htdocs\\doctoworld\\vendor\\laravel\\framework\\src\\Illuminate\\Container\\BoundMethod.php(81): Illuminate\\Container\\Util::unwrapIfClosure(Object(Closure))
#24 C:\\xampp\\htdocs\\doctoworld\\vendor\\laravel\\framework\\src\\Illuminate\\Container\\BoundMethod.php(37): Illuminate\\Container\\BoundMethod::callBoundMethod(Object(Illuminate\\Foundation\\Application), Object(Closure), Object(Closure))
#25 C:\\xampp\\htdocs\\doctoworld\\vendor\\laravel\\framework\\src\\Illuminate\\Container\\Container.php(590): Illuminate\\Container\\BoundMethod::call(Object(Illuminate\\Foundation\\Application), Object(Closure), Array, NULL)
#26 C:\\xampp\\htdocs\\doctoworld\\vendor\\laravel\\framework\\src\\Illuminate\\Foundation\\Application.php(1067): Illuminate\\Container\\Container->call(Object(Closure))
#27 C:\\xampp\\htdocs\\doctoworld\\vendor\\laravel\\framework\\src\\Illuminate\\Foundation\\Http\\Kernel.php(185): Illuminate\\Foundation\\Application->terminate()
#28 C:\\xampp\\htdocs\\doctoworld\\public\\index.php(58): Illuminate\\Foundation\\Http\\Kernel->terminate(Object(Illuminate\\Http\\Request), Object(Illuminate\\Http\\Response))
#29 {main}
"} 
[2023-01-06 02:09:14] local.ERROR: SQLSTATE[HY000] [1049] Unknown database 'doctoworld' (SQL: insert into `telescope_entries` (`batch_id`, `content`, `created_at`, `family_hash`, `type`, `uuid`) values (9827e3f1-79f0-4610-bf24-a674abcbc5ed, {"requestId":"X760836b0a4d70668b166ffd99b040b4e","hostname":"LAPTOP-F91TQ22G"}, 2023-01-06 02:09:13, ?, debugbar, 9827e3f1-71a1-44ff-a533-ad641d8798c6), (9827e3f1-79f0-4610-bf24-a674abcbc5ed, {"ip_address":"::1","uri":"\/assets\/vendor\/landingpage\/vendors\/elagent\/style.css","method":"GET","controller_action":null,"middleware":[],"headers":{"host":"localhost","connection":"keep-alive","sec-ch-ua":"\"Opera GX\";v=\"93\", \"Not\/A)Brand\";v=\"8\", \"Chromium\";v=\"107\"","sec-ch-ua-mobile":"?0","user-agent":"Mozilla\/5.0 (Windows NT 10.0; Win64; x64) AppleWebKit\/537.36 (KHTML, like Gecko) Chrome\/107.0.0.0 Safari\/537.36 OPR\/93.0.0.0","sec-ch-ua-platform":"\"Windows\"","accept":"text\/css,*\/*;q=0.1","sec-fetch-site":"same-origin","sec-fetch-mode":"no-cors","sec-fetch-dest":"style","referer":"http:\/\/localhost\/doctoworld\/public\/","accept-encoding":"gzip, deflate, br","accept-language":"es-419,es;q=0.9,en-US;q=0.8,en;q=0.7","cookie":"ai_user=bb7IR|2022-02-23T15:46:36.705Z; __RequestVerificationToken=GBZQD_3etsHRgevJ-xQUiSteesg_ZnqCTlbsZucKm0ADTBGXfFDMX9ZyrsWimPrJmkEuY1FUAzp79lrcV5a4VcKoDK-z1J4mHR6VZH6oGzM1; ASP.NET_SessionId=notzfbeoac3zlsgsj3p4pnoa; .AspNet.ApplicationCookie=fTQqVZS-ZD1xnVP9ArF7p6A-q-Kb-NMmUexJB3o8FAVJNPF5uLYTH9MmVWvBQzrIOzfpnqxGw30oPHNgPqQnYFKG9gHksFdMs8a4JYC-Ekq5LfkzOK9joTvOIx5ZQTtIbfIGCnYDQUP06StMzOs00gS3HCRo5vSmDFYyXnOUUMToO2Ja9zlX8lK59A6oi74mr3n4C144guOao9V3t0ue8zjBK0FQVCLl2X-9sj9nVAVt82r6U55jWb-1pHpnjKMvE4ER8HYeiLlRKVqFYr4g6U_R_9il_bFgOKSNMMCKt8PdcHkKiTkGW9RlnphsL8ApfvD97z5vg_eTMKwQNiqIOmkkpqTkHGtnT1DPCVIpvnNz35XgmYHa7B75qhJqNUaHr3IDUHKnYKyPj-nY365taCuOhYW5k3hO_9cI1JvMcEI; _ga=GA1.1.1771863670.1669648806; _ga_80HKHQCSSP=GS1.1.1669648805.1.1.1669648814.0.0.0; XSRF-TOKEN=eyJpdiI6InU3cjNCRDlKRndJMHlTaWl3Tkoyb2c9PSIsInZhbHVlIjoiZHRaMklTbFdXSFwvS0Z5cVBldWFhcTZHSVwvTUZDYTZGRW84K2dUSU9xMnZZMDZFekhhbEZFQ3E3SWdpZzdnQTFTWmd3XC9KelA4cjVkMU1zOG4wMWxPY1IxVUhCVk5aXC9Ja2ZFZWZ4YnB4R01TR3NaSGltV2Z4UW13N1BhTURYaEk3IiwibWFjIjoiNDZkM2JmNDBiMTIxNDhkMWMxMmUzOWIyNzQ4ZjgzNjM0ZjFkY2UyYzE4YzBjYjk0NzExNDMwNWQxOGYyZjZkOSJ9; laravel_session=eyJpdiI6ImZwUm1MMmpWWUlJZFgrQUtZcjg4eEE9PSIsInZhbHVlIjoidlpMS0VpRWZmays3aWFXOWVRTUtHMWVtYzF6eFY2YWVIZ1lmUzZxM2RqXC9LdUFGOFJ3UFBHTTZocGt3N3JORlJrRjlXdGY4UUtKaHNseDZrOWlMenZMM2VKQnFaamNrUVl6UitLTytiaWxRckx3bmlUaUU1WmcxWDVxY0ZMd2xQIiwibWFjIjoiYjEyMDgyM2QxYTYyYjRhN2ZjMGRkYjAyYWRkZjcyZmUxNzlmMzhiYmY1ZjFhZjAzNjk2NDk1NzAyZDEyNzg5NCJ9"},"payload":[],"session":[],"response_status":404,"response":"HTML Response","duration":3577,"memory":14,"hostname":"LAPTOP-F91TQ22G"}, 2023-01-06 02:09:13, ?, request, 9827e3f1-77fb-4261-b86a-6ee2fdfe8552)) {"exception":"[object] (Illuminate\\Database\\QueryException(code: 1049): SQLSTATE[HY000] [1049] Unknown database 'doctoworld' (SQL: insert into `telescope_entries` (`batch_id`, `content`, `created_at`, `family_hash`, `type`, `uuid`) values (9827e3f1-79f0-4610-bf24-a674abcbc5ed, {\"requestId\":\"X760836b0a4d70668b166ffd99b040b4e\",\"hostname\":\"LAPTOP-F91TQ22G\"}, 2023-01-06 02:09:13, ?, debugbar, 9827e3f1-71a1-44ff-a533-ad641d8798c6), (9827e3f1-79f0-4610-bf24-a674abcbc5ed, {\"ip_address\":\"::1\",\"uri\":\"\\/assets\\/vendor\\/landingpage\\/vendors\\/elagent\\/style.css\",\"method\":\"GET\",\"controller_action\":null,\"middleware\":[],\"headers\":{\"host\":\"localhost\",\"connection\":\"keep-alive\",\"sec-ch-ua\":\"\\\"Opera GX\\\";v=\\\"93\\\", \\\"Not\\/A)Brand\\\";v=\\\"8\\\", \\\"Chromium\\\";v=\\\"107\\\"\",\"sec-ch-ua-mobile\":\"?0\",\"user-agent\":\"Mozilla\\/5.0 (Windows NT 10.0; Win64; x64) AppleWebKit\\/537.36 (KHTML, like Gecko) Chrome\\/107.0.0.0 Safari\\/537.36 OPR\\/93.0.0.0\",\"sec-ch-ua-platform\":\"\\\"Windows\\\"\",\"accept\":\"text\\/css,*\\/*;q=0.1\",\"sec-fetch-site\":\"same-origin\",\"sec-fetch-mode\":\"no-cors\",\"sec-fetch-dest\":\"style\",\"referer\":\"http:\\/\\/localhost\\/doctoworld\\/public\\/\",\"accept-encoding\":\"gzip, deflate, br\",\"accept-language\":\"es-419,es;q=0.9,en-US;q=0.8,en;q=0.7\",\"cookie\":\"ai_user=bb7IR|2022-02-23T15:46:36.705Z; __RequestVerificationToken=GBZQD_3etsHRgevJ-xQUiSteesg_ZnqCTlbsZucKm0ADTBGXfFDMX9ZyrsWimPrJmkEuY1FUAzp79lrcV5a4VcKoDK-z1J4mHR6VZH6oGzM1; ASP.NET_SessionId=notzfbeoac3zlsgsj3p4pnoa; .AspNet.ApplicationCookie=fTQqVZS-ZD1xnVP9ArF7p6A-q-Kb-NMmUexJB3o8FAVJNPF5uLYTH9MmVWvBQzrIOzfpnqxGw30oPHNgPqQnYFKG9gHksFdMs8a4JYC-Ekq5LfkzOK9joTvOIx5ZQTtIbfIGCnYDQUP06StMzOs00gS3HCRo5vSmDFYyXnOUUMToO2Ja9zlX8lK59A6oi74mr3n4C144guOao9V3t0ue8zjBK0FQVCLl2X-9sj9nVAVt82r6U55jWb-1pHpnjKMvE4ER8HYeiLlRKVqFYr4g6U_R_9il_bFgOKSNMMCKt8PdcHkKiTkGW9RlnphsL8ApfvD97z5vg_eTMKwQNiqIOmkkpqTkHGtnT1DPCVIpvnNz35XgmYHa7B75qhJqNUaHr3IDUHKnYKyPj-nY365taCuOhYW5k3hO_9cI1JvMcEI; _ga=GA1.1.1771863670.1669648806; _ga_80HKHQCSSP=GS1.1.1669648805.1.1.1669648814.0.0.0; XSRF-TOKEN=eyJpdiI6InU3cjNCRDlKRndJMHlTaWl3Tkoyb2c9PSIsInZhbHVlIjoiZHRaMklTbFdXSFwvS0Z5cVBldWFhcTZHSVwvTUZDYTZGRW84K2dUSU9xMnZZMDZFekhhbEZFQ3E3SWdpZzdnQTFTWmd3XC9KelA4cjVkMU1zOG4wMWxPY1IxVUhCVk5aXC9Ja2ZFZWZ4YnB4R01TR3NaSGltV2Z4UW13N1BhTURYaEk3IiwibWFjIjoiNDZkM2JmNDBiMTIxNDhkMWMxMmUzOWIyNzQ4ZjgzNjM0ZjFkY2UyYzE4YzBjYjk0NzExNDMwNWQxOGYyZjZkOSJ9; laravel_session=eyJpdiI6ImZwUm1MMmpWWUlJZFgrQUtZcjg4eEE9PSIsInZhbHVlIjoidlpMS0VpRWZmays3aWFXOWVRTUtHMWVtYzF6eFY2YWVIZ1lmUzZxM2RqXC9LdUFGOFJ3UFBHTTZocGt3N3JORlJrRjlXdGY4UUtKaHNseDZrOWlMenZMM2VKQnFaamNrUVl6UitLTytiaWxRckx3bmlUaUU1WmcxWDVxY0ZMd2xQIiwibWFjIjoiYjEyMDgyM2QxYTYyYjRhN2ZjMGRkYjAyYWRkZjcyZmUxNzlmMzhiYmY1ZjFhZjAzNjk2NDk1NzAyZDEyNzg5NCJ9\"},\"payload\":[],\"session\":[],\"response_status\":404,\"response\":\"HTML Response\",\"duration\":3577,\"memory\":14,\"hostname\":\"LAPTOP-F91TQ22G\"}, 2023-01-06 02:09:13, ?, request, 9827e3f1-77fb-4261-b86a-6ee2fdfe8552)) at C:\\xampp\\htdocs\\doctoworld\\vendor\\laravel\\framework\\src\\Illuminate\\Database\\Connection.php:669)
[stacktrace]
#0 C:\\xampp\\htdocs\\doctoworld\\vendor\\laravel\\framework\\src\\Illuminate\\Database\\Connection.php(629): Illuminate\\Database\\Connection->runQueryCallback('insert into `te...', Array, Object(Closure))
#1 C:\\xampp\\htdocs\\doctoworld\\vendor\\laravel\\framework\\src\\Illuminate\\Database\\Connection.php(464): Illuminate\\Database\\Connection->run('insert into `te...', Array, Object(Closure))
#2 C:\\xampp\\htdocs\\doctoworld\\vendor\\laravel\\framework\\src\\Illuminate\\Database\\Connection.php(416): Illuminate\\Database\\Connection->statement('insert into `te...', Array)
#3 C:\\xampp\\htdocs\\doctoworld\\vendor\\laravel\\framework\\src\\Illuminate\\Database\\Query\\Builder.php(2661): Illuminate\\Database\\Connection->insert('insert into `te...', Array)
#4 C:\\xampp\\htdocs\\doctoworld\\vendor\\laravel\\telescope\\src\\Storage\\DatabaseEntriesRepository.php(148): Illuminate\\Database\\Query\\Builder->insert(Array)
#5 C:\\xampp\\htdocs\\doctoworld\\vendor\\laravel\\framework\\src\\Illuminate\\Support\\Traits\\EnumeratesValues.php(176): Laravel\\Telescope\\Storage\\DatabaseEntriesRepository->Laravel\\Telescope\\Storage\\{closure}(Object(Illuminate\\Support\\Collection), 0)
#6 C:\\xampp\\htdocs\\doctoworld\\vendor\\laravel\\telescope\\src\\Storage\\DatabaseEntriesRepository.php(149): Illuminate\\Support\\Collection->each(Object(Closure))
#7 C:\\xampp\\htdocs\\doctoworld\\vendor\\laravel\\telescope\\src\\Telescope.php(587): Laravel\\Telescope\\Storage\\DatabaseEntriesRepository->store(Object(Illuminate\\Support\\Collection))
#8 [internal function]: Laravel\\Telescope\\Telescope::Laravel\\Telescope\\{closure}()
#9 C:\\xampp\\htdocs\\doctoworld\\vendor\\laravel\\telescope\\src\\Telescope.php(231): call_user_func(Object(Closure))
#10 C:\\xampp\\htdocs\\doctoworld\\vendor\\laravel\\telescope\\src\\Telescope.php(598): Laravel\\Telescope\\Telescope::withoutRecording(Object(Closure))
#11 C:\\xampp\\htdocs\\doctoworld\\vendor\\laravel\\telescope\\src\\ListensForStorageOpportunities.php(44): Laravel\\Telescope\\Telescope::store(Object(Laravel\\Telescope\\Storage\\DatabaseEntriesRepository))
#12 C:\\xampp\\htdocs\\doctoworld\\vendor\\laravel\\framework\\src\\Illuminate\\Container\\BoundMethod.php(36): Laravel\\Telescope\\Telescope::Laravel\\Telescope\\{closure}()
#13 C:\\xampp\\htdocs\\doctoworld\\vendor\\laravel\\framework\\src\\Illuminate\\Container\\Util.php(37): Illuminate\\Container\\BoundMethod::Illuminate\\Container\\{closure}()
#14 C:\\xampp\\htdocs\\doctoworld\\vendor\\laravel\\framework\\src\\Illuminate\\Container\\BoundMethod.php(81): Illuminate\\Container\\Util::unwrapIfClosure(Object(Closure))
#15 C:\\xampp\\htdocs\\doctoworld\\vendor\\laravel\\framework\\src\\Illuminate\\Container\\BoundMethod.php(37): Illuminate\\Container\\BoundMethod::callBoundMethod(Object(Illuminate\\Foundation\\Application), Object(Closure), Object(Closure))
#16 C:\\xampp\\htdocs\\doctoworld\\vendor\\laravel\\framework\\src\\Illuminate\\Container\\Container.php(590): Illuminate\\Container\\BoundMethod::call(Object(Illuminate\\Foundation\\Application), Object(Closure), Array, NULL)
#17 C:\\xampp\\htdocs\\doctoworld\\vendor\\laravel\\framework\\src\\Illuminate\\Foundation\\Application.php(1067): Illuminate\\Container\\Container->call(Object(Closure))
#18 C:\\xampp\\htdocs\\doctoworld\\vendor\\laravel\\framework\\src\\Illuminate\\Foundation\\Http\\Kernel.php(185): Illuminate\\Foundation\\Application->terminate()
#19 C:\\xampp\\htdocs\\doctoworld\\public\\index.php(58): Illuminate\\Foundation\\Http\\Kernel->terminate(Object(Illuminate\\Http\\Request), Object(Illuminate\\Http\\Response))
#20 {main}

[previous exception] [object] (Doctrine\\DBAL\\Driver\\PDO\\Exception(code: 1049): SQLSTATE[HY000] [1049] Unknown database 'doctoworld' at C:\\xampp\\htdocs\\doctoworld\\vendor\\doctrine\\dbal\\lib\\Doctrine\\DBAL\\Driver\\PDO\\Exception.php:18)
[stacktrace]
#0 C:\\xampp\\htdocs\\doctoworld\\vendor\\doctrine\\dbal\\lib\\Doctrine\\DBAL\\Driver\\PDOConnection.php(44): Doctrine\\DBAL\\Driver\\PDO\\Exception::new(Object(PDOException))
#1 C:\\xampp\\htdocs\\doctoworld\\vendor\\laravel\\framework\\src\\Illuminate\\Database\\Connectors\\Connector.php(67): Doctrine\\DBAL\\Driver\\PDOConnection->__construct('mysql:host=127....', 'root', '', Array)
#2 C:\\xampp\\htdocs\\doctoworld\\vendor\\laravel\\framework\\src\\Illuminate\\Database\\Connectors\\Connector.php(46): Illuminate\\Database\\Connectors\\Connector->createPdoConnection('mysql:host=127....', 'root', '', Array)
#3 C:\\xampp\\htdocs\\doctoworld\\vendor\\laravel\\framework\\src\\Illuminate\\Database\\Connectors\\MySqlConnector.php(24): Illuminate\\Database\\Connectors\\Connector->createConnection('mysql:host=127....', Array, Array)
#4 C:\\xampp\\htdocs\\doctoworld\\vendor\\laravel\\framework\\src\\Illuminate\\Database\\Connectors\\ConnectionFactory.php(182): Illuminate\\Database\\Connectors\\MySqlConnector->connect(Array)
#5 [internal function]: Illuminate\\Database\\Connectors\\ConnectionFactory->Illuminate\\Database\\Connectors\\{closure}()
#6 C:\\xampp\\htdocs\\doctoworld\\vendor\\laravel\\framework\\src\\Illuminate\\Database\\Connection.php(924): call_user_func(Object(Closure))
#7 C:\\xampp\\htdocs\\doctoworld\\vendor\\laravel\\framework\\src\\Illuminate\\Database\\Connection.php(457): Illuminate\\Database\\Connection->getPdo()
#8 C:\\xampp\\htdocs\\doctoworld\\vendor\\laravel\\framework\\src\\Illuminate\\Database\\Connection.php(662): Illuminate\\Database\\Connection->Illuminate\\Database\\{closure}('insert into `te...', Array)
#9 C:\\xampp\\htdocs\\doctoworld\\vendor\\laravel\\framework\\src\\Illuminate\\Database\\Connection.php(629): Illuminate\\Database\\Connection->runQueryCallback('insert into `te...', Array, Object(Closure))
#10 C:\\xampp\\htdocs\\doctoworld\\vendor\\laravel\\framework\\src\\Illuminate\\Database\\Connection.php(464): Illuminate\\Database\\Connection->run('insert into `te...', Array, Object(Closure))
#11 C:\\xampp\\htdocs\\doctoworld\\vendor\\laravel\\framework\\src\\Illuminate\\Database\\Connection.php(416): Illuminate\\Database\\Connection->statement('insert into `te...', Array)
#12 C:\\xampp\\htdocs\\doctoworld\\vendor\\laravel\\framework\\src\\Illuminate\\Database\\Query\\Builder.php(2661): Illuminate\\Database\\Connection->insert('insert into `te...', Array)
#13 C:\\xampp\\htdocs\\doctoworld\\vendor\\laravel\\telescope\\src\\Storage\\DatabaseEntriesRepository.php(148): Illuminate\\Database\\Query\\Builder->insert(Array)
#14 C:\\xampp\\htdocs\\doctoworld\\vendor\\laravel\\framework\\src\\Illuminate\\Support\\Traits\\EnumeratesValues.php(176): Laravel\\Telescope\\Storage\\DatabaseEntriesRepository->Laravel\\Telescope\\Storage\\{closure}(Object(Illuminate\\Support\\Collection), 0)
#15 C:\\xampp\\htdocs\\doctoworld\\vendor\\laravel\\telescope\\src\\Storage\\DatabaseEntriesRepository.php(149): Illuminate\\Support\\Collection->each(Object(Closure))
#16 C:\\xampp\\htdocs\\doctoworld\\vendor\\laravel\\telescope\\src\\Telescope.php(587): Laravel\\Telescope\\Storage\\DatabaseEntriesRepository->store(Object(Illuminate\\Support\\Collection))
#17 [internal function]: Laravel\\Telescope\\Telescope::Laravel\\Telescope\\{closure}()
#18 C:\\xampp\\htdocs\\doctoworld\\vendor\\laravel\\telescope\\src\\Telescope.php(231): call_user_func(Object(Closure))
#19 C:\\xampp\\htdocs\\doctoworld\\vendor\\laravel\\telescope\\src\\Telescope.php(598): Laravel\\Telescope\\Telescope::withoutRecording(Object(Closure))
#20 C:\\xampp\\htdocs\\doctoworld\\vendor\\laravel\\telescope\\src\\ListensForStorageOpportunities.php(44): Laravel\\Telescope\\Telescope::store(Object(Laravel\\Telescope\\Storage\\DatabaseEntriesRepository))
#21 C:\\xampp\\htdocs\\doctoworld\\vendor\\laravel\\framework\\src\\Illuminate\\Container\\BoundMethod.php(36): Laravel\\Telescope\\Telescope::Laravel\\Telescope\\{closure}()
#22 C:\\xampp\\htdocs\\doctoworld\\vendor\\laravel\\framework\\src\\Illuminate\\Container\\Util.php(37): Illuminate\\Container\\BoundMethod::Illuminate\\Container\\{closure}()
#23 C:\\xampp\\htdocs\\doctoworld\\vendor\\laravel\\framework\\src\\Illuminate\\Container\\BoundMethod.php(81): Illuminate\\Container\\Util::unwrapIfClosure(Object(Closure))
#24 C:\\xampp\\htdocs\\doctoworld\\vendor\\laravel\\framework\\src\\Illuminate\\Container\\BoundMethod.php(37): Illuminate\\Container\\BoundMethod::callBoundMethod(Object(Illuminate\\Foundation\\Application), Object(Closure), Object(Closure))
#25 C:\\xampp\\htdocs\\doctoworld\\vendor\\laravel\\framework\\src\\Illuminate\\Container\\Container.php(590): Illuminate\\Container\\BoundMethod::call(Object(Illuminate\\Foundation\\Application), Object(Closure), Array, NULL)
#26 C:\\xampp\\htdocs\\doctoworld\\vendor\\laravel\\framework\\src\\Illuminate\\Foundation\\Application.php(1067): Illuminate\\Container\\Container->call(Object(Closure))
#27 C:\\xampp\\htdocs\\doctoworld\\vendor\\laravel\\framework\\src\\Illuminate\\Foundation\\Http\\Kernel.php(185): Illuminate\\Foundation\\Application->terminate()
#28 C:\\xampp\\htdocs\\doctoworld\\public\\index.php(58): Illuminate\\Foundation\\Http\\Kernel->terminate(Object(Illuminate\\Http\\Request), Object(Illuminate\\Http\\Response))
#29 {main}

[previous exception] [object] (PDOException(code: 1049): SQLSTATE[HY000] [1049] Unknown database 'doctoworld' at C:\\xampp\\htdocs\\doctoworld\\vendor\\doctrine\\dbal\\lib\\Doctrine\\DBAL\\Driver\\PDOConnection.php:40)
[stacktrace]
#0 C:\\xampp\\htdocs\\doctoworld\\vendor\\doctrine\\dbal\\lib\\Doctrine\\DBAL\\Driver\\PDOConnection.php(40): PDO->__construct('mysql:host=127....', 'root', '', Array)
#1 C:\\xampp\\htdocs\\doctoworld\\vendor\\laravel\\framework\\src\\Illuminate\\Database\\Connectors\\Connector.php(67): Doctrine\\DBAL\\Driver\\PDOConnection->__construct('mysql:host=127....', 'root', '', Array)
#2 C:\\xampp\\htdocs\\doctoworld\\vendor\\laravel\\framework\\src\\Illuminate\\Database\\Connectors\\Connector.php(46): Illuminate\\Database\\Connectors\\Connector->createPdoConnection('mysql:host=127....', 'root', '', Array)
#3 C:\\xampp\\htdocs\\doctoworld\\vendor\\laravel\\framework\\src\\Illuminate\\Database\\Connectors\\MySqlConnector.php(24): Illuminate\\Database\\Connectors\\Connector->createConnection('mysql:host=127....', Array, Array)
#4 C:\\xampp\\htdocs\\doctoworld\\vendor\\laravel\\framework\\src\\Illuminate\\Database\\Connectors\\ConnectionFactory.php(182): Illuminate\\Database\\Connectors\\MySqlConnector->connect(Array)
#5 [internal function]: Illuminate\\Database\\Connectors\\ConnectionFactory->Illuminate\\Database\\Connectors\\{closure}()
#6 C:\\xampp\\htdocs\\doctoworld\\vendor\\laravel\\framework\\src\\Illuminate\\Database\\Connection.php(924): call_user_func(Object(Closure))
#7 C:\\xampp\\htdocs\\doctoworld\\vendor\\laravel\\framework\\src\\Illuminate\\Database\\Connection.php(457): Illuminate\\Database\\Connection->getPdo()
#8 C:\\xampp\\htdocs\\doctoworld\\vendor\\laravel\\framework\\src\\Illuminate\\Database\\Connection.php(662): Illuminate\\Database\\Connection->Illuminate\\Database\\{closure}('insert into `te...', Array)
#9 C:\\xampp\\htdocs\\doctoworld\\vendor\\laravel\\framework\\src\\Illuminate\\Database\\Connection.php(629): Illuminate\\Database\\Connection->runQueryCallback('insert into `te...', Array, Object(Closure))
#10 C:\\xampp\\htdocs\\doctoworld\\vendor\\laravel\\framework\\src\\Illuminate\\Database\\Connection.php(464): Illuminate\\Database\\Connection->run('insert into `te...', Array, Object(Closure))
#11 C:\\xampp\\htdocs\\doctoworld\\vendor\\laravel\\framework\\src\\Illuminate\\Database\\Connection.php(416): Illuminate\\Database\\Connection->statement('insert into `te...', Array)
#12 C:\\xampp\\htdocs\\doctoworld\\vendor\\laravel\\framework\\src\\Illuminate\\Database\\Query\\Builder.php(2661): Illuminate\\Database\\Connection->insert('insert into `te...', Array)
#13 C:\\xampp\\htdocs\\doctoworld\\vendor\\laravel\\telescope\\src\\Storage\\DatabaseEntriesRepository.php(148): Illuminate\\Database\\Query\\Builder->insert(Array)
#14 C:\\xampp\\htdocs\\doctoworld\\vendor\\laravel\\framework\\src\\Illuminate\\Support\\Traits\\EnumeratesValues.php(176): Laravel\\Telescope\\Storage\\DatabaseEntriesRepository->Laravel\\Telescope\\Storage\\{closure}(Object(Illuminate\\Support\\Collection), 0)
#15 C:\\xampp\\htdocs\\doctoworld\\vendor\\laravel\\telescope\\src\\Storage\\DatabaseEntriesRepository.php(149): Illuminate\\Support\\Collection->each(Object(Closure))
#16 C:\\xampp\\htdocs\\doctoworld\\vendor\\laravel\\telescope\\src\\Telescope.php(587): Laravel\\Telescope\\Storage\\DatabaseEntriesRepository->store(Object(Illuminate\\Support\\Collection))
#17 [internal function]: Laravel\\Telescope\\Telescope::Laravel\\Telescope\\{closure}()
#18 C:\\xampp\\htdocs\\doctoworld\\vendor\\laravel\\telescope\\src\\Telescope.php(231): call_user_func(Object(Closure))
#19 C:\\xampp\\htdocs\\doctoworld\\vendor\\laravel\\telescope\\src\\Telescope.php(598): Laravel\\Telescope\\Telescope::withoutRecording(Object(Closure))
#20 C:\\xampp\\htdocs\\doctoworld\\vendor\\laravel\\telescope\\src\\ListensForStorageOpportunities.php(44): Laravel\\Telescope\\Telescope::store(Object(Laravel\\Telescope\\Storage\\DatabaseEntriesRepository))
#21 C:\\xampp\\htdocs\\doctoworld\\vendor\\laravel\\framework\\src\\Illuminate\\Container\\BoundMethod.php(36): Laravel\\Telescope\\Telescope::Laravel\\Telescope\\{closure}()
#22 C:\\xampp\\htdocs\\doctoworld\\vendor\\laravel\\framework\\src\\Illuminate\\Container\\Util.php(37): Illuminate\\Container\\BoundMethod::Illuminate\\Container\\{closure}()
#23 C:\\xampp\\htdocs\\doctoworld\\vendor\\laravel\\framework\\src\\Illuminate\\Container\\BoundMethod.php(81): Illuminate\\Container\\Util::unwrapIfClosure(Object(Closure))
#24 C:\\xampp\\htdocs\\doctoworld\\vendor\\laravel\\framework\\src\\Illuminate\\Container\\BoundMethod.php(37): Illuminate\\Container\\BoundMethod::callBoundMethod(Object(Illuminate\\Foundation\\Application), Object(Closure), Object(Closure))
#25 C:\\xampp\\htdocs\\doctoworld\\vendor\\laravel\\framework\\src\\Illuminate\\Container\\Container.php(590): Illuminate\\Container\\BoundMethod::call(Object(Illuminate\\Foundation\\Application), Object(Closure), Array, NULL)
#26 C:\\xampp\\htdocs\\doctoworld\\vendor\\laravel\\framework\\src\\Illuminate\\Foundation\\Application.php(1067): Illuminate\\Container\\Container->call(Object(Closure))
#27 C:\\xampp\\htdocs\\doctoworld\\vendor\\laravel\\framework\\src\\Illuminate\\Foundation\\Http\\Kernel.php(185): Illuminate\\Foundation\\Application->terminate()
#28 C:\\xampp\\htdocs\\doctoworld\\public\\index.php(58): Illuminate\\Foundation\\Http\\Kernel->terminate(Object(Illuminate\\Http\\Request), Object(Illuminate\\Http\\Response))
#29 {main}
"} 
[2023-01-06 02:09:15] local.ERROR: SQLSTATE[HY000] [1049] Unknown database 'doctoworld' (SQL: insert into `telescope_entries` (`batch_id`, `content`, `created_at`, `family_hash`, `type`, `uuid`) values (9827e3f4-6b9b-4e87-b7bc-99f27ab9bf2f, {"requestId":"Xf96297ab90d4b88b68a318e0d996515a","hostname":"LAPTOP-F91TQ22G"}, 2023-01-06 02:09:15, ?, debugbar, 9827e3f4-602e-4959-a8be-706418e5d8a6), (9827e3f4-6b9b-4e87-b7bc-99f27ab9bf2f, {"ip_address":"::1","uri":"\/assets\/vendor\/landingpage\/vendors\/isotope\/isotope-min.js","method":"GET","controller_action":null,"middleware":[],"headers":{"host":"localhost","connection":"keep-alive","sec-ch-ua":"\"Opera GX\";v=\"93\", \"Not\/A)Brand\";v=\"8\", \"Chromium\";v=\"107\"","sec-ch-ua-mobile":"?0","user-agent":"Mozilla\/5.0 (Windows NT 10.0; Win64; x64) AppleWebKit\/537.36 (KHTML, like Gecko) Chrome\/107.0.0.0 Safari\/537.36 OPR\/93.0.0.0","sec-ch-ua-platform":"\"Windows\"","accept":"*\/*","sec-fetch-site":"same-origin","sec-fetch-mode":"no-cors","sec-fetch-dest":"script","referer":"http:\/\/localhost\/doctoworld\/public\/","accept-encoding":"gzip, deflate, br","accept-language":"es-419,es;q=0.9,en-US;q=0.8,en;q=0.7","cookie":"ai_user=bb7IR|2022-02-23T15:46:36.705Z; __RequestVerificationToken=GBZQD_3etsHRgevJ-xQUiSteesg_ZnqCTlbsZucKm0ADTBGXfFDMX9ZyrsWimPrJmkEuY1FUAzp79lrcV5a4VcKoDK-z1J4mHR6VZH6oGzM1; ASP.NET_SessionId=notzfbeoac3zlsgsj3p4pnoa; .AspNet.ApplicationCookie=fTQqVZS-ZD1xnVP9ArF7p6A-q-Kb-NMmUexJB3o8FAVJNPF5uLYTH9MmVWvBQzrIOzfpnqxGw30oPHNgPqQnYFKG9gHksFdMs8a4JYC-Ekq5LfkzOK9joTvOIx5ZQTtIbfIGCnYDQUP06StMzOs00gS3HCRo5vSmDFYyXnOUUMToO2Ja9zlX8lK59A6oi74mr3n4C144guOao9V3t0ue8zjBK0FQVCLl2X-9sj9nVAVt82r6U55jWb-1pHpnjKMvE4ER8HYeiLlRKVqFYr4g6U_R_9il_bFgOKSNMMCKt8PdcHkKiTkGW9RlnphsL8ApfvD97z5vg_eTMKwQNiqIOmkkpqTkHGtnT1DPCVIpvnNz35XgmYHa7B75qhJqNUaHr3IDUHKnYKyPj-nY365taCuOhYW5k3hO_9cI1JvMcEI; _ga=GA1.1.1771863670.1669648806; _ga_80HKHQCSSP=GS1.1.1669648805.1.1.1669648814.0.0.0; XSRF-TOKEN=eyJpdiI6InU3cjNCRDlKRndJMHlTaWl3Tkoyb2c9PSIsInZhbHVlIjoiZHRaMklTbFdXSFwvS0Z5cVBldWFhcTZHSVwvTUZDYTZGRW84K2dUSU9xMnZZMDZFekhhbEZFQ3E3SWdpZzdnQTFTWmd3XC9KelA4cjVkMU1zOG4wMWxPY1IxVUhCVk5aXC9Ja2ZFZWZ4YnB4R01TR3NaSGltV2Z4UW13N1BhTURYaEk3IiwibWFjIjoiNDZkM2JmNDBiMTIxNDhkMWMxMmUzOWIyNzQ4ZjgzNjM0ZjFkY2UyYzE4YzBjYjk0NzExNDMwNWQxOGYyZjZkOSJ9; laravel_session=eyJpdiI6ImZwUm1MMmpWWUlJZFgrQUtZcjg4eEE9PSIsInZhbHVlIjoidlpMS0VpRWZmays3aWFXOWVRTUtHMWVtYzF6eFY2YWVIZ1lmUzZxM2RqXC9LdUFGOFJ3UFBHTTZocGt3N3JORlJrRjlXdGY4UUtKaHNseDZrOWlMenZMM2VKQnFaamNrUVl6UitLTytiaWxRckx3bmlUaUU1WmcxWDVxY0ZMd2xQIiwibWFjIjoiYjEyMDgyM2QxYTYyYjRhN2ZjMGRkYjAyYWRkZjcyZmUxNzlmMzhiYmY1ZjFhZjAzNjk2NDk1NzAyZDEyNzg5NCJ9"},"payload":[],"session":[],"response_status":404,"response":"HTML Response","duration":1585,"memory":8,"hostname":"LAPTOP-F91TQ22G"}, 2023-01-06 02:09:15, ?, request, 9827e3f4-68a6-4543-9907-4281be11723a)) {"exception":"[object] (Illuminate\\Database\\QueryException(code: 1049): SQLSTATE[HY000] [1049] Unknown database 'doctoworld' (SQL: insert into `telescope_entries` (`batch_id`, `content`, `created_at`, `family_hash`, `type`, `uuid`) values (9827e3f4-6b9b-4e87-b7bc-99f27ab9bf2f, {\"requestId\":\"Xf96297ab90d4b88b68a318e0d996515a\",\"hostname\":\"LAPTOP-F91TQ22G\"}, 2023-01-06 02:09:15, ?, debugbar, 9827e3f4-602e-4959-a8be-706418e5d8a6), (9827e3f4-6b9b-4e87-b7bc-99f27ab9bf2f, {\"ip_address\":\"::1\",\"uri\":\"\\/assets\\/vendor\\/landingpage\\/vendors\\/isotope\\/isotope-min.js\",\"method\":\"GET\",\"controller_action\":null,\"middleware\":[],\"headers\":{\"host\":\"localhost\",\"connection\":\"keep-alive\",\"sec-ch-ua\":\"\\\"Opera GX\\\";v=\\\"93\\\", \\\"Not\\/A)Brand\\\";v=\\\"8\\\", \\\"Chromium\\\";v=\\\"107\\\"\",\"sec-ch-ua-mobile\":\"?0\",\"user-agent\":\"Mozilla\\/5.0 (Windows NT 10.0; Win64; x64) AppleWebKit\\/537.36 (KHTML, like Gecko) Chrome\\/107.0.0.0 Safari\\/537.36 OPR\\/93.0.0.0\",\"sec-ch-ua-platform\":\"\\\"Windows\\\"\",\"accept\":\"*\\/*\",\"sec-fetch-site\":\"same-origin\",\"sec-fetch-mode\":\"no-cors\",\"sec-fetch-dest\":\"script\",\"referer\":\"http:\\/\\/localhost\\/doctoworld\\/public\\/\",\"accept-encoding\":\"gzip, deflate, br\",\"accept-language\":\"es-419,es;q=0.9,en-US;q=0.8,en;q=0.7\",\"cookie\":\"ai_user=bb7IR|2022-02-23T15:46:36.705Z; __RequestVerificationToken=GBZQD_3etsHRgevJ-xQUiSteesg_ZnqCTlbsZucKm0ADTBGXfFDMX9ZyrsWimPrJmkEuY1FUAzp79lrcV5a4VcKoDK-z1J4mHR6VZH6oGzM1; ASP.NET_SessionId=notzfbeoac3zlsgsj3p4pnoa; .AspNet.ApplicationCookie=fTQqVZS-ZD1xnVP9ArF7p6A-q-Kb-NMmUexJB3o8FAVJNPF5uLYTH9MmVWvBQzrIOzfpnqxGw30oPHNgPqQnYFKG9gHksFdMs8a4JYC-Ekq5LfkzOK9joTvOIx5ZQTtIbfIGCnYDQUP06StMzOs00gS3HCRo5vSmDFYyXnOUUMToO2Ja9zlX8lK59A6oi74mr3n4C144guOao9V3t0ue8zjBK0FQVCLl2X-9sj9nVAVt82r6U55jWb-1pHpnjKMvE4ER8HYeiLlRKVqFYr4g6U_R_9il_bFgOKSNMMCKt8PdcHkKiTkGW9RlnphsL8ApfvD97z5vg_eTMKwQNiqIOmkkpqTkHGtnT1DPCVIpvnNz35XgmYHa7B75qhJqNUaHr3IDUHKnYKyPj-nY365taCuOhYW5k3hO_9cI1JvMcEI; _ga=GA1.1.1771863670.1669648806; _ga_80HKHQCSSP=GS1.1.1669648805.1.1.1669648814.0.0.0; XSRF-TOKEN=eyJpdiI6InU3cjNCRDlKRndJMHlTaWl3Tkoyb2c9PSIsInZhbHVlIjoiZHRaMklTbFdXSFwvS0Z5cVBldWFhcTZHSVwvTUZDYTZGRW84K2dUSU9xMnZZMDZFekhhbEZFQ3E3SWdpZzdnQTFTWmd3XC9KelA4cjVkMU1zOG4wMWxPY1IxVUhCVk5aXC9Ja2ZFZWZ4YnB4R01TR3NaSGltV2Z4UW13N1BhTURYaEk3IiwibWFjIjoiNDZkM2JmNDBiMTIxNDhkMWMxMmUzOWIyNzQ4ZjgzNjM0ZjFkY2UyYzE4YzBjYjk0NzExNDMwNWQxOGYyZjZkOSJ9; laravel_session=eyJpdiI6ImZwUm1MMmpWWUlJZFgrQUtZcjg4eEE9PSIsInZhbHVlIjoidlpMS0VpRWZmays3aWFXOWVRTUtHMWVtYzF6eFY2YWVIZ1lmUzZxM2RqXC9LdUFGOFJ3UFBHTTZocGt3N3JORlJrRjlXdGY4UUtKaHNseDZrOWlMenZMM2VKQnFaamNrUVl6UitLTytiaWxRckx3bmlUaUU1WmcxWDVxY0ZMd2xQIiwibWFjIjoiYjEyMDgyM2QxYTYyYjRhN2ZjMGRkYjAyYWRkZjcyZmUxNzlmMzhiYmY1ZjFhZjAzNjk2NDk1NzAyZDEyNzg5NCJ9\"},\"payload\":[],\"session\":[],\"response_status\":404,\"response\":\"HTML Response\",\"duration\":1585,\"memory\":8,\"hostname\":\"LAPTOP-F91TQ22G\"}, 2023-01-06 02:09:15, ?, request, 9827e3f4-68a6-4543-9907-4281be11723a)) at C:\\xampp\\htdocs\\doctoworld\\vendor\\laravel\\framework\\src\\Illuminate\\Database\\Connection.php:669)
[stacktrace]
#0 C:\\xampp\\htdocs\\doctoworld\\vendor\\laravel\\framework\\src\\Illuminate\\Database\\Connection.php(629): Illuminate\\Database\\Connection->runQueryCallback('insert into `te...', Array, Object(Closure))
#1 C:\\xampp\\htdocs\\doctoworld\\vendor\\laravel\\framework\\src\\Illuminate\\Database\\Connection.php(464): Illuminate\\Database\\Connection->run('insert into `te...', Array, Object(Closure))
#2 C:\\xampp\\htdocs\\doctoworld\\vendor\\laravel\\framework\\src\\Illuminate\\Database\\Connection.php(416): Illuminate\\Database\\Connection->statement('insert into `te...', Array)
#3 C:\\xampp\\htdocs\\doctoworld\\vendor\\laravel\\framework\\src\\Illuminate\\Database\\Query\\Builder.php(2661): Illuminate\\Database\\Connection->insert('insert into `te...', Array)
#4 C:\\xampp\\htdocs\\doctoworld\\vendor\\laravel\\telescope\\src\\Storage\\DatabaseEntriesRepository.php(148): Illuminate\\Database\\Query\\Builder->insert(Array)
#5 C:\\xampp\\htdocs\\doctoworld\\vendor\\laravel\\framework\\src\\Illuminate\\Support\\Traits\\EnumeratesValues.php(176): Laravel\\Telescope\\Storage\\DatabaseEntriesRepository->Laravel\\Telescope\\Storage\\{closure}(Object(Illuminate\\Support\\Collection), 0)
#6 C:\\xampp\\htdocs\\doctoworld\\vendor\\laravel\\telescope\\src\\Storage\\DatabaseEntriesRepository.php(149): Illuminate\\Support\\Collection->each(Object(Closure))
#7 C:\\xampp\\htdocs\\doctoworld\\vendor\\laravel\\telescope\\src\\Telescope.php(587): Laravel\\Telescope\\Storage\\DatabaseEntriesRepository->store(Object(Illuminate\\Support\\Collection))
#8 [internal function]: Laravel\\Telescope\\Telescope::Laravel\\Telescope\\{closure}()
#9 C:\\xampp\\htdocs\\doctoworld\\vendor\\laravel\\telescope\\src\\Telescope.php(231): call_user_func(Object(Closure))
#10 C:\\xampp\\htdocs\\doctoworld\\vendor\\laravel\\telescope\\src\\Telescope.php(598): Laravel\\Telescope\\Telescope::withoutRecording(Object(Closure))
#11 C:\\xampp\\htdocs\\doctoworld\\vendor\\laravel\\telescope\\src\\ListensForStorageOpportunities.php(44): Laravel\\Telescope\\Telescope::store(Object(Laravel\\Telescope\\Storage\\DatabaseEntriesRepository))
#12 C:\\xampp\\htdocs\\doctoworld\\vendor\\laravel\\framework\\src\\Illuminate\\Container\\BoundMethod.php(36): Laravel\\Telescope\\Telescope::Laravel\\Telescope\\{closure}()
#13 C:\\xampp\\htdocs\\doctoworld\\vendor\\laravel\\framework\\src\\Illuminate\\Container\\Util.php(37): Illuminate\\Container\\BoundMethod::Illuminate\\Container\\{closure}()
#14 C:\\xampp\\htdocs\\doctoworld\\vendor\\laravel\\framework\\src\\Illuminate\\Container\\BoundMethod.php(81): Illuminate\\Container\\Util::unwrapIfClosure(Object(Closure))
#15 C:\\xampp\\htdocs\\doctoworld\\vendor\\laravel\\framework\\src\\Illuminate\\Container\\BoundMethod.php(37): Illuminate\\Container\\BoundMethod::callBoundMethod(Object(Illuminate\\Foundation\\Application), Object(Closure), Object(Closure))
#16 C:\\xampp\\htdocs\\doctoworld\\vendor\\laravel\\framework\\src\\Illuminate\\Container\\Container.php(590): Illuminate\\Container\\BoundMethod::call(Object(Illuminate\\Foundation\\Application), Object(Closure), Array, NULL)
#17 C:\\xampp\\htdocs\\doctoworld\\vendor\\laravel\\framework\\src\\Illuminate\\Foundation\\Application.php(1067): Illuminate\\Container\\Container->call(Object(Closure))
#18 C:\\xampp\\htdocs\\doctoworld\\vendor\\laravel\\framework\\src\\Illuminate\\Foundation\\Http\\Kernel.php(185): Illuminate\\Foundation\\Application->terminate()
#19 C:\\xampp\\htdocs\\doctoworld\\public\\index.php(58): Illuminate\\Foundation\\Http\\Kernel->terminate(Object(Illuminate\\Http\\Request), Object(Illuminate\\Http\\Response))
#20 {main}

[previous exception] [object] (Doctrine\\DBAL\\Driver\\PDO\\Exception(code: 1049): SQLSTATE[HY000] [1049] Unknown database 'doctoworld' at C:\\xampp\\htdocs\\doctoworld\\vendor\\doctrine\\dbal\\lib\\Doctrine\\DBAL\\Driver\\PDO\\Exception.php:18)
[stacktrace]
#0 C:\\xampp\\htdocs\\doctoworld\\vendor\\doctrine\\dbal\\lib\\Doctrine\\DBAL\\Driver\\PDOConnection.php(44): Doctrine\\DBAL\\Driver\\PDO\\Exception::new(Object(PDOException))
#1 C:\\xampp\\htdocs\\doctoworld\\vendor\\laravel\\framework\\src\\Illuminate\\Database\\Connectors\\Connector.php(67): Doctrine\\DBAL\\Driver\\PDOConnection->__construct('mysql:host=127....', 'root', '', Array)
#2 C:\\xampp\\htdocs\\doctoworld\\vendor\\laravel\\framework\\src\\Illuminate\\Database\\Connectors\\Connector.php(46): Illuminate\\Database\\Connectors\\Connector->createPdoConnection('mysql:host=127....', 'root', '', Array)
#3 C:\\xampp\\htdocs\\doctoworld\\vendor\\laravel\\framework\\src\\Illuminate\\Database\\Connectors\\MySqlConnector.php(24): Illuminate\\Database\\Connectors\\Connector->createConnection('mysql:host=127....', Array, Array)
#4 C:\\xampp\\htdocs\\doctoworld\\vendor\\laravel\\framework\\src\\Illuminate\\Database\\Connectors\\ConnectionFactory.php(182): Illuminate\\Database\\Connectors\\MySqlConnector->connect(Array)
#5 [internal function]: Illuminate\\Database\\Connectors\\ConnectionFactory->Illuminate\\Database\\Connectors\\{closure}()
#6 C:\\xampp\\htdocs\\doctoworld\\vendor\\laravel\\framework\\src\\Illuminate\\Database\\Connection.php(924): call_user_func(Object(Closure))
#7 C:\\xampp\\htdocs\\doctoworld\\vendor\\laravel\\framework\\src\\Illuminate\\Database\\Connection.php(457): Illuminate\\Database\\Connection->getPdo()
#8 C:\\xampp\\htdocs\\doctoworld\\vendor\\laravel\\framework\\src\\Illuminate\\Database\\Connection.php(662): Illuminate\\Database\\Connection->Illuminate\\Database\\{closure}('insert into `te...', Array)
#9 C:\\xampp\\htdocs\\doctoworld\\vendor\\laravel\\framework\\src\\Illuminate\\Database\\Connection.php(629): Illuminate\\Database\\Connection->runQueryCallback('insert into `te...', Array, Object(Closure))
#10 C:\\xampp\\htdocs\\doctoworld\\vendor\\laravel\\framework\\src\\Illuminate\\Database\\Connection.php(464): Illuminate\\Database\\Connection->run('insert into `te...', Array, Object(Closure))
#11 C:\\xampp\\htdocs\\doctoworld\\vendor\\laravel\\framework\\src\\Illuminate\\Database\\Connection.php(416): Illuminate\\Database\\Connection->statement('insert into `te...', Array)
#12 C:\\xampp\\htdocs\\doctoworld\\vendor\\laravel\\framework\\src\\Illuminate\\Database\\Query\\Builder.php(2661): Illuminate\\Database\\Connection->insert('insert into `te...', Array)
#13 C:\\xampp\\htdocs\\doctoworld\\vendor\\laravel\\telescope\\src\\Storage\\DatabaseEntriesRepository.php(148): Illuminate\\Database\\Query\\Builder->insert(Array)
#14 C:\\xampp\\htdocs\\doctoworld\\vendor\\laravel\\framework\\src\\Illuminate\\Support\\Traits\\EnumeratesValues.php(176): Laravel\\Telescope\\Storage\\DatabaseEntriesRepository->Laravel\\Telescope\\Storage\\{closure}(Object(Illuminate\\Support\\Collection), 0)
#15 C:\\xampp\\htdocs\\doctoworld\\vendor\\laravel\\telescope\\src\\Storage\\DatabaseEntriesRepository.php(149): Illuminate\\Support\\Collection->each(Object(Closure))
#16 C:\\xampp\\htdocs\\doctoworld\\vendor\\laravel\\telescope\\src\\Telescope.php(587): Laravel\\Telescope\\Storage\\DatabaseEntriesRepository->store(Object(Illuminate\\Support\\Collection))
#17 [internal function]: Laravel\\Telescope\\Telescope::Laravel\\Telescope\\{closure}()
#18 C:\\xampp\\htdocs\\doctoworld\\vendor\\laravel\\telescope\\src\\Telescope.php(231): call_user_func(Object(Closure))
#19 C:\\xampp\\htdocs\\doctoworld\\vendor\\laravel\\telescope\\src\\Telescope.php(598): Laravel\\Telescope\\Telescope::withoutRecording(Object(Closure))
#20 C:\\xampp\\htdocs\\doctoworld\\vendor\\laravel\\telescope\\src\\ListensForStorageOpportunities.php(44): Laravel\\Telescope\\Telescope::store(Object(Laravel\\Telescope\\Storage\\DatabaseEntriesRepository))
#21 C:\\xampp\\htdocs\\doctoworld\\vendor\\laravel\\framework\\src\\Illuminate\\Container\\BoundMethod.php(36): Laravel\\Telescope\\Telescope::Laravel\\Telescope\\{closure}()
#22 C:\\xampp\\htdocs\\doctoworld\\vendor\\laravel\\framework\\src\\Illuminate\\Container\\Util.php(37): Illuminate\\Container\\BoundMethod::Illuminate\\Container\\{closure}()
#23 C:\\xampp\\htdocs\\doctoworld\\vendor\\laravel\\framework\\src\\Illuminate\\Container\\BoundMethod.php(81): Illuminate\\Container\\Util::unwrapIfClosure(Object(Closure))
#24 C:\\xampp\\htdocs\\doctoworld\\vendor\\laravel\\framework\\src\\Illuminate\\Container\\BoundMethod.php(37): Illuminate\\Container\\BoundMethod::callBoundMethod(Object(Illuminate\\Foundation\\Application), Object(Closure), Object(Closure))
#25 C:\\xampp\\htdocs\\doctoworld\\vendor\\laravel\\framework\\src\\Illuminate\\Container\\Container.php(590): Illuminate\\Container\\BoundMethod::call(Object(Illuminate\\Foundation\\Application), Object(Closure), Array, NULL)
#26 C:\\xampp\\htdocs\\doctoworld\\vendor\\laravel\\framework\\src\\Illuminate\\Foundation\\Application.php(1067): Illuminate\\Container\\Container->call(Object(Closure))
#27 C:\\xampp\\htdocs\\doctoworld\\vendor\\laravel\\framework\\src\\Illuminate\\Foundation\\Http\\Kernel.php(185): Illuminate\\Foundation\\Application->terminate()
#28 C:\\xampp\\htdocs\\doctoworld\\public\\index.php(58): Illuminate\\Foundation\\Http\\Kernel->terminate(Object(Illuminate\\Http\\Request), Object(Illuminate\\Http\\Response))
#29 {main}

[previous exception] [object] (PDOException(code: 1049): SQLSTATE[HY000] [1049] Unknown database 'doctoworld' at C:\\xampp\\htdocs\\doctoworld\\vendor\\doctrine\\dbal\\lib\\Doctrine\\DBAL\\Driver\\PDOConnection.php:40)
[stacktrace]
#0 C:\\xampp\\htdocs\\doctoworld\\vendor\\doctrine\\dbal\\lib\\Doctrine\\DBAL\\Driver\\PDOConnection.php(40): PDO->__construct('mysql:host=127....', 'root', '', Array)
#1 C:\\xampp\\htdocs\\doctoworld\\vendor\\laravel\\framework\\src\\Illuminate\\Database\\Connectors\\Connector.php(67): Doctrine\\DBAL\\Driver\\PDOConnection->__construct('mysql:host=127....', 'root', '', Array)
#2 C:\\xampp\\htdocs\\doctoworld\\vendor\\laravel\\framework\\src\\Illuminate\\Database\\Connectors\\Connector.php(46): Illuminate\\Database\\Connectors\\Connector->createPdoConnection('mysql:host=127....', 'root', '', Array)
#3 C:\\xampp\\htdocs\\doctoworld\\vendor\\laravel\\framework\\src\\Illuminate\\Database\\Connectors\\MySqlConnector.php(24): Illuminate\\Database\\Connectors\\Connector->createConnection('mysql:host=127....', Array, Array)
#4 C:\\xampp\\htdocs\\doctoworld\\vendor\\laravel\\framework\\src\\Illuminate\\Database\\Connectors\\ConnectionFactory.php(182): Illuminate\\Database\\Connectors\\MySqlConnector->connect(Array)
#5 [internal function]: Illuminate\\Database\\Connectors\\ConnectionFactory->Illuminate\\Database\\Connectors\\{closure}()
#6 C:\\xampp\\htdocs\\doctoworld\\vendor\\laravel\\framework\\src\\Illuminate\\Database\\Connection.php(924): call_user_func(Object(Closure))
#7 C:\\xampp\\htdocs\\doctoworld\\vendor\\laravel\\framework\\src\\Illuminate\\Database\\Connection.php(457): Illuminate\\Database\\Connection->getPdo()
#8 C:\\xampp\\htdocs\\doctoworld\\vendor\\laravel\\framework\\src\\Illuminate\\Database\\Connection.php(662): Illuminate\\Database\\Connection->Illuminate\\Database\\{closure}('insert into `te...', Array)
#9 C:\\xampp\\htdocs\\doctoworld\\vendor\\laravel\\framework\\src\\Illuminate\\Database\\Connection.php(629): Illuminate\\Database\\Connection->runQueryCallback('insert into `te...', Array, Object(Closure))
#10 C:\\xampp\\htdocs\\doctoworld\\vendor\\laravel\\framework\\src\\Illuminate\\Database\\Connection.php(464): Illuminate\\Database\\Connection->run('insert into `te...', Array, Object(Closure))
#11 C:\\xampp\\htdocs\\doctoworld\\vendor\\laravel\\framework\\src\\Illuminate\\Database\\Connection.php(416): Illuminate\\Database\\Connection->statement('insert into `te...', Array)
#12 C:\\xampp\\htdocs\\doctoworld\\vendor\\laravel\\framework\\src\\Illuminate\\Database\\Query\\Builder.php(2661): Illuminate\\Database\\Connection->insert('insert into `te...', Array)
#13 C:\\xampp\\htdocs\\doctoworld\\vendor\\laravel\\telescope\\src\\Storage\\DatabaseEntriesRepository.php(148): Illuminate\\Database\\Query\\Builder->insert(Array)
#14 C:\\xampp\\htdocs\\doctoworld\\vendor\\laravel\\framework\\src\\Illuminate\\Support\\Traits\\EnumeratesValues.php(176): Laravel\\Telescope\\Storage\\DatabaseEntriesRepository->Laravel\\Telescope\\Storage\\{closure}(Object(Illuminate\\Support\\Collection), 0)
#15 C:\\xampp\\htdocs\\doctoworld\\vendor\\laravel\\telescope\\src\\Storage\\DatabaseEntriesRepository.php(149): Illuminate\\Support\\Collection->each(Object(Closure))
#16 C:\\xampp\\htdocs\\doctoworld\\vendor\\laravel\\telescope\\src\\Telescope.php(587): Laravel\\Telescope\\Storage\\DatabaseEntriesRepository->store(Object(Illuminate\\Support\\Collection))
#17 [internal function]: Laravel\\Telescope\\Telescope::Laravel\\Telescope\\{closure}()
#18 C:\\xampp\\htdocs\\doctoworld\\vendor\\laravel\\telescope\\src\\Telescope.php(231): call_user_func(Object(Closure))
#19 C:\\xampp\\htdocs\\doctoworld\\vendor\\laravel\\telescope\\src\\Telescope.php(598): Laravel\\Telescope\\Telescope::withoutRecording(Object(Closure))
#20 C:\\xampp\\htdocs\\doctoworld\\vendor\\laravel\\telescope\\src\\ListensForStorageOpportunities.php(44): Laravel\\Telescope\\Telescope::store(Object(Laravel\\Telescope\\Storage\\DatabaseEntriesRepository))
#21 C:\\xampp\\htdocs\\doctoworld\\vendor\\laravel\\framework\\src\\Illuminate\\Container\\BoundMethod.php(36): Laravel\\Telescope\\Telescope::Laravel\\Telescope\\{closure}()
#22 C:\\xampp\\htdocs\\doctoworld\\vendor\\laravel\\framework\\src\\Illuminate\\Container\\Util.php(37): Illuminate\\Container\\BoundMethod::Illuminate\\Container\\{closure}()
#23 C:\\xampp\\htdocs\\doctoworld\\vendor\\laravel\\framework\\src\\Illuminate\\Container\\BoundMethod.php(81): Illuminate\\Container\\Util::unwrapIfClosure(Object(Closure))
#24 C:\\xampp\\htdocs\\doctoworld\\vendor\\laravel\\framework\\src\\Illuminate\\Container\\BoundMethod.php(37): Illuminate\\Container\\BoundMethod::callBoundMethod(Object(Illuminate\\Foundation\\Application), Object(Closure), Object(Closure))
#25 C:\\xampp\\htdocs\\doctoworld\\vendor\\laravel\\framework\\src\\Illuminate\\Container\\Container.php(590): Illuminate\\Container\\BoundMethod::call(Object(Illuminate\\Foundation\\Application), Object(Closure), Array, NULL)
#26 C:\\xampp\\htdocs\\doctoworld\\vendor\\laravel\\framework\\src\\Illuminate\\Foundation\\Application.php(1067): Illuminate\\Container\\Container->call(Object(Closure))
#27 C:\\xampp\\htdocs\\doctoworld\\vendor\\laravel\\framework\\src\\Illuminate\\Foundation\\Http\\Kernel.php(185): Illuminate\\Foundation\\Application->terminate()
#28 C:\\xampp\\htdocs\\doctoworld\\public\\index.php(58): Illuminate\\Foundation\\Http\\Kernel->terminate(Object(Illuminate\\Http\\Request), Object(Illuminate\\Http\\Response))
#29 {main}
"} 
[2023-01-06 02:09:18] local.ERROR: SQLSTATE[HY000] [1049] Unknown database 'doctoworld' (SQL: insert into `telescope_entries` (`batch_id`, `content`, `created_at`, `family_hash`, `type`, `uuid`) values (9827e3f8-1b98-4afd-8899-a27238ff2c93, {"requestId":"Xb80ea2257357cf838d7af90a94e390ce","hostname":"LAPTOP-F91TQ22G"}, 2023-01-06 02:09:18, ?, debugbar, 9827e3f8-1075-4b84-a142-3c22a3fbfde3), (9827e3f8-1b98-4afd-8899-a27238ff2c93, {"ip_address":"::1","uri":"\/favicon.png","method":"GET","controller_action":null,"middleware":[],"headers":{"host":"localhost","connection":"keep-alive","sec-ch-ua":"\"Opera GX\";v=\"93\", \"Not\/A)Brand\";v=\"8\", \"Chromium\";v=\"107\"","sec-ch-ua-mobile":"?0","user-agent":"Mozilla\/5.0 (Windows NT 10.0; Win64; x64) AppleWebKit\/537.36 (KHTML, like Gecko) Chrome\/107.0.0.0 Safari\/537.36 OPR\/93.0.0.0","sec-ch-ua-platform":"\"Windows\"","accept":"image\/avif,image\/webp,image\/apng,image\/svg+xml,image\/*,*\/*;q=0.8","sec-fetch-site":"same-origin","sec-fetch-mode":"no-cors","sec-fetch-dest":"image","referer":"http:\/\/localhost\/doctoworld\/public\/","accept-encoding":"gzip, deflate, br","accept-language":"es-419,es;q=0.9,en-US;q=0.8,en;q=0.7","cookie":"ai_user=bb7IR|2022-02-23T15:46:36.705Z; __RequestVerificationToken=GBZQD_3etsHRgevJ-xQUiSteesg_ZnqCTlbsZucKm0ADTBGXfFDMX9ZyrsWimPrJmkEuY1FUAzp79lrcV5a4VcKoDK-z1J4mHR6VZH6oGzM1; ASP.NET_SessionId=notzfbeoac3zlsgsj3p4pnoa; .AspNet.ApplicationCookie=fTQqVZS-ZD1xnVP9ArF7p6A-q-Kb-NMmUexJB3o8FAVJNPF5uLYTH9MmVWvBQzrIOzfpnqxGw30oPHNgPqQnYFKG9gHksFdMs8a4JYC-Ekq5LfkzOK9joTvOIx5ZQTtIbfIGCnYDQUP06StMzOs00gS3HCRo5vSmDFYyXnOUUMToO2Ja9zlX8lK59A6oi74mr3n4C144guOao9V3t0ue8zjBK0FQVCLl2X-9sj9nVAVt82r6U55jWb-1pHpnjKMvE4ER8HYeiLlRKVqFYr4g6U_R_9il_bFgOKSNMMCKt8PdcHkKiTkGW9RlnphsL8ApfvD97z5vg_eTMKwQNiqIOmkkpqTkHGtnT1DPCVIpvnNz35XgmYHa7B75qhJqNUaHr3IDUHKnYKyPj-nY365taCuOhYW5k3hO_9cI1JvMcEI; _ga=GA1.1.1771863670.1669648806; _ga_80HKHQCSSP=GS1.1.1669648805.1.1.1669648814.0.0.0; XSRF-TOKEN=eyJpdiI6InU3cjNCRDlKRndJMHlTaWl3Tkoyb2c9PSIsInZhbHVlIjoiZHRaMklTbFdXSFwvS0Z5cVBldWFhcTZHSVwvTUZDYTZGRW84K2dUSU9xMnZZMDZFekhhbEZFQ3E3SWdpZzdnQTFTWmd3XC9KelA4cjVkMU1zOG4wMWxPY1IxVUhCVk5aXC9Ja2ZFZWZ4YnB4R01TR3NaSGltV2Z4UW13N1BhTURYaEk3IiwibWFjIjoiNDZkM2JmNDBiMTIxNDhkMWMxMmUzOWIyNzQ4ZjgzNjM0ZjFkY2UyYzE4YzBjYjk0NzExNDMwNWQxOGYyZjZkOSJ9; laravel_session=eyJpdiI6ImZwUm1MMmpWWUlJZFgrQUtZcjg4eEE9PSIsInZhbHVlIjoidlpMS0VpRWZmays3aWFXOWVRTUtHMWVtYzF6eFY2YWVIZ1lmUzZxM2RqXC9LdUFGOFJ3UFBHTTZocGt3N3JORlJrRjlXdGY4UUtKaHNseDZrOWlMenZMM2VKQnFaamNrUVl6UitLTytiaWxRckx3bmlUaUU1WmcxWDVxY0ZMd2xQIiwibWFjIjoiYjEyMDgyM2QxYTYyYjRhN2ZjMGRkYjAyYWRkZjcyZmUxNzlmMzhiYmY1ZjFhZjAzNjk2NDk1NzAyZDEyNzg5NCJ9"},"payload":[],"session":[],"response_status":404,"response":"HTML Response","duration":1592,"memory":14,"hostname":"LAPTOP-F91TQ22G"}, 2023-01-06 02:09:18, ?, request, 9827e3f8-18c6-461d-ac32-b416e16079e8)) {"exception":"[object] (Illuminate\\Database\\QueryException(code: 1049): SQLSTATE[HY000] [1049] Unknown database 'doctoworld' (SQL: insert into `telescope_entries` (`batch_id`, `content`, `created_at`, `family_hash`, `type`, `uuid`) values (9827e3f8-1b98-4afd-8899-a27238ff2c93, {\"requestId\":\"Xb80ea2257357cf838d7af90a94e390ce\",\"hostname\":\"LAPTOP-F91TQ22G\"}, 2023-01-06 02:09:18, ?, debugbar, 9827e3f8-1075-4b84-a142-3c22a3fbfde3), (9827e3f8-1b98-4afd-8899-a27238ff2c93, {\"ip_address\":\"::1\",\"uri\":\"\\/favicon.png\",\"method\":\"GET\",\"controller_action\":null,\"middleware\":[],\"headers\":{\"host\":\"localhost\",\"connection\":\"keep-alive\",\"sec-ch-ua\":\"\\\"Opera GX\\\";v=\\\"93\\\", \\\"Not\\/A)Brand\\\";v=\\\"8\\\", \\\"Chromium\\\";v=\\\"107\\\"\",\"sec-ch-ua-mobile\":\"?0\",\"user-agent\":\"Mozilla\\/5.0 (Windows NT 10.0; Win64; x64) AppleWebKit\\/537.36 (KHTML, like Gecko) Chrome\\/107.0.0.0 Safari\\/537.36 OPR\\/93.0.0.0\",\"sec-ch-ua-platform\":\"\\\"Windows\\\"\",\"accept\":\"image\\/avif,image\\/webp,image\\/apng,image\\/svg+xml,image\\/*,*\\/*;q=0.8\",\"sec-fetch-site\":\"same-origin\",\"sec-fetch-mode\":\"no-cors\",\"sec-fetch-dest\":\"image\",\"referer\":\"http:\\/\\/localhost\\/doctoworld\\/public\\/\",\"accept-encoding\":\"gzip, deflate, br\",\"accept-language\":\"es-419,es;q=0.9,en-US;q=0.8,en;q=0.7\",\"cookie\":\"ai_user=bb7IR|2022-02-23T15:46:36.705Z; __RequestVerificationToken=GBZQD_3etsHRgevJ-xQUiSteesg_ZnqCTlbsZucKm0ADTBGXfFDMX9ZyrsWimPrJmkEuY1FUAzp79lrcV5a4VcKoDK-z1J4mHR6VZH6oGzM1; ASP.NET_SessionId=notzfbeoac3zlsgsj3p4pnoa; .AspNet.ApplicationCookie=fTQqVZS-ZD1xnVP9ArF7p6A-q-Kb-NMmUexJB3o8FAVJNPF5uLYTH9MmVWvBQzrIOzfpnqxGw30oPHNgPqQnYFKG9gHksFdMs8a4JYC-Ekq5LfkzOK9joTvOIx5ZQTtIbfIGCnYDQUP06StMzOs00gS3HCRo5vSmDFYyXnOUUMToO2Ja9zlX8lK59A6oi74mr3n4C144guOao9V3t0ue8zjBK0FQVCLl2X-9sj9nVAVt82r6U55jWb-1pHpnjKMvE4ER8HYeiLlRKVqFYr4g6U_R_9il_bFgOKSNMMCKt8PdcHkKiTkGW9RlnphsL8ApfvD97z5vg_eTMKwQNiqIOmkkpqTkHGtnT1DPCVIpvnNz35XgmYHa7B75qhJqNUaHr3IDUHKnYKyPj-nY365taCuOhYW5k3hO_9cI1JvMcEI; _ga=GA1.1.1771863670.1669648806; _ga_80HKHQCSSP=GS1.1.1669648805.1.1.1669648814.0.0.0; XSRF-TOKEN=eyJpdiI6InU3cjNCRDlKRndJMHlTaWl3Tkoyb2c9PSIsInZhbHVlIjoiZHRaMklTbFdXSFwvS0Z5cVBldWFhcTZHSVwvTUZDYTZGRW84K2dUSU9xMnZZMDZFekhhbEZFQ3E3SWdpZzdnQTFTWmd3XC9KelA4cjVkMU1zOG4wMWxPY1IxVUhCVk5aXC9Ja2ZFZWZ4YnB4R01TR3NaSGltV2Z4UW13N1BhTURYaEk3IiwibWFjIjoiNDZkM2JmNDBiMTIxNDhkMWMxMmUzOWIyNzQ4ZjgzNjM0ZjFkY2UyYzE4YzBjYjk0NzExNDMwNWQxOGYyZjZkOSJ9; laravel_session=eyJpdiI6ImZwUm1MMmpWWUlJZFgrQUtZcjg4eEE9PSIsInZhbHVlIjoidlpMS0VpRWZmays3aWFXOWVRTUtHMWVtYzF6eFY2YWVIZ1lmUzZxM2RqXC9LdUFGOFJ3UFBHTTZocGt3N3JORlJrRjlXdGY4UUtKaHNseDZrOWlMenZMM2VKQnFaamNrUVl6UitLTytiaWxRckx3bmlUaUU1WmcxWDVxY0ZMd2xQIiwibWFjIjoiYjEyMDgyM2QxYTYyYjRhN2ZjMGRkYjAyYWRkZjcyZmUxNzlmMzhiYmY1ZjFhZjAzNjk2NDk1NzAyZDEyNzg5NCJ9\"},\"payload\":[],\"session\":[],\"response_status\":404,\"response\":\"HTML Response\",\"duration\":1592,\"memory\":14,\"hostname\":\"LAPTOP-F91TQ22G\"}, 2023-01-06 02:09:18, ?, request, 9827e3f8-18c6-461d-ac32-b416e16079e8)) at C:\\xampp\\htdocs\\doctoworld\\vendor\\laravel\\framework\\src\\Illuminate\\Database\\Connection.php:669)
[stacktrace]
#0 C:\\xampp\\htdocs\\doctoworld\\vendor\\laravel\\framework\\src\\Illuminate\\Database\\Connection.php(629): Illuminate\\Database\\Connection->runQueryCallback('insert into `te...', Array, Object(Closure))
#1 C:\\xampp\\htdocs\\doctoworld\\vendor\\laravel\\framework\\src\\Illuminate\\Database\\Connection.php(464): Illuminate\\Database\\Connection->run('insert into `te...', Array, Object(Closure))
#2 C:\\xampp\\htdocs\\doctoworld\\vendor\\laravel\\framework\\src\\Illuminate\\Database\\Connection.php(416): Illuminate\\Database\\Connection->statement('insert into `te...', Array)
#3 C:\\xampp\\htdocs\\doctoworld\\vendor\\laravel\\framework\\src\\Illuminate\\Database\\Query\\Builder.php(2661): Illuminate\\Database\\Connection->insert('insert into `te...', Array)
#4 C:\\xampp\\htdocs\\doctoworld\\vendor\\laravel\\telescope\\src\\Storage\\DatabaseEntriesRepository.php(148): Illuminate\\Database\\Query\\Builder->insert(Array)
#5 C:\\xampp\\htdocs\\doctoworld\\vendor\\laravel\\framework\\src\\Illuminate\\Support\\Traits\\EnumeratesValues.php(176): Laravel\\Telescope\\Storage\\DatabaseEntriesRepository->Laravel\\Telescope\\Storage\\{closure}(Object(Illuminate\\Support\\Collection), 0)
#6 C:\\xampp\\htdocs\\doctoworld\\vendor\\laravel\\telescope\\src\\Storage\\DatabaseEntriesRepository.php(149): Illuminate\\Support\\Collection->each(Object(Closure))
#7 C:\\xampp\\htdocs\\doctoworld\\vendor\\laravel\\telescope\\src\\Telescope.php(587): Laravel\\Telescope\\Storage\\DatabaseEntriesRepository->store(Object(Illuminate\\Support\\Collection))
#8 [internal function]: Laravel\\Telescope\\Telescope::Laravel\\Telescope\\{closure}()
#9 C:\\xampp\\htdocs\\doctoworld\\vendor\\laravel\\telescope\\src\\Telescope.php(231): call_user_func(Object(Closure))
#10 C:\\xampp\\htdocs\\doctoworld\\vendor\\laravel\\telescope\\src\\Telescope.php(598): Laravel\\Telescope\\Telescope::withoutRecording(Object(Closure))
#11 C:\\xampp\\htdocs\\doctoworld\\vendor\\laravel\\telescope\\src\\ListensForStorageOpportunities.php(44): Laravel\\Telescope\\Telescope::store(Object(Laravel\\Telescope\\Storage\\DatabaseEntriesRepository))
#12 C:\\xampp\\htdocs\\doctoworld\\vendor\\laravel\\framework\\src\\Illuminate\\Container\\BoundMethod.php(36): Laravel\\Telescope\\Telescope::Laravel\\Telescope\\{closure}()
#13 C:\\xampp\\htdocs\\doctoworld\\vendor\\laravel\\framework\\src\\Illuminate\\Container\\Util.php(37): Illuminate\\Container\\BoundMethod::Illuminate\\Container\\{closure}()
#14 C:\\xampp\\htdocs\\doctoworld\\vendor\\laravel\\framework\\src\\Illuminate\\Container\\BoundMethod.php(81): Illuminate\\Container\\Util::unwrapIfClosure(Object(Closure))
#15 C:\\xampp\\htdocs\\doctoworld\\vendor\\laravel\\framework\\src\\Illuminate\\Container\\BoundMethod.php(37): Illuminate\\Container\\BoundMethod::callBoundMethod(Object(Illuminate\\Foundation\\Application), Object(Closure), Object(Closure))
#16 C:\\xampp\\htdocs\\doctoworld\\vendor\\laravel\\framework\\src\\Illuminate\\Container\\Container.php(590): Illuminate\\Container\\BoundMethod::call(Object(Illuminate\\Foundation\\Application), Object(Closure), Array, NULL)
#17 C:\\xampp\\htdocs\\doctoworld\\vendor\\laravel\\framework\\src\\Illuminate\\Foundation\\Application.php(1067): Illuminate\\Container\\Container->call(Object(Closure))
#18 C:\\xampp\\htdocs\\doctoworld\\vendor\\laravel\\framework\\src\\Illuminate\\Foundation\\Http\\Kernel.php(185): Illuminate\\Foundation\\Application->terminate()
#19 C:\\xampp\\htdocs\\doctoworld\\public\\index.php(58): Illuminate\\Foundation\\Http\\Kernel->terminate(Object(Illuminate\\Http\\Request), Object(Illuminate\\Http\\Response))
#20 {main}

[previous exception] [object] (Doctrine\\DBAL\\Driver\\PDO\\Exception(code: 1049): SQLSTATE[HY000] [1049] Unknown database 'doctoworld' at C:\\xampp\\htdocs\\doctoworld\\vendor\\doctrine\\dbal\\lib\\Doctrine\\DBAL\\Driver\\PDO\\Exception.php:18)
[stacktrace]
#0 C:\\xampp\\htdocs\\doctoworld\\vendor\\doctrine\\dbal\\lib\\Doctrine\\DBAL\\Driver\\PDOConnection.php(44): Doctrine\\DBAL\\Driver\\PDO\\Exception::new(Object(PDOException))
#1 C:\\xampp\\htdocs\\doctoworld\\vendor\\laravel\\framework\\src\\Illuminate\\Database\\Connectors\\Connector.php(67): Doctrine\\DBAL\\Driver\\PDOConnection->__construct('mysql:host=127....', 'root', '', Array)
#2 C:\\xampp\\htdocs\\doctoworld\\vendor\\laravel\\framework\\src\\Illuminate\\Database\\Connectors\\Connector.php(46): Illuminate\\Database\\Connectors\\Connector->createPdoConnection('mysql:host=127....', 'root', '', Array)
#3 C:\\xampp\\htdocs\\doctoworld\\vendor\\laravel\\framework\\src\\Illuminate\\Database\\Connectors\\MySqlConnector.php(24): Illuminate\\Database\\Connectors\\Connector->createConnection('mysql:host=127....', Array, Array)
#4 C:\\xampp\\htdocs\\doctoworld\\vendor\\laravel\\framework\\src\\Illuminate\\Database\\Connectors\\ConnectionFactory.php(182): Illuminate\\Database\\Connectors\\MySqlConnector->connect(Array)
#5 [internal function]: Illuminate\\Database\\Connectors\\ConnectionFactory->Illuminate\\Database\\Connectors\\{closure}()
#6 C:\\xampp\\htdocs\\doctoworld\\vendor\\laravel\\framework\\src\\Illuminate\\Database\\Connection.php(924): call_user_func(Object(Closure))
#7 C:\\xampp\\htdocs\\doctoworld\\vendor\\laravel\\framework\\src\\Illuminate\\Database\\Connection.php(457): Illuminate\\Database\\Connection->getPdo()
#8 C:\\xampp\\htdocs\\doctoworld\\vendor\\laravel\\framework\\src\\Illuminate\\Database\\Connection.php(662): Illuminate\\Database\\Connection->Illuminate\\Database\\{closure}('insert into `te...', Array)
#9 C:\\xampp\\htdocs\\doctoworld\\vendor\\laravel\\framework\\src\\Illuminate\\Database\\Connection.php(629): Illuminate\\Database\\Connection->runQueryCallback('insert into `te...', Array, Object(Closure))
#10 C:\\xampp\\htdocs\\doctoworld\\vendor\\laravel\\framework\\src\\Illuminate\\Database\\Connection.php(464): Illuminate\\Database\\Connection->run('insert into `te...', Array, Object(Closure))
#11 C:\\xampp\\htdocs\\doctoworld\\vendor\\laravel\\framework\\src\\Illuminate\\Database\\Connection.php(416): Illuminate\\Database\\Connection->statement('insert into `te...', Array)
#12 C:\\xampp\\htdocs\\doctoworld\\vendor\\laravel\\framework\\src\\Illuminate\\Database\\Query\\Builder.php(2661): Illuminate\\Database\\Connection->insert('insert into `te...', Array)
#13 C:\\xampp\\htdocs\\doctoworld\\vendor\\laravel\\telescope\\src\\Storage\\DatabaseEntriesRepository.php(148): Illuminate\\Database\\Query\\Builder->insert(Array)
#14 C:\\xampp\\htdocs\\doctoworld\\vendor\\laravel\\framework\\src\\Illuminate\\Support\\Traits\\EnumeratesValues.php(176): Laravel\\Telescope\\Storage\\DatabaseEntriesRepository->Laravel\\Telescope\\Storage\\{closure}(Object(Illuminate\\Support\\Collection), 0)
#15 C:\\xampp\\htdocs\\doctoworld\\vendor\\laravel\\telescope\\src\\Storage\\DatabaseEntriesRepository.php(149): Illuminate\\Support\\Collection->each(Object(Closure))
#16 C:\\xampp\\htdocs\\doctoworld\\vendor\\laravel\\telescope\\src\\Telescope.php(587): Laravel\\Telescope\\Storage\\DatabaseEntriesRepository->store(Object(Illuminate\\Support\\Collection))
#17 [internal function]: Laravel\\Telescope\\Telescope::Laravel\\Telescope\\{closure}()
#18 C:\\xampp\\htdocs\\doctoworld\\vendor\\laravel\\telescope\\src\\Telescope.php(231): call_user_func(Object(Closure))
#19 C:\\xampp\\htdocs\\doctoworld\\vendor\\laravel\\telescope\\src\\Telescope.php(598): Laravel\\Telescope\\Telescope::withoutRecording(Object(Closure))
#20 C:\\xampp\\htdocs\\doctoworld\\vendor\\laravel\\telescope\\src\\ListensForStorageOpportunities.php(44): Laravel\\Telescope\\Telescope::store(Object(Laravel\\Telescope\\Storage\\DatabaseEntriesRepository))
#21 C:\\xampp\\htdocs\\doctoworld\\vendor\\laravel\\framework\\src\\Illuminate\\Container\\BoundMethod.php(36): Laravel\\Telescope\\Telescope::Laravel\\Telescope\\{closure}()
#22 C:\\xampp\\htdocs\\doctoworld\\vendor\\laravel\\framework\\src\\Illuminate\\Container\\Util.php(37): Illuminate\\Container\\BoundMethod::Illuminate\\Container\\{closure}()
#23 C:\\xampp\\htdocs\\doctoworld\\vendor\\laravel\\framework\\src\\Illuminate\\Container\\BoundMethod.php(81): Illuminate\\Container\\Util::unwrapIfClosure(Object(Closure))
#24 C:\\xampp\\htdocs\\doctoworld\\vendor\\laravel\\framework\\src\\Illuminate\\Container\\BoundMethod.php(37): Illuminate\\Container\\BoundMethod::callBoundMethod(Object(Illuminate\\Foundation\\Application), Object(Closure), Object(Closure))
#25 C:\\xampp\\htdocs\\doctoworld\\vendor\\laravel\\framework\\src\\Illuminate\\Container\\Container.php(590): Illuminate\\Container\\BoundMethod::call(Object(Illuminate\\Foundation\\Application), Object(Closure), Array, NULL)
#26 C:\\xampp\\htdocs\\doctoworld\\vendor\\laravel\\framework\\src\\Illuminate\\Foundation\\Application.php(1067): Illuminate\\Container\\Container->call(Object(Closure))
#27 C:\\xampp\\htdocs\\doctoworld\\vendor\\laravel\\framework\\src\\Illuminate\\Foundation\\Http\\Kernel.php(185): Illuminate\\Foundation\\Application->terminate()
#28 C:\\xampp\\htdocs\\doctoworld\\public\\index.php(58): Illuminate\\Foundation\\Http\\Kernel->terminate(Object(Illuminate\\Http\\Request), Object(Illuminate\\Http\\Response))
#29 {main}

[previous exception] [object] (PDOException(code: 1049): SQLSTATE[HY000] [1049] Unknown database 'doctoworld' at C:\\xampp\\htdocs\\doctoworld\\vendor\\doctrine\\dbal\\lib\\Doctrine\\DBAL\\Driver\\PDOConnection.php:40)
[stacktrace]
#0 C:\\xampp\\htdocs\\doctoworld\\vendor\\doctrine\\dbal\\lib\\Doctrine\\DBAL\\Driver\\PDOConnection.php(40): PDO->__construct('mysql:host=127....', 'root', '', Array)
#1 C:\\xampp\\htdocs\\doctoworld\\vendor\\laravel\\framework\\src\\Illuminate\\Database\\Connectors\\Connector.php(67): Doctrine\\DBAL\\Driver\\PDOConnection->__construct('mysql:host=127....', 'root', '', Array)
#2 C:\\xampp\\htdocs\\doctoworld\\vendor\\laravel\\framework\\src\\Illuminate\\Database\\Connectors\\Connector.php(46): Illuminate\\Database\\Connectors\\Connector->createPdoConnection('mysql:host=127....', 'root', '', Array)
#3 C:\\xampp\\htdocs\\doctoworld\\vendor\\laravel\\framework\\src\\Illuminate\\Database\\Connectors\\MySqlConnector.php(24): Illuminate\\Database\\Connectors\\Connector->createConnection('mysql:host=127....', Array, Array)
#4 C:\\xampp\\htdocs\\doctoworld\\vendor\\laravel\\framework\\src\\Illuminate\\Database\\Connectors\\ConnectionFactory.php(182): Illuminate\\Database\\Connectors\\MySqlConnector->connect(Array)
#5 [internal function]: Illuminate\\Database\\Connectors\\ConnectionFactory->Illuminate\\Database\\Connectors\\{closure}()
#6 C:\\xampp\\htdocs\\doctoworld\\vendor\\laravel\\framework\\src\\Illuminate\\Database\\Connection.php(924): call_user_func(Object(Closure))
#7 C:\\xampp\\htdocs\\doctoworld\\vendor\\laravel\\framework\\src\\Illuminate\\Database\\Connection.php(457): Illuminate\\Database\\Connection->getPdo()
#8 C:\\xampp\\htdocs\\doctoworld\\vendor\\laravel\\framework\\src\\Illuminate\\Database\\Connection.php(662): Illuminate\\Database\\Connection->Illuminate\\Database\\{closure}('insert into `te...', Array)
#9 C:\\xampp\\htdocs\\doctoworld\\vendor\\laravel\\framework\\src\\Illuminate\\Database\\Connection.php(629): Illuminate\\Database\\Connection->runQueryCallback('insert into `te...', Array, Object(Closure))
#10 C:\\xampp\\htdocs\\doctoworld\\vendor\\laravel\\framework\\src\\Illuminate\\Database\\Connection.php(464): Illuminate\\Database\\Connection->run('insert into `te...', Array, Object(Closure))
#11 C:\\xampp\\htdocs\\doctoworld\\vendor\\laravel\\framework\\src\\Illuminate\\Database\\Connection.php(416): Illuminate\\Database\\Connection->statement('insert into `te...', Array)
#12 C:\\xampp\\htdocs\\doctoworld\\vendor\\laravel\\framework\\src\\Illuminate\\Database\\Query\\Builder.php(2661): Illuminate\\Database\\Connection->insert('insert into `te...', Array)
#13 C:\\xampp\\htdocs\\doctoworld\\vendor\\laravel\\telescope\\src\\Storage\\DatabaseEntriesRepository.php(148): Illuminate\\Database\\Query\\Builder->insert(Array)
#14 C:\\xampp\\htdocs\\doctoworld\\vendor\\laravel\\framework\\src\\Illuminate\\Support\\Traits\\EnumeratesValues.php(176): Laravel\\Telescope\\Storage\\DatabaseEntriesRepository->Laravel\\Telescope\\Storage\\{closure}(Object(Illuminate\\Support\\Collection), 0)
#15 C:\\xampp\\htdocs\\doctoworld\\vendor\\laravel\\telescope\\src\\Storage\\DatabaseEntriesRepository.php(149): Illuminate\\Support\\Collection->each(Object(Closure))
#16 C:\\xampp\\htdocs\\doctoworld\\vendor\\laravel\\telescope\\src\\Telescope.php(587): Laravel\\Telescope\\Storage\\DatabaseEntriesRepository->store(Object(Illuminate\\Support\\Collection))
#17 [internal function]: Laravel\\Telescope\\Telescope::Laravel\\Telescope\\{closure}()
#18 C:\\xampp\\htdocs\\doctoworld\\vendor\\laravel\\telescope\\src\\Telescope.php(231): call_user_func(Object(Closure))
#19 C:\\xampp\\htdocs\\doctoworld\\vendor\\laravel\\telescope\\src\\Telescope.php(598): Laravel\\Telescope\\Telescope::withoutRecording(Object(Closure))
#20 C:\\xampp\\htdocs\\doctoworld\\vendor\\laravel\\telescope\\src\\ListensForStorageOpportunities.php(44): Laravel\\Telescope\\Telescope::store(Object(Laravel\\Telescope\\Storage\\DatabaseEntriesRepository))
#21 C:\\xampp\\htdocs\\doctoworld\\vendor\\laravel\\framework\\src\\Illuminate\\Container\\BoundMethod.php(36): Laravel\\Telescope\\Telescope::Laravel\\Telescope\\{closure}()
#22 C:\\xampp\\htdocs\\doctoworld\\vendor\\laravel\\framework\\src\\Illuminate\\Container\\Util.php(37): Illuminate\\Container\\BoundMethod::Illuminate\\Container\\{closure}()
#23 C:\\xampp\\htdocs\\doctoworld\\vendor\\laravel\\framework\\src\\Illuminate\\Container\\BoundMethod.php(81): Illuminate\\Container\\Util::unwrapIfClosure(Object(Closure))
#24 C:\\xampp\\htdocs\\doctoworld\\vendor\\laravel\\framework\\src\\Illuminate\\Container\\BoundMethod.php(37): Illuminate\\Container\\BoundMethod::callBoundMethod(Object(Illuminate\\Foundation\\Application), Object(Closure), Object(Closure))
#25 C:\\xampp\\htdocs\\doctoworld\\vendor\\laravel\\framework\\src\\Illuminate\\Container\\Container.php(590): Illuminate\\Container\\BoundMethod::call(Object(Illuminate\\Foundation\\Application), Object(Closure), Array, NULL)
#26 C:\\xampp\\htdocs\\doctoworld\\vendor\\laravel\\framework\\src\\Illuminate\\Foundation\\Application.php(1067): Illuminate\\Container\\Container->call(Object(Closure))
#27 C:\\xampp\\htdocs\\doctoworld\\vendor\\laravel\\framework\\src\\Illuminate\\Foundation\\Http\\Kernel.php(185): Illuminate\\Foundation\\Application->terminate()
#28 C:\\xampp\\htdocs\\doctoworld\\public\\index.php(58): Illuminate\\Foundation\\Http\\Kernel->terminate(Object(Illuminate\\Http\\Request), Object(Illuminate\\Http\\Response))
#29 {main}
"} 
