[2023-01-21 23:45:47] local.ERROR: include(/var/www/doctoworld/vendor/composer/../brotzka/laravel-dotenv-editor/src/DotenvEditorServiceProvider.php): failed to open stream: No such file or directory {"exception":"[object] (ErrorException(code: 0): include(/var/www/doctoworld/vendor/composer/../brotzka/laravel-dotenv-editor/src/DotenvEditorServiceProvider.php): failed to open stream: No such file or directory at /var/www/doctoworld/vendor/composer/ClassLoader.php:578)
[stacktrace]
#0 /var/www/doctoworld/vendor/composer/ClassLoader.php(578): Illuminate\\Foundation\\Bootstrap\\HandleExceptions->handleError(2, 'include(/var/ww...', '/var/www/doctow...', 578, Array)
#1 /var/www/doctoworld/vendor/composer/ClassLoader.php(578): include()
#2 /var/www/doctoworld/vendor/composer/ClassLoader.php(432): Composer\\Autoload\\ClassLoader::Composer\\Autoload\\{closure}('/var/www/doctow...')
#3 [internal function]: Composer\\Autoload\\ClassLoader->loadClass('Brotzka\\\\DotenvE...')
#4 /var/www/doctoworld/vendor/laravel/framework/src/Illuminate/Foundation/Application.php(679): spl_autoload_call('Brotzka\\\\DotenvE...')
#5 /var/www/doctoworld/vendor/laravel/framework/src/Illuminate/Foundation/Application.php(613): Illuminate\\Foundation\\Application->resolveProvider('Brotzka\\\\DotenvE...')
#6 /var/www/doctoworld/vendor/laravel/framework/src/Illuminate/Foundation/ProviderRepository.php(75): Illuminate\\Foundation\\Application->register('Brotzka\\\\DotenvE...')
#7 /var/www/doctoworld/vendor/laravel/framework/src/Illuminate/Foundation/Application.php(593): Illuminate\\Foundation\\ProviderRepository->load(Array)
#8 /var/www/doctoworld/vendor/laravel/framework/src/Illuminate/Foundation/Bootstrap/RegisterProviders.php(17): Illuminate\\Foundation\\Application->registerConfiguredProviders()
#9 /var/www/doctoworld/vendor/laravel/framework/src/Illuminate/Foundation/Application.php(219): Illuminate\\Foundation\\Bootstrap\\RegisterProviders->bootstrap(Object(Illuminate\\Foundation\\Application))
#10 /var/www/doctoworld/vendor/laravel/framework/src/Illuminate/Foundation/Console/Kernel.php(320): Illuminate\\Foundation\\Application->bootstrapWith(Array)
#11 /var/www/doctoworld/vendor/laravel/framework/src/Illuminate/Foundation/Console/Kernel.php(129): Illuminate\\Foundation\\Console\\Kernel->bootstrap()
#12 /var/www/doctoworld/artisan(35): Illuminate\\Foundation\\Console\\Kernel->handle(Object(Symfony\\Component\\Console\\Input\\ArgvInput), Object(Symfony\\Component\\Console\\Output\\ConsoleOutput))
#13 {main}
"} 
[2023-01-21 23:46:09] local.ERROR: include(/var/www/doctoworld/vendor/composer/../brotzka/laravel-dotenv-editor/src/DotenvEditorServiceProvider.php): failed to open stream: No such file or directory {"exception":"[object] (ErrorException(code: 0): include(/var/www/doctoworld/vendor/composer/../brotzka/laravel-dotenv-editor/src/DotenvEditorServiceProvider.php): failed to open stream: No such file or directory at /var/www/doctoworld/vendor/composer/ClassLoader.php:578)
[stacktrace]
#0 /var/www/doctoworld/vendor/composer/ClassLoader.php(578): Illuminate\\Foundation\\Bootstrap\\HandleExceptions->handleError(2, 'include(/var/ww...', '/var/www/doctow...', 578, Array)
#1 /var/www/doctoworld/vendor/composer/ClassLoader.php(578): include()
#2 /var/www/doctoworld/vendor/composer/ClassLoader.php(432): Composer\\Autoload\\ClassLoader::Composer\\Autoload\\{closure}('/var/www/doctow...')
#3 [internal function]: Composer\\Autoload\\ClassLoader->loadClass('Brotzka\\\\DotenvE...')
#4 /var/www/doctoworld/vendor/laravel/framework/src/Illuminate/Foundation/Application.php(679): spl_autoload_call('Brotzka\\\\DotenvE...')
#5 /var/www/doctoworld/vendor/laravel/framework/src/Illuminate/Foundation/Application.php(613): Illuminate\\Foundation\\Application->resolveProvider('Brotzka\\\\DotenvE...')
#6 /var/www/doctoworld/vendor/laravel/framework/src/Illuminate/Foundation/ProviderRepository.php(75): Illuminate\\Foundation\\Application->register('Brotzka\\\\DotenvE...')
#7 /var/www/doctoworld/vendor/laravel/framework/src/Illuminate/Foundation/Application.php(593): Illuminate\\Foundation\\ProviderRepository->load(Array)
#8 /var/www/doctoworld/vendor/laravel/framework/src/Illuminate/Foundation/Bootstrap/RegisterProviders.php(17): Illuminate\\Foundation\\Application->registerConfiguredProviders()
#9 /var/www/doctoworld/vendor/laravel/framework/src/Illuminate/Foundation/Application.php(219): Illuminate\\Foundation\\Bootstrap\\RegisterProviders->bootstrap(Object(Illuminate\\Foundation\\Application))
#10 /var/www/doctoworld/vendor/laravel/framework/src/Illuminate/Foundation/Console/Kernel.php(320): Illuminate\\Foundation\\Application->bootstrapWith(Array)
#11 /var/www/doctoworld/vendor/laravel/framework/src/Illuminate/Foundation/Console/Kernel.php(129): Illuminate\\Foundation\\Console\\Kernel->bootstrap()
#12 /var/www/doctoworld/artisan(35): Illuminate\\Foundation\\Console\\Kernel->handle(Object(Symfony\\Component\\Console\\Input\\ArgvInput), Object(Symfony\\Component\\Console\\Output\\ConsoleOutput))
#13 {main}
"} 
[2023-01-21 23:46:54] local.ERROR: include(/var/www/doctoworld/vendor/composer/../brotzka/laravel-dotenv-editor/src/DotenvEditorServiceProvider.php): failed to open stream: No such file or directory {"exception":"[object] (ErrorException(code: 0): include(/var/www/doctoworld/vendor/composer/../brotzka/laravel-dotenv-editor/src/DotenvEditorServiceProvider.php): failed to open stream: No such file or directory at /var/www/doctoworld/vendor/composer/ClassLoader.php:578)
[stacktrace]
#0 /var/www/doctoworld/vendor/composer/ClassLoader.php(578): Illuminate\\Foundation\\Bootstrap\\HandleExceptions->handleError(2, 'include(/var/ww...', '/var/www/doctow...', 578, Array)
#1 /var/www/doctoworld/vendor/composer/ClassLoader.php(578): include()
#2 /var/www/doctoworld/vendor/composer/ClassLoader.php(432): Composer\\Autoload\\ClassLoader::Composer\\Autoload\\{closure}('/var/www/doctow...')
#3 [internal function]: Composer\\Autoload\\ClassLoader->loadClass('Brotzka\\\\DotenvE...')
#4 /var/www/doctoworld/vendor/laravel/framework/src/Illuminate/Foundation/Application.php(679): spl_autoload_call('Brotzka\\\\DotenvE...')
#5 /var/www/doctoworld/vendor/laravel/framework/src/Illuminate/Foundation/Application.php(613): Illuminate\\Foundation\\Application->resolveProvider('Brotzka\\\\DotenvE...')
#6 /var/www/doctoworld/vendor/laravel/framework/src/Illuminate/Foundation/ProviderRepository.php(75): Illuminate\\Foundation\\Application->register('Brotzka\\\\DotenvE...')
#7 /var/www/doctoworld/vendor/laravel/framework/src/Illuminate/Foundation/Application.php(593): Illuminate\\Foundation\\ProviderRepository->load(Array)
#8 /var/www/doctoworld/vendor/laravel/framework/src/Illuminate/Foundation/Bootstrap/RegisterProviders.php(17): Illuminate\\Foundation\\Application->registerConfiguredProviders()
#9 /var/www/doctoworld/vendor/laravel/framework/src/Illuminate/Foundation/Application.php(219): Illuminate\\Foundation\\Bootstrap\\RegisterProviders->bootstrap(Object(Illuminate\\Foundation\\Application))
#10 /var/www/doctoworld/vendor/laravel/framework/src/Illuminate/Foundation/Http/Kernel.php(156): Illuminate\\Foundation\\Application->bootstrapWith(Array)
#11 /var/www/doctoworld/vendor/laravel/framework/src/Illuminate/Foundation/Http/Kernel.php(140): Illuminate\\Foundation\\Http\\Kernel->bootstrap()
#12 /var/www/doctoworld/vendor/laravel/framework/src/Illuminate/Foundation/Http/Kernel.php(110): Illuminate\\Foundation\\Http\\Kernel->sendRequestThroughRouter(Object(Illuminate\\Http\\Request))
#13 /var/www/doctoworld/public/index.php(53): Illuminate\\Foundation\\Http\\Kernel->handle(Object(Illuminate\\Http\\Request))
#14 {main}
"} 
[2023-01-21 23:46:54] local.ERROR: Target [Spatie\Cors\CorsProfile\CorsProfile] is not instantiable while building [Spatie\Cors\Cors]. {"exception":"[object] (Illuminate\\Contracts\\Container\\BindingResolutionException(code: 0): Target [Spatie\\Cors\\CorsProfile\\CorsProfile] is not instantiable while building [Spatie\\Cors\\Cors]. at /var/www/doctoworld/vendor/laravel/framework/src/Illuminate/Container/Container.php:978)
[stacktrace]
#0 /var/www/doctoworld/vendor/laravel/framework/src/Illuminate/Container/Container.php(812): Illuminate\\Container\\Container->notInstantiable('Spatie\\\\Cors\\\\Cor...')
#1 /var/www/doctoworld/vendor/laravel/framework/src/Illuminate/Container/Container.php(681): Illuminate\\Container\\Container->build('Spatie\\\\Cors\\\\Cor...')
#2 /var/www/doctoworld/vendor/laravel/framework/src/Illuminate/Foundation/Application.php(785): Illuminate\\Container\\Container->resolve('Spatie\\\\Cors\\\\Cor...', Array, true)
#3 /var/www/doctoworld/vendor/laravel/framework/src/Illuminate/Container/Container.php(629): Illuminate\\Foundation\\Application->resolve('Spatie\\\\Cors\\\\Cor...', Array)
#4 /var/www/doctoworld/vendor/laravel/framework/src/Illuminate/Foundation/Application.php(770): Illuminate\\Container\\Container->make('Spatie\\\\Cors\\\\Cor...', Array)
#5 /var/www/doctoworld/vendor/laravel/framework/src/Illuminate/Container/Container.php(945): Illuminate\\Foundation\\Application->make('Spatie\\\\Cors\\\\Cor...')
#6 /var/www/doctoworld/vendor/laravel/framework/src/Illuminate/Container/Container.php(873): Illuminate\\Container\\Container->resolveClass(Object(ReflectionParameter))
#7 /var/www/doctoworld/vendor/laravel/framework/src/Illuminate/Container/Container.php(834): Illuminate\\Container\\Container->resolveDependencies(Array)
#8 /var/www/doctoworld/vendor/laravel/framework/src/Illuminate/Container/Container.php(681): Illuminate\\Container\\Container->build('Spatie\\\\Cors\\\\Cor...')
#9 /var/www/doctoworld/vendor/laravel/framework/src/Illuminate/Foundation/Application.php(785): Illuminate\\Container\\Container->resolve('Spatie\\\\Cors\\\\Cor...', Array, true)
#10 /var/www/doctoworld/vendor/laravel/framework/src/Illuminate/Container/Container.php(629): Illuminate\\Foundation\\Application->resolve('Spatie\\\\Cors\\\\Cor...', Array)
#11 /var/www/doctoworld/vendor/laravel/framework/src/Illuminate/Foundation/Application.php(770): Illuminate\\Container\\Container->make('Spatie\\\\Cors\\\\Cor...', Array)
#12 /var/www/doctoworld/vendor/laravel/framework/src/Illuminate/Foundation/Http/Kernel.php(209): Illuminate\\Foundation\\Application->make('Spatie\\\\Cors\\\\Cor...')
#13 /var/www/doctoworld/vendor/laravel/framework/src/Illuminate/Foundation/Http/Kernel.php(183): Illuminate\\Foundation\\Http\\Kernel->terminateMiddleware(Object(Illuminate\\Http\\Request), Object(Illuminate\\Http\\Response))
#14 /var/www/doctoworld/public/index.php(58): Illuminate\\Foundation\\Http\\Kernel->terminate(Object(Illuminate\\Http\\Request), Object(Illuminate\\Http\\Response))
#15 {main}
"} 
[2023-01-21 23:47:24] local.ERROR: include(/var/www/doctoworld/vendor/composer/../brotzka/laravel-dotenv-editor/src/DotenvEditorServiceProvider.php): failed to open stream: No such file or directory {"exception":"[object] (ErrorException(code: 0): include(/var/www/doctoworld/vendor/composer/../brotzka/laravel-dotenv-editor/src/DotenvEditorServiceProvider.php): failed to open stream: No such file or directory at /var/www/doctoworld/vendor/composer/ClassLoader.php:578)
[stacktrace]
#0 /var/www/doctoworld/vendor/composer/ClassLoader.php(578): Illuminate\\Foundation\\Bootstrap\\HandleExceptions->handleError(2, 'include(/var/ww...', '/var/www/doctow...', 578, Array)
#1 /var/www/doctoworld/vendor/composer/ClassLoader.php(578): include()
#2 /var/www/doctoworld/vendor/composer/ClassLoader.php(432): Composer\\Autoload\\ClassLoader::Composer\\Autoload\\{closure}('/var/www/doctow...')
#3 [internal function]: Composer\\Autoload\\ClassLoader->loadClass('Brotzka\\\\DotenvE...')
#4 /var/www/doctoworld/vendor/laravel/framework/src/Illuminate/Foundation/Application.php(679): spl_autoload_call('Brotzka\\\\DotenvE...')
#5 /var/www/doctoworld/vendor/laravel/framework/src/Illuminate/Foundation/Application.php(613): Illuminate\\Foundation\\Application->resolveProvider('Brotzka\\\\DotenvE...')
#6 /var/www/doctoworld/vendor/laravel/framework/src/Illuminate/Foundation/ProviderRepository.php(75): Illuminate\\Foundation\\Application->register('Brotzka\\\\DotenvE...')
#7 /var/www/doctoworld/vendor/laravel/framework/src/Illuminate/Foundation/Application.php(593): Illuminate\\Foundation\\ProviderRepository->load(Array)
#8 /var/www/doctoworld/vendor/laravel/framework/src/Illuminate/Foundation/Bootstrap/RegisterProviders.php(17): Illuminate\\Foundation\\Application->registerConfiguredProviders()
#9 /var/www/doctoworld/vendor/laravel/framework/src/Illuminate/Foundation/Application.php(219): Illuminate\\Foundation\\Bootstrap\\RegisterProviders->bootstrap(Object(Illuminate\\Foundation\\Application))
#10 /var/www/doctoworld/vendor/laravel/framework/src/Illuminate/Foundation/Http/Kernel.php(156): Illuminate\\Foundation\\Application->bootstrapWith(Array)
#11 /var/www/doctoworld/vendor/laravel/framework/src/Illuminate/Foundation/Http/Kernel.php(140): Illuminate\\Foundation\\Http\\Kernel->bootstrap()
#12 /var/www/doctoworld/vendor/laravel/framework/src/Illuminate/Foundation/Http/Kernel.php(110): Illuminate\\Foundation\\Http\\Kernel->sendRequestThroughRouter(Object(Illuminate\\Http\\Request))
#13 /var/www/doctoworld/public/index.php(53): Illuminate\\Foundation\\Http\\Kernel->handle(Object(Illuminate\\Http\\Request))
#14 {main}
"} 
[2023-01-21 23:47:24] local.ERROR: Target [Spatie\Cors\CorsProfile\CorsProfile] is not instantiable while building [Spatie\Cors\Cors]. {"exception":"[object] (Illuminate\\Contracts\\Container\\BindingResolutionException(code: 0): Target [Spatie\\Cors\\CorsProfile\\CorsProfile] is not instantiable while building [Spatie\\Cors\\Cors]. at /var/www/doctoworld/vendor/laravel/framework/src/Illuminate/Container/Container.php:978)
[stacktrace]
#0 /var/www/doctoworld/vendor/laravel/framework/src/Illuminate/Container/Container.php(812): Illuminate\\Container\\Container->notInstantiable('Spatie\\\\Cors\\\\Cor...')
#1 /var/www/doctoworld/vendor/laravel/framework/src/Illuminate/Container/Container.php(681): Illuminate\\Container\\Container->build('Spatie\\\\Cors\\\\Cor...')
#2 /var/www/doctoworld/vendor/laravel/framework/src/Illuminate/Foundation/Application.php(785): Illuminate\\Container\\Container->resolve('Spatie\\\\Cors\\\\Cor...', Array, true)
#3 /var/www/doctoworld/vendor/laravel/framework/src/Illuminate/Container/Container.php(629): Illuminate\\Foundation\\Application->resolve('Spatie\\\\Cors\\\\Cor...', Array)
#4 /var/www/doctoworld/vendor/laravel/framework/src/Illuminate/Foundation/Application.php(770): Illuminate\\Container\\Container->make('Spatie\\\\Cors\\\\Cor...', Array)
#5 /var/www/doctoworld/vendor/laravel/framework/src/Illuminate/Container/Container.php(945): Illuminate\\Foundation\\Application->make('Spatie\\\\Cors\\\\Cor...')
#6 /var/www/doctoworld/vendor/laravel/framework/src/Illuminate/Container/Container.php(873): Illuminate\\Container\\Container->resolveClass(Object(ReflectionParameter))
#7 /var/www/doctoworld/vendor/laravel/framework/src/Illuminate/Container/Container.php(834): Illuminate\\Container\\Container->resolveDependencies(Array)
#8 /var/www/doctoworld/vendor/laravel/framework/src/Illuminate/Container/Container.php(681): Illuminate\\Container\\Container->build('Spatie\\\\Cors\\\\Cor...')
#9 /var/www/doctoworld/vendor/laravel/framework/src/Illuminate/Foundation/Application.php(785): Illuminate\\Container\\Container->resolve('Spatie\\\\Cors\\\\Cor...', Array, true)
#10 /var/www/doctoworld/vendor/laravel/framework/src/Illuminate/Container/Container.php(629): Illuminate\\Foundation\\Application->resolve('Spatie\\\\Cors\\\\Cor...', Array)
#11 /var/www/doctoworld/vendor/laravel/framework/src/Illuminate/Foundation/Application.php(770): Illuminate\\Container\\Container->make('Spatie\\\\Cors\\\\Cor...', Array)
#12 /var/www/doctoworld/vendor/laravel/framework/src/Illuminate/Foundation/Http/Kernel.php(209): Illuminate\\Foundation\\Application->make('Spatie\\\\Cors\\\\Cor...')
#13 /var/www/doctoworld/vendor/laravel/framework/src/Illuminate/Foundation/Http/Kernel.php(183): Illuminate\\Foundation\\Http\\Kernel->terminateMiddleware(Object(Illuminate\\Http\\Request), Object(Illuminate\\Http\\Response))
#14 /var/www/doctoworld/public/index.php(58): Illuminate\\Foundation\\Http\\Kernel->terminate(Object(Illuminate\\Http\\Request), Object(Illuminate\\Http\\Response))
#15 {main}
"} 
[2023-01-21 23:47:30] local.ERROR: include(/var/www/doctoworld/vendor/composer/../brotzka/laravel-dotenv-editor/src/DotenvEditorServiceProvider.php): failed to open stream: No such file or directory {"exception":"[object] (ErrorException(code: 0): include(/var/www/doctoworld/vendor/composer/../brotzka/laravel-dotenv-editor/src/DotenvEditorServiceProvider.php): failed to open stream: No such file or directory at /var/www/doctoworld/vendor/composer/ClassLoader.php:578)
[stacktrace]
#0 /var/www/doctoworld/vendor/composer/ClassLoader.php(578): Illuminate\\Foundation\\Bootstrap\\HandleExceptions->handleError(2, 'include(/var/ww...', '/var/www/doctow...', 578, Array)
#1 /var/www/doctoworld/vendor/composer/ClassLoader.php(578): include()
#2 /var/www/doctoworld/vendor/composer/ClassLoader.php(432): Composer\\Autoload\\ClassLoader::Composer\\Autoload\\{closure}('/var/www/doctow...')
#3 [internal function]: Composer\\Autoload\\ClassLoader->loadClass('Brotzka\\\\DotenvE...')
#4 /var/www/doctoworld/vendor/laravel/framework/src/Illuminate/Foundation/Application.php(679): spl_autoload_call('Brotzka\\\\DotenvE...')
#5 /var/www/doctoworld/vendor/laravel/framework/src/Illuminate/Foundation/Application.php(613): Illuminate\\Foundation\\Application->resolveProvider('Brotzka\\\\DotenvE...')
#6 /var/www/doctoworld/vendor/laravel/framework/src/Illuminate/Foundation/ProviderRepository.php(75): Illuminate\\Foundation\\Application->register('Brotzka\\\\DotenvE...')
#7 /var/www/doctoworld/vendor/laravel/framework/src/Illuminate/Foundation/Application.php(593): Illuminate\\Foundation\\ProviderRepository->load(Array)
#8 /var/www/doctoworld/vendor/laravel/framework/src/Illuminate/Foundation/Bootstrap/RegisterProviders.php(17): Illuminate\\Foundation\\Application->registerConfiguredProviders()
#9 /var/www/doctoworld/vendor/laravel/framework/src/Illuminate/Foundation/Application.php(219): Illuminate\\Foundation\\Bootstrap\\RegisterProviders->bootstrap(Object(Illuminate\\Foundation\\Application))
#10 /var/www/doctoworld/vendor/laravel/framework/src/Illuminate/Foundation/Http/Kernel.php(156): Illuminate\\Foundation\\Application->bootstrapWith(Array)
#11 /var/www/doctoworld/vendor/laravel/framework/src/Illuminate/Foundation/Http/Kernel.php(140): Illuminate\\Foundation\\Http\\Kernel->bootstrap()
#12 /var/www/doctoworld/vendor/laravel/framework/src/Illuminate/Foundation/Http/Kernel.php(110): Illuminate\\Foundation\\Http\\Kernel->sendRequestThroughRouter(Object(Illuminate\\Http\\Request))
#13 /var/www/doctoworld/public/index.php(53): Illuminate\\Foundation\\Http\\Kernel->handle(Object(Illuminate\\Http\\Request))
#14 {main}
"} 
[2023-01-21 23:47:30] local.ERROR: Target [Spatie\Cors\CorsProfile\CorsProfile] is not instantiable while building [Spatie\Cors\Cors]. {"exception":"[object] (Illuminate\\Contracts\\Container\\BindingResolutionException(code: 0): Target [Spatie\\Cors\\CorsProfile\\CorsProfile] is not instantiable while building [Spatie\\Cors\\Cors]. at /var/www/doctoworld/vendor/laravel/framework/src/Illuminate/Container/Container.php:978)
[stacktrace]
#0 /var/www/doctoworld/vendor/laravel/framework/src/Illuminate/Container/Container.php(812): Illuminate\\Container\\Container->notInstantiable('Spatie\\\\Cors\\\\Cor...')
#1 /var/www/doctoworld/vendor/laravel/framework/src/Illuminate/Container/Container.php(681): Illuminate\\Container\\Container->build('Spatie\\\\Cors\\\\Cor...')
#2 /var/www/doctoworld/vendor/laravel/framework/src/Illuminate/Foundation/Application.php(785): Illuminate\\Container\\Container->resolve('Spatie\\\\Cors\\\\Cor...', Array, true)
#3 /var/www/doctoworld/vendor/laravel/framework/src/Illuminate/Container/Container.php(629): Illuminate\\Foundation\\Application->resolve('Spatie\\\\Cors\\\\Cor...', Array)
#4 /var/www/doctoworld/vendor/laravel/framework/src/Illuminate/Foundation/Application.php(770): Illuminate\\Container\\Container->make('Spatie\\\\Cors\\\\Cor...', Array)
#5 /var/www/doctoworld/vendor/laravel/framework/src/Illuminate/Container/Container.php(945): Illuminate\\Foundation\\Application->make('Spatie\\\\Cors\\\\Cor...')
#6 /var/www/doctoworld/vendor/laravel/framework/src/Illuminate/Container/Container.php(873): Illuminate\\Container\\Container->resolveClass(Object(ReflectionParameter))
#7 /var/www/doctoworld/vendor/laravel/framework/src/Illuminate/Container/Container.php(834): Illuminate\\Container\\Container->resolveDependencies(Array)
#8 /var/www/doctoworld/vendor/laravel/framework/src/Illuminate/Container/Container.php(681): Illuminate\\Container\\Container->build('Spatie\\\\Cors\\\\Cor...')
#9 /var/www/doctoworld/vendor/laravel/framework/src/Illuminate/Foundation/Application.php(785): Illuminate\\Container\\Container->resolve('Spatie\\\\Cors\\\\Cor...', Array, true)
#10 /var/www/doctoworld/vendor/laravel/framework/src/Illuminate/Container/Container.php(629): Illuminate\\Foundation\\Application->resolve('Spatie\\\\Cors\\\\Cor...', Array)
#11 /var/www/doctoworld/vendor/laravel/framework/src/Illuminate/Foundation/Application.php(770): Illuminate\\Container\\Container->make('Spatie\\\\Cors\\\\Cor...', Array)
#12 /var/www/doctoworld/vendor/laravel/framework/src/Illuminate/Foundation/Http/Kernel.php(209): Illuminate\\Foundation\\Application->make('Spatie\\\\Cors\\\\Cor...')
#13 /var/www/doctoworld/vendor/laravel/framework/src/Illuminate/Foundation/Http/Kernel.php(183): Illuminate\\Foundation\\Http\\Kernel->terminateMiddleware(Object(Illuminate\\Http\\Request), Object(Illuminate\\Http\\Response))
#14 /var/www/doctoworld/public/index.php(58): Illuminate\\Foundation\\Http\\Kernel->terminate(Object(Illuminate\\Http\\Request), Object(Illuminate\\Http\\Response))
#15 {main}
"} 
[2023-01-21 23:48:58] local.ERROR: include(/var/www/doctoworld/vendor/composer/../brotzka/laravel-dotenv-editor/src/DotenvEditorServiceProvider.php): failed to open stream: No such file or directory {"exception":"[object] (ErrorException(code: 0): include(/var/www/doctoworld/vendor/composer/../brotzka/laravel-dotenv-editor/src/DotenvEditorServiceProvider.php): failed to open stream: No such file or directory at /var/www/doctoworld/vendor/composer/ClassLoader.php:578)
[stacktrace]
#0 /var/www/doctoworld/vendor/composer/ClassLoader.php(578): Illuminate\\Foundation\\Bootstrap\\HandleExceptions->handleError(2, 'include(/var/ww...', '/var/www/doctow...', 578, Array)
#1 /var/www/doctoworld/vendor/composer/ClassLoader.php(578): include()
#2 /var/www/doctoworld/vendor/composer/ClassLoader.php(432): Composer\\Autoload\\ClassLoader::Composer\\Autoload\\{closure}('/var/www/doctow...')
#3 [internal function]: Composer\\Autoload\\ClassLoader->loadClass('Brotzka\\\\DotenvE...')
#4 /var/www/doctoworld/vendor/laravel/framework/src/Illuminate/Foundation/Application.php(679): spl_autoload_call('Brotzka\\\\DotenvE...')
#5 /var/www/doctoworld/vendor/laravel/framework/src/Illuminate/Foundation/Application.php(613): Illuminate\\Foundation\\Application->resolveProvider('Brotzka\\\\DotenvE...')
#6 /var/www/doctoworld/vendor/laravel/framework/src/Illuminate/Foundation/ProviderRepository.php(75): Illuminate\\Foundation\\Application->register('Brotzka\\\\DotenvE...')
#7 /var/www/doctoworld/vendor/laravel/framework/src/Illuminate/Foundation/Application.php(593): Illuminate\\Foundation\\ProviderRepository->load(Array)
#8 /var/www/doctoworld/vendor/laravel/framework/src/Illuminate/Foundation/Bootstrap/RegisterProviders.php(17): Illuminate\\Foundation\\Application->registerConfiguredProviders()
#9 /var/www/doctoworld/vendor/laravel/framework/src/Illuminate/Foundation/Application.php(219): Illuminate\\Foundation\\Bootstrap\\RegisterProviders->bootstrap(Object(Illuminate\\Foundation\\Application))
#10 /var/www/doctoworld/vendor/laravel/framework/src/Illuminate/Foundation/Console/Kernel.php(320): Illuminate\\Foundation\\Application->bootstrapWith(Array)
#11 /var/www/doctoworld/vendor/laravel/framework/src/Illuminate/Foundation/Console/Kernel.php(129): Illuminate\\Foundation\\Console\\Kernel->bootstrap()
#12 /var/www/doctoworld/artisan(35): Illuminate\\Foundation\\Console\\Kernel->handle(Object(Symfony\\Component\\Console\\Input\\ArgvInput), Object(Symfony\\Component\\Console\\Output\\ConsoleOutput))
#13 {main}
"} 
[2023-01-21 23:50:05] local.ERROR: The /var/www/doctoworld/bootstrap/cache directory must be present and writable. {"exception":"[object] (Exception(code: 0): The /var/www/doctoworld/bootstrap/cache directory must be present and writable. at /var/www/doctoworld/vendor/laravel/framework/src/Illuminate/Foundation/PackageManifest.php:177)
[stacktrace]
#0 /var/www/doctoworld/vendor/laravel/framework/src/Illuminate/Foundation/PackageManifest.php(136): Illuminate\\Foundation\\PackageManifest->write(Array)
#1 /var/www/doctoworld/vendor/laravel/framework/src/Illuminate/Foundation/PackageManifest.php(106): Illuminate\\Foundation\\PackageManifest->build()
#2 /var/www/doctoworld/vendor/laravel/framework/src/Illuminate/Foundation/PackageManifest.php(89): Illuminate\\Foundation\\PackageManifest->getManifest()
#3 /var/www/doctoworld/vendor/laravel/framework/src/Illuminate/Foundation/PackageManifest.php(78): Illuminate\\Foundation\\PackageManifest->config('aliases')
#4 /var/www/doctoworld/vendor/laravel/framework/src/Illuminate/Foundation/Bootstrap/RegisterFacades.php(26): Illuminate\\Foundation\\PackageManifest->aliases()
#5 /var/www/doctoworld/vendor/laravel/framework/src/Illuminate/Foundation/Application.php(219): Illuminate\\Foundation\\Bootstrap\\RegisterFacades->bootstrap(Object(Illuminate\\Foundation\\Application))
#6 /var/www/doctoworld/vendor/laravel/framework/src/Illuminate/Foundation/Http/Kernel.php(156): Illuminate\\Foundation\\Application->bootstrapWith(Array)
#7 /var/www/doctoworld/vendor/laravel/framework/src/Illuminate/Foundation/Http/Kernel.php(140): Illuminate\\Foundation\\Http\\Kernel->bootstrap()
#8 /var/www/doctoworld/vendor/laravel/framework/src/Illuminate/Foundation/Http/Kernel.php(110): Illuminate\\Foundation\\Http\\Kernel->sendRequestThroughRouter(Object(Illuminate\\Http\\Request))
#9 /var/www/doctoworld/public/index.php(53): Illuminate\\Foundation\\Http\\Kernel->handle(Object(Illuminate\\Http\\Request))
#10 {main}
"} 
[2023-01-21 23:50:05] local.ERROR: Target [Spatie\Cors\CorsProfile\CorsProfile] is not instantiable while building [Spatie\Cors\Cors]. {"exception":"[object] (Illuminate\\Contracts\\Container\\BindingResolutionException(code: 0): Target [Spatie\\Cors\\CorsProfile\\CorsProfile] is not instantiable while building [Spatie\\Cors\\Cors]. at /var/www/doctoworld/vendor/laravel/framework/src/Illuminate/Container/Container.php:978)
[stacktrace]
#0 /var/www/doctoworld/vendor/laravel/framework/src/Illuminate/Container/Container.php(812): Illuminate\\Container\\Container->notInstantiable('Spatie\\\\Cors\\\\Cor...')
#1 /var/www/doctoworld/vendor/laravel/framework/src/Illuminate/Container/Container.php(681): Illuminate\\Container\\Container->build('Spatie\\\\Cors\\\\Cor...')
#2 /var/www/doctoworld/vendor/laravel/framework/src/Illuminate/Foundation/Application.php(785): Illuminate\\Container\\Container->resolve('Spatie\\\\Cors\\\\Cor...', Array, true)
#3 /var/www/doctoworld/vendor/laravel/framework/src/Illuminate/Container/Container.php(629): Illuminate\\Foundation\\Application->resolve('Spatie\\\\Cors\\\\Cor...', Array)
#4 /var/www/doctoworld/vendor/laravel/framework/src/Illuminate/Foundation/Application.php(770): Illuminate\\Container\\Container->make('Spatie\\\\Cors\\\\Cor...', Array)
#5 /var/www/doctoworld/vendor/laravel/framework/src/Illuminate/Container/Container.php(945): Illuminate\\Foundation\\Application->make('Spatie\\\\Cors\\\\Cor...')
#6 /var/www/doctoworld/vendor/laravel/framework/src/Illuminate/Container/Container.php(873): Illuminate\\Container\\Container->resolveClass(Object(ReflectionParameter))
#7 /var/www/doctoworld/vendor/laravel/framework/src/Illuminate/Container/Container.php(834): Illuminate\\Container\\Container->resolveDependencies(Array)
#8 /var/www/doctoworld/vendor/laravel/framework/src/Illuminate/Container/Container.php(681): Illuminate\\Container\\Container->build('Spatie\\\\Cors\\\\Cor...')
#9 /var/www/doctoworld/vendor/laravel/framework/src/Illuminate/Foundation/Application.php(785): Illuminate\\Container\\Container->resolve('Spatie\\\\Cors\\\\Cor...', Array, true)
#10 /var/www/doctoworld/vendor/laravel/framework/src/Illuminate/Container/Container.php(629): Illuminate\\Foundation\\Application->resolve('Spatie\\\\Cors\\\\Cor...', Array)
#11 /var/www/doctoworld/vendor/laravel/framework/src/Illuminate/Foundation/Application.php(770): Illuminate\\Container\\Container->make('Spatie\\\\Cors\\\\Cor...', Array)
#12 /var/www/doctoworld/vendor/laravel/framework/src/Illuminate/Foundation/Http/Kernel.php(209): Illuminate\\Foundation\\Application->make('Spatie\\\\Cors\\\\Cor...')
#13 /var/www/doctoworld/vendor/laravel/framework/src/Illuminate/Foundation/Http/Kernel.php(183): Illuminate\\Foundation\\Http\\Kernel->terminateMiddleware(Object(Illuminate\\Http\\Request), Object(Illuminate\\Http\\Response))
#14 /var/www/doctoworld/public/index.php(58): Illuminate\\Foundation\\Http\\Kernel->terminate(Object(Illuminate\\Http\\Request), Object(Illuminate\\Http\\Response))
#15 {main}
"} 
