[2021-11-19 00:14:27] local.ERROR: Call to undefined method Illuminate\Database\Eloquent\Builder::mapInto() {"userId":1,"exception":"[object] (BadMethodCallException(code: 0): Call to undefined method Illuminate\\Database\\Eloquent\\Builder::mapInto() at /Applications/XAMPP/xamppfiles/htdocs/doctoworld/doctoworld/vendor/laravel/framework/src/Illuminate/Support/Traits/ForwardsCalls.php:50)
[stacktrace]
#0 /Applications/XAMPP/xamppfiles/htdocs/doctoworld/doctoworld/vendor/laravel/framework/src/Illuminate/Support/Traits/ForwardsCalls.php(36): Illuminate\\Database\\Eloquent\\Builder::throwBadMethodCallException('mapInto')
#1 /Applications/XAMPP/xamppfiles/htdocs/doctoworld/doctoworld/vendor/laravel/framework/src/Illuminate/Database/Eloquent/Builder.php(1388): Illuminate\\Database\\Eloquent\\Builder->forwardCallTo(Object(Illuminate\\Database\\Query\\Builder), 'mapInto', Array)
#2 /Applications/XAMPP/xamppfiles/htdocs/doctoworld/doctoworld/vendor/laravel/framework/src/Illuminate/Http/Resources/CollectsResources.php(30): Illuminate\\Database\\Eloquent\\Builder->__call('mapInto', Array)
#3 /Applications/XAMPP/xamppfiles/htdocs/doctoworld/doctoworld/vendor/laravel/framework/src/Illuminate/Http/Resources/Json/ResourceCollection.php(52): Illuminate\\Http\\Resources\\Json\\ResourceCollection->collectResource(Object(Illuminate\\Database\\Eloquent\\Builder))
#4 /Applications/XAMPP/xamppfiles/htdocs/doctoworld/doctoworld/vendor/laravel/framework/src/Illuminate/Http/Resources/Json/AnonymousResourceCollection.php(25): Illuminate\\Http\\Resources\\Json\\ResourceCollection->__construct(Object(Illuminate\\Database\\Eloquent\\Builder))
#5 /Applications/XAMPP/xamppfiles/htdocs/doctoworld/doctoworld/vendor/laravel/framework/src/Illuminate/Http/Resources/Json/JsonResource.php(78): Illuminate\\Http\\Resources\\Json\\AnonymousResourceCollection->__construct(Object(Illuminate\\Database\\Eloquent\\Builder), 'Vtlabs\\\\Doctor\\\\H...')
#6 /Applications/XAMPP/xamppfiles/htdocs/doctoworld/doctoworld/vendor/vtlabs/doctor/src/Http/Controllers/Api/Admin/BloodgroupController.php(33): Illuminate\\Http\\Resources\\Json\\JsonResource::collection(Object(Illuminate\\Database\\Eloquent\\Builder))
#7 /Applications/XAMPP/xamppfiles/htdocs/doctoworld/doctoworld/vendor/laravel/framework/src/Illuminate/Routing/Controller.php(54): Vtlabs\\Doctor\\Http\\Controllers\\Api\\Admin\\BloodgroupController->index(Object(Illuminate\\Http\\Request))
#8 /Applications/XAMPP/xamppfiles/htdocs/doctoworld/doctoworld/vendor/laravel/framework/src/Illuminate/Routing/ControllerDispatcher.php(45): Illuminate\\Routing\\Controller->callAction('index', Array)
#9 /Applications/XAMPP/xamppfiles/htdocs/doctoworld/doctoworld/vendor/laravel/framework/src/Illuminate/Routing/Route.php(219): Illuminate\\Routing\\ControllerDispatcher->dispatch(Object(Illuminate\\Routing\\Route), Object(Vtlabs\\Doctor\\Http\\Controllers\\Api\\Admin\\BloodgroupController), 'index')
#10 /Applications/XAMPP/xamppfiles/htdocs/doctoworld/doctoworld/vendor/laravel/framework/src/Illuminate/Routing/Route.php(176): Illuminate\\Routing\\Route->runController()
#11 /Applications/XAMPP/xamppfiles/htdocs/doctoworld/doctoworld/vendor/laravel/framework/src/Illuminate/Routing/Router.php(681): Illuminate\\Routing\\Route->run()
#12 /Applications/XAMPP/xamppfiles/htdocs/doctoworld/doctoworld/vendor/laravel/framework/src/Illuminate/Pipeline/Pipeline.php(130): Illuminate\\Routing\\Router->Illuminate\\Routing\\{closure}(Object(Illuminate\\Http\\Request))
#13 /Applications/XAMPP/xamppfiles/htdocs/doctoworld/doctoworld/vendor/vtlabs/core/src/Http/Middleware/DetectLocale.php(24): Illuminate\\Pipeline\\Pipeline->Illuminate\\Pipeline\\{closure}(Object(Illuminate\\Http\\Request))
#14 /Applications/XAMPP/xamppfiles/htdocs/doctoworld/doctoworld/vendor/laravel/framework/src/Illuminate/Pipeline/Pipeline.php(171): Vtlabs\\Core\\Http\\Middleware\\DetectLocale->handle(Object(Illuminate\\Http\\Request), Object(Closure))
#15 /Applications/XAMPP/xamppfiles/htdocs/doctoworld/doctoworld/vendor/laravel/framework/src/Illuminate/Routing/Middleware/SubstituteBindings.php(41): Illuminate\\Pipeline\\Pipeline->Illuminate\\Pipeline\\{closure}(Object(Illuminate\\Http\\Request))
#16 /Applications/XAMPP/xamppfiles/htdocs/doctoworld/doctoworld/vendor/laravel/framework/src/Illuminate/Pipeline/Pipeline.php(171): Illuminate\\Routing\\Middleware\\SubstituteBindings->handle(Object(Illuminate\\Http\\Request), Object(Closure))
#17 /Applications/XAMPP/xamppfiles/htdocs/doctoworld/doctoworld/vendor/laravel/framework/src/Illuminate/Auth/Middleware/Authenticate.php(43): Illuminate\\Pipeline\\Pipeline->Illuminate\\Pipeline\\{closure}(Object(Illuminate\\Http\\Request))
#18 /Applications/XAMPP/xamppfiles/htdocs/doctoworld/doctoworld/vendor/laravel/framework/src/Illuminate/Pipeline/Pipeline.php(171): Illuminate\\Auth\\Middleware\\Authenticate->handle(Object(Illuminate\\Http\\Request), Object(Closure), 'api')
#19 /Applications/XAMPP/xamppfiles/htdocs/doctoworld/doctoworld/vendor/laravel/framework/src/Illuminate/Routing/Middleware/ThrottleRequests.php(59): Illuminate\\Pipeline\\Pipeline->Illuminate\\Pipeline\\{closure}(Object(Illuminate\\Http\\Request))
#20 /Applications/XAMPP/xamppfiles/htdocs/doctoworld/doctoworld/vendor/laravel/framework/src/Illuminate/Pipeline/Pipeline.php(171): Illuminate\\Routing\\Middleware\\ThrottleRequests->handle(Object(Illuminate\\Http\\Request), Object(Closure), 60, '1')
#21 /Applications/XAMPP/xamppfiles/htdocs/doctoworld/doctoworld/vendor/laravel/framework/src/Illuminate/Pipeline/Pipeline.php(105): Illuminate\\Pipeline\\Pipeline->Illuminate\\Pipeline\\{closure}(Object(Illuminate\\Http\\Request))
#22 /Applications/XAMPP/xamppfiles/htdocs/doctoworld/doctoworld/vendor/laravel/framework/src/Illuminate/Routing/Router.php(683): Illuminate\\Pipeline\\Pipeline->then(Object(Closure))
#23 /Applications/XAMPP/xamppfiles/htdocs/doctoworld/doctoworld/vendor/laravel/framework/src/Illuminate/Routing/Router.php(658): Illuminate\\Routing\\Router->runRouteWithinStack(Object(Illuminate\\Routing\\Route), Object(Illuminate\\Http\\Request))
#24 /Applications/XAMPP/xamppfiles/htdocs/doctoworld/doctoworld/vendor/laravel/framework/src/Illuminate/Routing/Router.php(624): Illuminate\\Routing\\Router->runRoute(Object(Illuminate\\Http\\Request), Object(Illuminate\\Routing\\Route))
#25 /Applications/XAMPP/xamppfiles/htdocs/doctoworld/doctoworld/vendor/laravel/framework/src/Illuminate/Routing/Router.php(613): Illuminate\\Routing\\Router->dispatchToRoute(Object(Illuminate\\Http\\Request))
#26 /Applications/XAMPP/xamppfiles/htdocs/doctoworld/doctoworld/vendor/laravel/framework/src/Illuminate/Foundation/Http/Kernel.php(170): Illuminate\\Routing\\Router->dispatch(Object(Illuminate\\Http\\Request))
#27 /Applications/XAMPP/xamppfiles/htdocs/doctoworld/doctoworld/vendor/laravel/framework/src/Illuminate/Pipeline/Pipeline.php(130): Illuminate\\Foundation\\Http\\Kernel->Illuminate\\Foundation\\Http\\{closure}(Object(Illuminate\\Http\\Request))
#28 /Applications/XAMPP/xamppfiles/htdocs/doctoworld/doctoworld/vendor/barryvdh/laravel-debugbar/src/Middleware/InjectDebugbar.php(67): Illuminate\\Pipeline\\Pipeline->Illuminate\\Pipeline\\{closure}(Object(Illuminate\\Http\\Request))
#29 /Applications/XAMPP/xamppfiles/htdocs/doctoworld/doctoworld/vendor/laravel/framework/src/Illuminate/Pipeline/Pipeline.php(171): Barryvdh\\Debugbar\\Middleware\\InjectDebugbar->handle(Object(Illuminate\\Http\\Request), Object(Closure))
#30 /Applications/XAMPP/xamppfiles/htdocs/doctoworld/doctoworld/vendor/spatie/laravel-cors/src/Cors.php(41): Illuminate\\Pipeline\\Pipeline->Illuminate\\Pipeline\\{closure}(Object(Illuminate\\Http\\Request))
#31 /Applications/XAMPP/xamppfiles/htdocs/doctoworld/doctoworld/vendor/laravel/framework/src/Illuminate/Pipeline/Pipeline.php(171): Spatie\\Cors\\Cors->handle(Object(Illuminate\\Http\\Request), Object(Closure))
#32 /Applications/XAMPP/xamppfiles/htdocs/doctoworld/doctoworld/vendor/laravel/framework/src/Illuminate/Foundation/Http/Middleware/TransformsRequest.php(21): Illuminate\\Pipeline\\Pipeline->Illuminate\\Pipeline\\{closure}(Object(Illuminate\\Http\\Request))
#33 /Applications/XAMPP/xamppfiles/htdocs/doctoworld/doctoworld/vendor/laravel/framework/src/Illuminate/Pipeline/Pipeline.php(171): Illuminate\\Foundation\\Http\\Middleware\\TransformsRequest->handle(Object(Illuminate\\Http\\Request), Object(Closure))
#34 /Applications/XAMPP/xamppfiles/htdocs/doctoworld/doctoworld/vendor/laravel/framework/src/Illuminate/Foundation/Http/Middleware/TransformsRequest.php(21): Illuminate\\Pipeline\\Pipeline->Illuminate\\Pipeline\\{closure}(Object(Illuminate\\Http\\Request))
#35 /Applications/XAMPP/xamppfiles/htdocs/doctoworld/doctoworld/vendor/laravel/framework/src/Illuminate/Pipeline/Pipeline.php(171): Illuminate\\Foundation\\Http\\Middleware\\TransformsRequest->handle(Object(Illuminate\\Http\\Request), Object(Closure))
#36 /Applications/XAMPP/xamppfiles/htdocs/doctoworld/doctoworld/vendor/laravel/framework/src/Illuminate/Foundation/Http/Middleware/ValidatePostSize.php(27): Illuminate\\Pipeline\\Pipeline->Illuminate\\Pipeline\\{closure}(Object(Illuminate\\Http\\Request))
#37 /Applications/XAMPP/xamppfiles/htdocs/doctoworld/doctoworld/vendor/laravel/framework/src/Illuminate/Pipeline/Pipeline.php(171): Illuminate\\Foundation\\Http\\Middleware\\ValidatePostSize->handle(Object(Illuminate\\Http\\Request), Object(Closure))
#38 /Applications/XAMPP/xamppfiles/htdocs/doctoworld/doctoworld/vendor/laravel/framework/src/Illuminate/Foundation/Http/Middleware/CheckForMaintenanceMode.php(63): Illuminate\\Pipeline\\Pipeline->Illuminate\\Pipeline\\{closure}(Object(Illuminate\\Http\\Request))
#39 /Applications/XAMPP/xamppfiles/htdocs/doctoworld/doctoworld/vendor/laravel/framework/src/Illuminate/Pipeline/Pipeline.php(171): Illuminate\\Foundation\\Http\\Middleware\\CheckForMaintenanceMode->handle(Object(Illuminate\\Http\\Request), Object(Closure))
#40 /Applications/XAMPP/xamppfiles/htdocs/doctoworld/doctoworld/vendor/laravel/framework/src/Illuminate/Pipeline/Pipeline.php(105): Illuminate\\Pipeline\\Pipeline->Illuminate\\Pipeline\\{closure}(Object(Illuminate\\Http\\Request))
#41 /Applications/XAMPP/xamppfiles/htdocs/doctoworld/doctoworld/vendor/laravel/framework/src/Illuminate/Foundation/Http/Kernel.php(145): Illuminate\\Pipeline\\Pipeline->then(Object(Closure))
#42 /Applications/XAMPP/xamppfiles/htdocs/doctoworld/doctoworld/vendor/laravel/framework/src/Illuminate/Foundation/Http/Kernel.php(110): Illuminate\\Foundation\\Http\\Kernel->sendRequestThroughRouter(Object(Illuminate\\Http\\Request))
#43 /Applications/XAMPP/xamppfiles/htdocs/doctoworld/doctoworld/public/index.php(53): Illuminate\\Foundation\\Http\\Kernel->handle(Object(Illuminate\\Http\\Request))
#44 {main}
"} 
[2021-11-19 00:14:35] local.ERROR: Call to undefined method Illuminate\Database\Eloquent\Builder::mapInto() {"userId":1,"exception":"[object] (BadMethodCallException(code: 0): Call to undefined method Illuminate\\Database\\Eloquent\\Builder::mapInto() at /Applications/XAMPP/xamppfiles/htdocs/doctoworld/doctoworld/vendor/laravel/framework/src/Illuminate/Support/Traits/ForwardsCalls.php:50)
[stacktrace]
#0 /Applications/XAMPP/xamppfiles/htdocs/doctoworld/doctoworld/vendor/laravel/framework/src/Illuminate/Support/Traits/ForwardsCalls.php(36): Illuminate\\Database\\Eloquent\\Builder::throwBadMethodCallException('mapInto')
#1 /Applications/XAMPP/xamppfiles/htdocs/doctoworld/doctoworld/vendor/laravel/framework/src/Illuminate/Database/Eloquent/Builder.php(1388): Illuminate\\Database\\Eloquent\\Builder->forwardCallTo(Object(Illuminate\\Database\\Query\\Builder), 'mapInto', Array)
#2 /Applications/XAMPP/xamppfiles/htdocs/doctoworld/doctoworld/vendor/laravel/framework/src/Illuminate/Http/Resources/CollectsResources.php(30): Illuminate\\Database\\Eloquent\\Builder->__call('mapInto', Array)
#3 /Applications/XAMPP/xamppfiles/htdocs/doctoworld/doctoworld/vendor/laravel/framework/src/Illuminate/Http/Resources/Json/ResourceCollection.php(52): Illuminate\\Http\\Resources\\Json\\ResourceCollection->collectResource(Object(Illuminate\\Database\\Eloquent\\Builder))
#4 /Applications/XAMPP/xamppfiles/htdocs/doctoworld/doctoworld/vendor/laravel/framework/src/Illuminate/Http/Resources/Json/AnonymousResourceCollection.php(25): Illuminate\\Http\\Resources\\Json\\ResourceCollection->__construct(Object(Illuminate\\Database\\Eloquent\\Builder))
#5 /Applications/XAMPP/xamppfiles/htdocs/doctoworld/doctoworld/vendor/laravel/framework/src/Illuminate/Http/Resources/Json/JsonResource.php(78): Illuminate\\Http\\Resources\\Json\\AnonymousResourceCollection->__construct(Object(Illuminate\\Database\\Eloquent\\Builder), 'Vtlabs\\\\Doctor\\\\H...')
#6 /Applications/XAMPP/xamppfiles/htdocs/doctoworld/doctoworld/vendor/vtlabs/doctor/src/Http/Controllers/Api/Admin/BloodgroupController.php(33): Illuminate\\Http\\Resources\\Json\\JsonResource::collection(Object(Illuminate\\Database\\Eloquent\\Builder))
#7 /Applications/XAMPP/xamppfiles/htdocs/doctoworld/doctoworld/vendor/laravel/framework/src/Illuminate/Routing/Controller.php(54): Vtlabs\\Doctor\\Http\\Controllers\\Api\\Admin\\BloodgroupController->index(Object(Illuminate\\Http\\Request))
#8 /Applications/XAMPP/xamppfiles/htdocs/doctoworld/doctoworld/vendor/laravel/framework/src/Illuminate/Routing/ControllerDispatcher.php(45): Illuminate\\Routing\\Controller->callAction('index', Array)
#9 /Applications/XAMPP/xamppfiles/htdocs/doctoworld/doctoworld/vendor/laravel/framework/src/Illuminate/Routing/Route.php(219): Illuminate\\Routing\\ControllerDispatcher->dispatch(Object(Illuminate\\Routing\\Route), Object(Vtlabs\\Doctor\\Http\\Controllers\\Api\\Admin\\BloodgroupController), 'index')
#10 /Applications/XAMPP/xamppfiles/htdocs/doctoworld/doctoworld/vendor/laravel/framework/src/Illuminate/Routing/Route.php(176): Illuminate\\Routing\\Route->runController()
#11 /Applications/XAMPP/xamppfiles/htdocs/doctoworld/doctoworld/vendor/laravel/framework/src/Illuminate/Routing/Router.php(681): Illuminate\\Routing\\Route->run()
#12 /Applications/XAMPP/xamppfiles/htdocs/doctoworld/doctoworld/vendor/laravel/framework/src/Illuminate/Pipeline/Pipeline.php(130): Illuminate\\Routing\\Router->Illuminate\\Routing\\{closure}(Object(Illuminate\\Http\\Request))
#13 /Applications/XAMPP/xamppfiles/htdocs/doctoworld/doctoworld/vendor/vtlabs/core/src/Http/Middleware/DetectLocale.php(24): Illuminate\\Pipeline\\Pipeline->Illuminate\\Pipeline\\{closure}(Object(Illuminate\\Http\\Request))
#14 /Applications/XAMPP/xamppfiles/htdocs/doctoworld/doctoworld/vendor/laravel/framework/src/Illuminate/Pipeline/Pipeline.php(171): Vtlabs\\Core\\Http\\Middleware\\DetectLocale->handle(Object(Illuminate\\Http\\Request), Object(Closure))
#15 /Applications/XAMPP/xamppfiles/htdocs/doctoworld/doctoworld/vendor/laravel/framework/src/Illuminate/Routing/Middleware/SubstituteBindings.php(41): Illuminate\\Pipeline\\Pipeline->Illuminate\\Pipeline\\{closure}(Object(Illuminate\\Http\\Request))
#16 /Applications/XAMPP/xamppfiles/htdocs/doctoworld/doctoworld/vendor/laravel/framework/src/Illuminate/Pipeline/Pipeline.php(171): Illuminate\\Routing\\Middleware\\SubstituteBindings->handle(Object(Illuminate\\Http\\Request), Object(Closure))
#17 /Applications/XAMPP/xamppfiles/htdocs/doctoworld/doctoworld/vendor/laravel/framework/src/Illuminate/Auth/Middleware/Authenticate.php(43): Illuminate\\Pipeline\\Pipeline->Illuminate\\Pipeline\\{closure}(Object(Illuminate\\Http\\Request))
#18 /Applications/XAMPP/xamppfiles/htdocs/doctoworld/doctoworld/vendor/laravel/framework/src/Illuminate/Pipeline/Pipeline.php(171): Illuminate\\Auth\\Middleware\\Authenticate->handle(Object(Illuminate\\Http\\Request), Object(Closure), 'api')
#19 /Applications/XAMPP/xamppfiles/htdocs/doctoworld/doctoworld/vendor/laravel/framework/src/Illuminate/Routing/Middleware/ThrottleRequests.php(59): Illuminate\\Pipeline\\Pipeline->Illuminate\\Pipeline\\{closure}(Object(Illuminate\\Http\\Request))
#20 /Applications/XAMPP/xamppfiles/htdocs/doctoworld/doctoworld/vendor/laravel/framework/src/Illuminate/Pipeline/Pipeline.php(171): Illuminate\\Routing\\Middleware\\ThrottleRequests->handle(Object(Illuminate\\Http\\Request), Object(Closure), 60, '1')
#21 /Applications/XAMPP/xamppfiles/htdocs/doctoworld/doctoworld/vendor/laravel/framework/src/Illuminate/Pipeline/Pipeline.php(105): Illuminate\\Pipeline\\Pipeline->Illuminate\\Pipeline\\{closure}(Object(Illuminate\\Http\\Request))
#22 /Applications/XAMPP/xamppfiles/htdocs/doctoworld/doctoworld/vendor/laravel/framework/src/Illuminate/Routing/Router.php(683): Illuminate\\Pipeline\\Pipeline->then(Object(Closure))
#23 /Applications/XAMPP/xamppfiles/htdocs/doctoworld/doctoworld/vendor/laravel/framework/src/Illuminate/Routing/Router.php(658): Illuminate\\Routing\\Router->runRouteWithinStack(Object(Illuminate\\Routing\\Route), Object(Illuminate\\Http\\Request))
#24 /Applications/XAMPP/xamppfiles/htdocs/doctoworld/doctoworld/vendor/laravel/framework/src/Illuminate/Routing/Router.php(624): Illuminate\\Routing\\Router->runRoute(Object(Illuminate\\Http\\Request), Object(Illuminate\\Routing\\Route))
#25 /Applications/XAMPP/xamppfiles/htdocs/doctoworld/doctoworld/vendor/laravel/framework/src/Illuminate/Routing/Router.php(613): Illuminate\\Routing\\Router->dispatchToRoute(Object(Illuminate\\Http\\Request))
#26 /Applications/XAMPP/xamppfiles/htdocs/doctoworld/doctoworld/vendor/laravel/framework/src/Illuminate/Foundation/Http/Kernel.php(170): Illuminate\\Routing\\Router->dispatch(Object(Illuminate\\Http\\Request))
#27 /Applications/XAMPP/xamppfiles/htdocs/doctoworld/doctoworld/vendor/laravel/framework/src/Illuminate/Pipeline/Pipeline.php(130): Illuminate\\Foundation\\Http\\Kernel->Illuminate\\Foundation\\Http\\{closure}(Object(Illuminate\\Http\\Request))
#28 /Applications/XAMPP/xamppfiles/htdocs/doctoworld/doctoworld/vendor/barryvdh/laravel-debugbar/src/Middleware/InjectDebugbar.php(67): Illuminate\\Pipeline\\Pipeline->Illuminate\\Pipeline\\{closure}(Object(Illuminate\\Http\\Request))
#29 /Applications/XAMPP/xamppfiles/htdocs/doctoworld/doctoworld/vendor/laravel/framework/src/Illuminate/Pipeline/Pipeline.php(171): Barryvdh\\Debugbar\\Middleware\\InjectDebugbar->handle(Object(Illuminate\\Http\\Request), Object(Closure))
#30 /Applications/XAMPP/xamppfiles/htdocs/doctoworld/doctoworld/vendor/spatie/laravel-cors/src/Cors.php(41): Illuminate\\Pipeline\\Pipeline->Illuminate\\Pipeline\\{closure}(Object(Illuminate\\Http\\Request))
#31 /Applications/XAMPP/xamppfiles/htdocs/doctoworld/doctoworld/vendor/laravel/framework/src/Illuminate/Pipeline/Pipeline.php(171): Spatie\\Cors\\Cors->handle(Object(Illuminate\\Http\\Request), Object(Closure))
#32 /Applications/XAMPP/xamppfiles/htdocs/doctoworld/doctoworld/vendor/laravel/framework/src/Illuminate/Foundation/Http/Middleware/TransformsRequest.php(21): Illuminate\\Pipeline\\Pipeline->Illuminate\\Pipeline\\{closure}(Object(Illuminate\\Http\\Request))
#33 /Applications/XAMPP/xamppfiles/htdocs/doctoworld/doctoworld/vendor/laravel/framework/src/Illuminate/Pipeline/Pipeline.php(171): Illuminate\\Foundation\\Http\\Middleware\\TransformsRequest->handle(Object(Illuminate\\Http\\Request), Object(Closure))
#34 /Applications/XAMPP/xamppfiles/htdocs/doctoworld/doctoworld/vendor/laravel/framework/src/Illuminate/Foundation/Http/Middleware/TransformsRequest.php(21): Illuminate\\Pipeline\\Pipeline->Illuminate\\Pipeline\\{closure}(Object(Illuminate\\Http\\Request))
#35 /Applications/XAMPP/xamppfiles/htdocs/doctoworld/doctoworld/vendor/laravel/framework/src/Illuminate/Pipeline/Pipeline.php(171): Illuminate\\Foundation\\Http\\Middleware\\TransformsRequest->handle(Object(Illuminate\\Http\\Request), Object(Closure))
#36 /Applications/XAMPP/xamppfiles/htdocs/doctoworld/doctoworld/vendor/laravel/framework/src/Illuminate/Foundation/Http/Middleware/ValidatePostSize.php(27): Illuminate\\Pipeline\\Pipeline->Illuminate\\Pipeline\\{closure}(Object(Illuminate\\Http\\Request))
#37 /Applications/XAMPP/xamppfiles/htdocs/doctoworld/doctoworld/vendor/laravel/framework/src/Illuminate/Pipeline/Pipeline.php(171): Illuminate\\Foundation\\Http\\Middleware\\ValidatePostSize->handle(Object(Illuminate\\Http\\Request), Object(Closure))
#38 /Applications/XAMPP/xamppfiles/htdocs/doctoworld/doctoworld/vendor/laravel/framework/src/Illuminate/Foundation/Http/Middleware/CheckForMaintenanceMode.php(63): Illuminate\\Pipeline\\Pipeline->Illuminate\\Pipeline\\{closure}(Object(Illuminate\\Http\\Request))
#39 /Applications/XAMPP/xamppfiles/htdocs/doctoworld/doctoworld/vendor/laravel/framework/src/Illuminate/Pipeline/Pipeline.php(171): Illuminate\\Foundation\\Http\\Middleware\\CheckForMaintenanceMode->handle(Object(Illuminate\\Http\\Request), Object(Closure))
#40 /Applications/XAMPP/xamppfiles/htdocs/doctoworld/doctoworld/vendor/laravel/framework/src/Illuminate/Pipeline/Pipeline.php(105): Illuminate\\Pipeline\\Pipeline->Illuminate\\Pipeline\\{closure}(Object(Illuminate\\Http\\Request))
#41 /Applications/XAMPP/xamppfiles/htdocs/doctoworld/doctoworld/vendor/laravel/framework/src/Illuminate/Foundation/Http/Kernel.php(145): Illuminate\\Pipeline\\Pipeline->then(Object(Closure))
#42 /Applications/XAMPP/xamppfiles/htdocs/doctoworld/doctoworld/vendor/laravel/framework/src/Illuminate/Foundation/Http/Kernel.php(110): Illuminate\\Foundation\\Http\\Kernel->sendRequestThroughRouter(Object(Illuminate\\Http\\Request))
#43 /Applications/XAMPP/xamppfiles/htdocs/doctoworld/doctoworld/public/index.php(53): Illuminate\\Foundation\\Http\\Kernel->handle(Object(Illuminate\\Http\\Request))
#44 {main}
"} 
