[2023-01-05 17:55:00] local.ERROR: SQLSTATE[HY000] [1049] Unknown database 'doctoworld' (SQL: insert into `telescope_entries` (`batch_id`, `content`, `created_at`, `family_hash`, `type`, `uuid`) values (98273332-112d-4551-be74-6e784aa3d32e, {"requestId":"X37f691f1eef2cfdecbf7c40dce739bd2","hostname":"INV-00011"}, 2023-01-05 17:55:00, ?, debugbar, 98273331-f67e-4c5d-ba66-7355db7ccef8), (98273332-112d-4551-be74-6e784aa3d32e, {"ip_address":"::1","uri":"\/","method":"GET","controller_action":"App\\Http\\Controllers\\HomeController@index","middleware":["web"],"headers":{"host":"localhost","connection":"keep-alive","sec-ch-ua":"\"Opera GX\";v=\"93\", \"Not\/A)Brand\";v=\"8\", \"Chromium\";v=\"107\"","sec-ch-ua-mobile":"?0","sec-ch-ua-platform":"\"Windows\"","upgrade-insecure-requests":"1","user-agent":"Mozilla\/5.0 (Windows NT 10.0; Win64; x64) AppleWebKit\/537.36 (KHTML, like Gecko) Chrome\/107.0.0.0 Safari\/537.36 OPR\/93.0.0.0","accept":"text\/html,application\/xhtml+xml,application\/xml;q=0.9,image\/avif,image\/webp,image\/apng,*\/*;q=0.8,application\/signed-exchange;v=b3;q=0.9","sec-fetch-site":"same-origin","sec-fetch-mode":"navigate","sec-fetch-user":"?1","sec-fetch-dest":"document","referer":"http:\/\/localhost\/doctoworld\/","accept-language":"en-US,en;q=0.9,es-419;q=0.8,es;q=0.7","cookie":"__RequestVerificationToken=0fLJ_f6H_r1VqSgLN1JUa0gb8N5AJOIJuPuVJQsCArD6_BHJGBZe6BfuaDb9LqGjeJ646OKBwFbEHofyou3pkBVl25dBtbLkMEsNmXZrj_U1; ASP.NET_SessionId=auj3w2tws2w3zhcn3i0hyv4b; .AspNet.ApplicationCookie=cAGeL4NhQLS7kEI11I-xJzdCA4WV-mN_Adz5b4Kjee8_uZO1JHZ8YigySXCf5L1gDVUuRlby8jM4b4c9jWkeyEpZQamtTIw1VhBV8rcfcXJHvivxX4zS36zVqcxsXOBqFB7ifLlEqvP8mtAsReI77DOeCyZj735y-WitWyY55BT76OrQgG0UL2yM7O4EKx6j-0aoozQjoWcLSDbq9qPuWFymSDLuXqYhMRKKm8PpTNMgcpCeNLCcAV0hLoXE6Jt4qTQkF6CjRWjDbYO10pD8VsvTGTAznbLzZn7MqeqjeKB5Ip5cVd2A6Al86GfRCIPkyUk-yt9Hxsv5_jIk9KORgjD9NxozJ5AfFijNvXJzrhS8feYZ-floCrgWrgQ_BnTOxOzIooZJ20vMCdGiwCObifAs8V8BFp_KY0zGhFJoMcU","accept-encoding":"gzip, deflate"},"payload":[],"session":{"_token":"JbeGjrK8a28vmxlmhAZSfcOQmceQqubolqYONTEi","session":{"locale":"en"},"_previous":{"url":"http:\/\/localhost\/doctoworld\/public"},"_flash":{"old":[],"new":[]},"PHPDEBUGBAR_STACK_DATA":[]},"response_status":200,"response":{"view":"C:\\xampp\\htdocs\\doctoworld\\resources\\views\/index.blade.php","data":[]},"duration":4614,"memory":24,"hostname":"INV-00011"}, 2023-01-05 17:55:00, ?, request, 98273332-09dd-42ab-a111-20089179731c)) {"exception":"[object] (Illuminate\\Database\\QueryException(code: 1049): SQLSTATE[HY000] [1049] Unknown database 'doctoworld' (SQL: insert into `telescope_entries` (`batch_id`, `content`, `created_at`, `family_hash`, `type`, `uuid`) values (98273332-112d-4551-be74-6e784aa3d32e, {\"requestId\":\"X37f691f1eef2cfdecbf7c40dce739bd2\",\"hostname\":\"INV-00011\"}, 2023-01-05 17:55:00, ?, debugbar, 98273331-f67e-4c5d-ba66-7355db7ccef8), (98273332-112d-4551-be74-6e784aa3d32e, {\"ip_address\":\"::1\",\"uri\":\"\\/\",\"method\":\"GET\",\"controller_action\":\"App\\\\Http\\\\Controllers\\\\HomeController@index\",\"middleware\":[\"web\"],\"headers\":{\"host\":\"localhost\",\"connection\":\"keep-alive\",\"sec-ch-ua\":\"\\\"Opera GX\\\";v=\\\"93\\\", \\\"Not\\/A)Brand\\\";v=\\\"8\\\", \\\"Chromium\\\";v=\\\"107\\\"\",\"sec-ch-ua-mobile\":\"?0\",\"sec-ch-ua-platform\":\"\\\"Windows\\\"\",\"upgrade-insecure-requests\":\"1\",\"user-agent\":\"Mozilla\\/5.0 (Windows NT 10.0; Win64; x64) AppleWebKit\\/537.36 (KHTML, like Gecko) Chrome\\/107.0.0.0 Safari\\/537.36 OPR\\/93.0.0.0\",\"accept\":\"text\\/html,application\\/xhtml+xml,application\\/xml;q=0.9,image\\/avif,image\\/webp,image\\/apng,*\\/*;q=0.8,application\\/signed-exchange;v=b3;q=0.9\",\"sec-fetch-site\":\"same-origin\",\"sec-fetch-mode\":\"navigate\",\"sec-fetch-user\":\"?1\",\"sec-fetch-dest\":\"document\",\"referer\":\"http:\\/\\/localhost\\/doctoworld\\/\",\"accept-language\":\"en-US,en;q=0.9,es-419;q=0.8,es;q=0.7\",\"cookie\":\"__RequestVerificationToken=0fLJ_f6H_r1VqSgLN1JUa0gb8N5AJOIJuPuVJQsCArD6_BHJGBZe6BfuaDb9LqGjeJ646OKBwFbEHofyou3pkBVl25dBtbLkMEsNmXZrj_U1; ASP.NET_SessionId=auj3w2tws2w3zhcn3i0hyv4b; .AspNet.ApplicationCookie=cAGeL4NhQLS7kEI11I-xJzdCA4WV-mN_Adz5b4Kjee8_uZO1JHZ8YigySXCf5L1gDVUuRlby8jM4b4c9jWkeyEpZQamtTIw1VhBV8rcfcXJHvivxX4zS36zVqcxsXOBqFB7ifLlEqvP8mtAsReI77DOeCyZj735y-WitWyY55BT76OrQgG0UL2yM7O4EKx6j-0aoozQjoWcLSDbq9qPuWFymSDLuXqYhMRKKm8PpTNMgcpCeNLCcAV0hLoXE6Jt4qTQkF6CjRWjDbYO10pD8VsvTGTAznbLzZn7MqeqjeKB5Ip5cVd2A6Al86GfRCIPkyUk-yt9Hxsv5_jIk9KORgjD9NxozJ5AfFijNvXJzrhS8feYZ-floCrgWrgQ_BnTOxOzIooZJ20vMCdGiwCObifAs8V8BFp_KY0zGhFJoMcU\",\"accept-encoding\":\"gzip, deflate\"},\"payload\":[],\"session\":{\"_token\":\"JbeGjrK8a28vmxlmhAZSfcOQmceQqubolqYONTEi\",\"session\":{\"locale\":\"en\"},\"_previous\":{\"url\":\"http:\\/\\/localhost\\/doctoworld\\/public\"},\"_flash\":{\"old\":[],\"new\":[]},\"PHPDEBUGBAR_STACK_DATA\":[]},\"response_status\":200,\"response\":{\"view\":\"C:\\\\xampp\\\\htdocs\\\\doctoworld\\\esources\\\\views\\/index.blade.php\",\"data\":[]},\"duration\":4614,\"memory\":24,\"hostname\":\"INV-00011\"}, 2023-01-05 17:55:00, ?, request, 98273332-09dd-42ab-a111-20089179731c)) at C:\\xampp\\htdocs\\doctoworld\\vendor\\laravel\\framework\\src\\Illuminate\\Database\\Connection.php:669)
[stacktrace]
#0 C:\\xampp\\htdocs\\doctoworld\\vendor\\laravel\\framework\\src\\Illuminate\\Database\\Connection.php(629): Illuminate\\Database\\Connection->runQueryCallback('insert into `te...', Array, Object(Closure))
#1 C:\\xampp\\htdocs\\doctoworld\\vendor\\laravel\\framework\\src\\Illuminate\\Database\\Connection.php(464): Illuminate\\Database\\Connection->run('insert into `te...', Array, Object(Closure))
#2 C:\\xampp\\htdocs\\doctoworld\\vendor\\laravel\\framework\\src\\Illuminate\\Database\\Connection.php(416): Illuminate\\Database\\Connection->statement('insert into `te...', Array)
#3 C:\\xampp\\htdocs\\doctoworld\\vendor\\laravel\\framework\\src\\Illuminate\\Database\\Query\\Builder.php(2661): Illuminate\\Database\\Connection->insert('insert into `te...', Array)
#4 C:\\xampp\\htdocs\\doctoworld\\vendor\\laravel\\telescope\\src\\Storage\\DatabaseEntriesRepository.php(148): Illuminate\\Database\\Query\\Builder->insert(Array)
#5 C:\\xampp\\htdocs\\doctoworld\\vendor\\laravel\\framework\\src\\Illuminate\\Support\\Traits\\EnumeratesValues.php(176): Laravel\\Telescope\\Storage\\DatabaseEntriesRepository->Laravel\\Telescope\\Storage\\{closure}(Object(Illuminate\\Support\\Collection), 0)
#6 C:\\xampp\\htdocs\\doctoworld\\vendor\\laravel\\telescope\\src\\Storage\\DatabaseEntriesRepository.php(149): Illuminate\\Support\\Collection->each(Object(Closure))
#7 C:\\xampp\\htdocs\\doctoworld\\vendor\\laravel\\telescope\\src\\Telescope.php(587): Laravel\\Telescope\\Storage\\DatabaseEntriesRepository->store(Object(Illuminate\\Support\\Collection))
#8 [internal function]: Laravel\\Telescope\\Telescope::Laravel\\Telescope\\{closure}()
#9 C:\\xampp\\htdocs\\doctoworld\\vendor\\laravel\\telescope\\src\\Telescope.php(231): call_user_func(Object(Closure))
#10 C:\\xampp\\htdocs\\doctoworld\\vendor\\laravel\\telescope\\src\\Telescope.php(598): Laravel\\Telescope\\Telescope::withoutRecording(Object(Closure))
#11 C:\\xampp\\htdocs\\doctoworld\\vendor\\laravel\\telescope\\src\\ListensForStorageOpportunities.php(44): Laravel\\Telescope\\Telescope::store(Object(Laravel\\Telescope\\Storage\\DatabaseEntriesRepository))
#12 C:\\xampp\\htdocs\\doctoworld\\vendor\\laravel\\framework\\src\\Illuminate\\Container\\BoundMethod.php(36): Laravel\\Telescope\\Telescope::Laravel\\Telescope\\{closure}()
#13 C:\\xampp\\htdocs\\doctoworld\\vendor\\laravel\\framework\\src\\Illuminate\\Container\\Util.php(37): Illuminate\\Container\\BoundMethod::Illuminate\\Container\\{closure}()
#14 C:\\xampp\\htdocs\\doctoworld\\vendor\\laravel\\framework\\src\\Illuminate\\Container\\BoundMethod.php(81): Illuminate\\Container\\Util::unwrapIfClosure(Object(Closure))
#15 C:\\xampp\\htdocs\\doctoworld\\vendor\\laravel\\framework\\src\\Illuminate\\Container\\BoundMethod.php(37): Illuminate\\Container\\BoundMethod::callBoundMethod(Object(Illuminate\\Foundation\\Application), Object(Closure), Object(Closure))
#16 C:\\xampp\\htdocs\\doctoworld\\vendor\\laravel\\framework\\src\\Illuminate\\Container\\Container.php(590): Illuminate\\Container\\BoundMethod::call(Object(Illuminate\\Foundation\\Application), Object(Closure), Array, NULL)
#17 C:\\xampp\\htdocs\\doctoworld\\vendor\\laravel\\framework\\src\\Illuminate\\Foundation\\Application.php(1067): Illuminate\\Container\\Container->call(Object(Closure))
#18 C:\\xampp\\htdocs\\doctoworld\\vendor\\laravel\\framework\\src\\Illuminate\\Foundation\\Http\\Kernel.php(185): Illuminate\\Foundation\\Application->terminate()
#19 C:\\xampp\\htdocs\\doctoworld\\public\\index.php(58): Illuminate\\Foundation\\Http\\Kernel->terminate(Object(Illuminate\\Http\\Request), Object(Illuminate\\Http\\Response))
#20 {main}

[previous exception] [object] (Doctrine\\DBAL\\Driver\\PDO\\Exception(code: 1049): SQLSTATE[HY000] [1049] Unknown database 'doctoworld' at C:\\xampp\\htdocs\\doctoworld\\vendor\\doctrine\\dbal\\lib\\Doctrine\\DBAL\\Driver\\PDO\\Exception.php:18)
[stacktrace]
#0 C:\\xampp\\htdocs\\doctoworld\\vendor\\doctrine\\dbal\\lib\\Doctrine\\DBAL\\Driver\\PDOConnection.php(44): Doctrine\\DBAL\\Driver\\PDO\\Exception::new(Object(PDOException))
#1 C:\\xampp\\htdocs\\doctoworld\\vendor\\laravel\\framework\\src\\Illuminate\\Database\\Connectors\\Connector.php(67): Doctrine\\DBAL\\Driver\\PDOConnection->__construct('mysql:host=127....', 'root', '', Array)
#2 C:\\xampp\\htdocs\\doctoworld\\vendor\\laravel\\framework\\src\\Illuminate\\Database\\Connectors\\Connector.php(46): Illuminate\\Database\\Connectors\\Connector->createPdoConnection('mysql:host=127....', 'root', '', Array)
#3 C:\\xampp\\htdocs\\doctoworld\\vendor\\laravel\\framework\\src\\Illuminate\\Database\\Connectors\\MySqlConnector.php(24): Illuminate\\Database\\Connectors\\Connector->createConnection('mysql:host=127....', Array, Array)
#4 C:\\xampp\\htdocs\\doctoworld\\vendor\\laravel\\framework\\src\\Illuminate\\Database\\Connectors\\ConnectionFactory.php(182): Illuminate\\Database\\Connectors\\MySqlConnector->connect(Array)
#5 [internal function]: Illuminate\\Database\\Connectors\\ConnectionFactory->Illuminate\\Database\\Connectors\\{closure}()
#6 C:\\xampp\\htdocs\\doctoworld\\vendor\\laravel\\framework\\src\\Illuminate\\Database\\Connection.php(924): call_user_func(Object(Closure))
#7 C:\\xampp\\htdocs\\doctoworld\\vendor\\laravel\\framework\\src\\Illuminate\\Database\\Connection.php(457): Illuminate\\Database\\Connection->getPdo()
#8 C:\\xampp\\htdocs\\doctoworld\\vendor\\laravel\\framework\\src\\Illuminate\\Database\\Connection.php(662): Illuminate\\Database\\Connection->Illuminate\\Database\\{closure}('insert into `te...', Array)
#9 C:\\xampp\\htdocs\\doctoworld\\vendor\\laravel\\framework\\src\\Illuminate\\Database\\Connection.php(629): Illuminate\\Database\\Connection->runQueryCallback('insert into `te...', Array, Object(Closure))
#10 C:\\xampp\\htdocs\\doctoworld\\vendor\\laravel\\framework\\src\\Illuminate\\Database\\Connection.php(464): Illuminate\\Database\\Connection->run('insert into `te...', Array, Object(Closure))
#11 C:\\xampp\\htdocs\\doctoworld\\vendor\\laravel\\framework\\src\\Illuminate\\Database\\Connection.php(416): Illuminate\\Database\\Connection->statement('insert into `te...', Array)
#12 C:\\xampp\\htdocs\\doctoworld\\vendor\\laravel\\framework\\src\\Illuminate\\Database\\Query\\Builder.php(2661): Illuminate\\Database\\Connection->insert('insert into `te...', Array)
#13 C:\\xampp\\htdocs\\doctoworld\\vendor\\laravel\\telescope\\src\\Storage\\DatabaseEntriesRepository.php(148): Illuminate\\Database\\Query\\Builder->insert(Array)
#14 C:\\xampp\\htdocs\\doctoworld\\vendor\\laravel\\framework\\src\\Illuminate\\Support\\Traits\\EnumeratesValues.php(176): Laravel\\Telescope\\Storage\\DatabaseEntriesRepository->Laravel\\Telescope\\Storage\\{closure}(Object(Illuminate\\Support\\Collection), 0)
#15 C:\\xampp\\htdocs\\doctoworld\\vendor\\laravel\\telescope\\src\\Storage\\DatabaseEntriesRepository.php(149): Illuminate\\Support\\Collection->each(Object(Closure))
#16 C:\\xampp\\htdocs\\doctoworld\\vendor\\laravel\\telescope\\src\\Telescope.php(587): Laravel\\Telescope\\Storage\\DatabaseEntriesRepository->store(Object(Illuminate\\Support\\Collection))
#17 [internal function]: Laravel\\Telescope\\Telescope::Laravel\\Telescope\\{closure}()
#18 C:\\xampp\\htdocs\\doctoworld\\vendor\\laravel\\telescope\\src\\Telescope.php(231): call_user_func(Object(Closure))
#19 C:\\xampp\\htdocs\\doctoworld\\vendor\\laravel\\telescope\\src\\Telescope.php(598): Laravel\\Telescope\\Telescope::withoutRecording(Object(Closure))
#20 C:\\xampp\\htdocs\\doctoworld\\vendor\\laravel\\telescope\\src\\ListensForStorageOpportunities.php(44): Laravel\\Telescope\\Telescope::store(Object(Laravel\\Telescope\\Storage\\DatabaseEntriesRepository))
#21 C:\\xampp\\htdocs\\doctoworld\\vendor\\laravel\\framework\\src\\Illuminate\\Container\\BoundMethod.php(36): Laravel\\Telescope\\Telescope::Laravel\\Telescope\\{closure}()
#22 C:\\xampp\\htdocs\\doctoworld\\vendor\\laravel\\framework\\src\\Illuminate\\Container\\Util.php(37): Illuminate\\Container\\BoundMethod::Illuminate\\Container\\{closure}()
#23 C:\\xampp\\htdocs\\doctoworld\\vendor\\laravel\\framework\\src\\Illuminate\\Container\\BoundMethod.php(81): Illuminate\\Container\\Util::unwrapIfClosure(Object(Closure))
#24 C:\\xampp\\htdocs\\doctoworld\\vendor\\laravel\\framework\\src\\Illuminate\\Container\\BoundMethod.php(37): Illuminate\\Container\\BoundMethod::callBoundMethod(Object(Illuminate\\Foundation\\Application), Object(Closure), Object(Closure))
#25 C:\\xampp\\htdocs\\doctoworld\\vendor\\laravel\\framework\\src\\Illuminate\\Container\\Container.php(590): Illuminate\\Container\\BoundMethod::call(Object(Illuminate\\Foundation\\Application), Object(Closure), Array, NULL)
#26 C:\\xampp\\htdocs\\doctoworld\\vendor\\laravel\\framework\\src\\Illuminate\\Foundation\\Application.php(1067): Illuminate\\Container\\Container->call(Object(Closure))
#27 C:\\xampp\\htdocs\\doctoworld\\vendor\\laravel\\framework\\src\\Illuminate\\Foundation\\Http\\Kernel.php(185): Illuminate\\Foundation\\Application->terminate()
#28 C:\\xampp\\htdocs\\doctoworld\\public\\index.php(58): Illuminate\\Foundation\\Http\\Kernel->terminate(Object(Illuminate\\Http\\Request), Object(Illuminate\\Http\\Response))
#29 {main}

[previous exception] [object] (PDOException(code: 1049): SQLSTATE[HY000] [1049] Unknown database 'doctoworld' at C:\\xampp\\htdocs\\doctoworld\\vendor\\doctrine\\dbal\\lib\\Doctrine\\DBAL\\Driver\\PDOConnection.php:40)
[stacktrace]
#0 C:\\xampp\\htdocs\\doctoworld\\vendor\\doctrine\\dbal\\lib\\Doctrine\\DBAL\\Driver\\PDOConnection.php(40): PDO->__construct('mysql:host=127....', 'root', '', Array)
#1 C:\\xampp\\htdocs\\doctoworld\\vendor\\laravel\\framework\\src\\Illuminate\\Database\\Connectors\\Connector.php(67): Doctrine\\DBAL\\Driver\\PDOConnection->__construct('mysql:host=127....', 'root', '', Array)
#2 C:\\xampp\\htdocs\\doctoworld\\vendor\\laravel\\framework\\src\\Illuminate\\Database\\Connectors\\Connector.php(46): Illuminate\\Database\\Connectors\\Connector->createPdoConnection('mysql:host=127....', 'root', '', Array)
#3 C:\\xampp\\htdocs\\doctoworld\\vendor\\laravel\\framework\\src\\Illuminate\\Database\\Connectors\\MySqlConnector.php(24): Illuminate\\Database\\Connectors\\Connector->createConnection('mysql:host=127....', Array, Array)
#4 C:\\xampp\\htdocs\\doctoworld\\vendor\\laravel\\framework\\src\\Illuminate\\Database\\Connectors\\ConnectionFactory.php(182): Illuminate\\Database\\Connectors\\MySqlConnector->connect(Array)
#5 [internal function]: Illuminate\\Database\\Connectors\\ConnectionFactory->Illuminate\\Database\\Connectors\\{closure}()
#6 C:\\xampp\\htdocs\\doctoworld\\vendor\\laravel\\framework\\src\\Illuminate\\Database\\Connection.php(924): call_user_func(Object(Closure))
#7 C:\\xampp\\htdocs\\doctoworld\\vendor\\laravel\\framework\\src\\Illuminate\\Database\\Connection.php(457): Illuminate\\Database\\Connection->getPdo()
#8 C:\\xampp\\htdocs\\doctoworld\\vendor\\laravel\\framework\\src\\Illuminate\\Database\\Connection.php(662): Illuminate\\Database\\Connection->Illuminate\\Database\\{closure}('insert into `te...', Array)
#9 C:\\xampp\\htdocs\\doctoworld\\vendor\\laravel\\framework\\src\\Illuminate\\Database\\Connection.php(629): Illuminate\\Database\\Connection->runQueryCallback('insert into `te...', Array, Object(Closure))
#10 C:\\xampp\\htdocs\\doctoworld\\vendor\\laravel\\framework\\src\\Illuminate\\Database\\Connection.php(464): Illuminate\\Database\\Connection->run('insert into `te...', Array, Object(Closure))
#11 C:\\xampp\\htdocs\\doctoworld\\vendor\\laravel\\framework\\src\\Illuminate\\Database\\Connection.php(416): Illuminate\\Database\\Connection->statement('insert into `te...', Array)
#12 C:\\xampp\\htdocs\\doctoworld\\vendor\\laravel\\framework\\src\\Illuminate\\Database\\Query\\Builder.php(2661): Illuminate\\Database\\Connection->insert('insert into `te...', Array)
#13 C:\\xampp\\htdocs\\doctoworld\\vendor\\laravel\\telescope\\src\\Storage\\DatabaseEntriesRepository.php(148): Illuminate\\Database\\Query\\Builder->insert(Array)
#14 C:\\xampp\\htdocs\\doctoworld\\vendor\\laravel\\framework\\src\\Illuminate\\Support\\Traits\\EnumeratesValues.php(176): Laravel\\Telescope\\Storage\\DatabaseEntriesRepository->Laravel\\Telescope\\Storage\\{closure}(Object(Illuminate\\Support\\Collection), 0)
#15 C:\\xampp\\htdocs\\doctoworld\\vendor\\laravel\\telescope\\src\\Storage\\DatabaseEntriesRepository.php(149): Illuminate\\Support\\Collection->each(Object(Closure))
#16 C:\\xampp\\htdocs\\doctoworld\\vendor\\laravel\\telescope\\src\\Telescope.php(587): Laravel\\Telescope\\Storage\\DatabaseEntriesRepository->store(Object(Illuminate\\Support\\Collection))
#17 [internal function]: Laravel\\Telescope\\Telescope::Laravel\\Telescope\\{closure}()
#18 C:\\xampp\\htdocs\\doctoworld\\vendor\\laravel\\telescope\\src\\Telescope.php(231): call_user_func(Object(Closure))
#19 C:\\xampp\\htdocs\\doctoworld\\vendor\\laravel\\telescope\\src\\Telescope.php(598): Laravel\\Telescope\\Telescope::withoutRecording(Object(Closure))
#20 C:\\xampp\\htdocs\\doctoworld\\vendor\\laravel\\telescope\\src\\ListensForStorageOpportunities.php(44): Laravel\\Telescope\\Telescope::store(Object(Laravel\\Telescope\\Storage\\DatabaseEntriesRepository))
#21 C:\\xampp\\htdocs\\doctoworld\\vendor\\laravel\\framework\\src\\Illuminate\\Container\\BoundMethod.php(36): Laravel\\Telescope\\Telescope::Laravel\\Telescope\\{closure}()
#22 C:\\xampp\\htdocs\\doctoworld\\vendor\\laravel\\framework\\src\\Illuminate\\Container\\Util.php(37): Illuminate\\Container\\BoundMethod::Illuminate\\Container\\{closure}()
#23 C:\\xampp\\htdocs\\doctoworld\\vendor\\laravel\\framework\\src\\Illuminate\\Container\\BoundMethod.php(81): Illuminate\\Container\\Util::unwrapIfClosure(Object(Closure))
#24 C:\\xampp\\htdocs\\doctoworld\\vendor\\laravel\\framework\\src\\Illuminate\\Container\\BoundMethod.php(37): Illuminate\\Container\\BoundMethod::callBoundMethod(Object(Illuminate\\Foundation\\Application), Object(Closure), Object(Closure))
#25 C:\\xampp\\htdocs\\doctoworld\\vendor\\laravel\\framework\\src\\Illuminate\\Container\\Container.php(590): Illuminate\\Container\\BoundMethod::call(Object(Illuminate\\Foundation\\Application), Object(Closure), Array, NULL)
#26 C:\\xampp\\htdocs\\doctoworld\\vendor\\laravel\\framework\\src\\Illuminate\\Foundation\\Application.php(1067): Illuminate\\Container\\Container->call(Object(Closure))
#27 C:\\xampp\\htdocs\\doctoworld\\vendor\\laravel\\framework\\src\\Illuminate\\Foundation\\Http\\Kernel.php(185): Illuminate\\Foundation\\Application->terminate()
#28 C:\\xampp\\htdocs\\doctoworld\\public\\index.php(58): Illuminate\\Foundation\\Http\\Kernel->terminate(Object(Illuminate\\Http\\Request), Object(Illuminate\\Http\\Response))
#29 {main}
"} 
[2023-01-05 17:55:02] local.ERROR: SQLSTATE[HY000] [1049] Unknown database 'doctoworld' (SQL: insert into `telescope_entries` (`batch_id`, `content`, `created_at`, `family_hash`, `type`, `uuid`) values (98273334-a9dd-425e-bf0f-f88fdcb0feea, {"requestId":"Xf696ccf38348c5b0558c27cdca942a25","hostname":"INV-00011"}, 2023-01-05 17:55:02, ?, debugbar, 98273334-877b-40fe-a058-7d9667a58872), (98273334-a9dd-425e-bf0f-f88fdcb0feea, {"ip_address":"::1","uri":"\/assets\/vendor\/landingpage\/vendors\/elagent\/style.css","method":"GET","controller_action":null,"middleware":[],"headers":{"host":"localhost","connection":"keep-alive","sec-ch-ua":"\"Opera GX\";v=\"93\", \"Not\/A)Brand\";v=\"8\", \"Chromium\";v=\"107\"","sec-ch-ua-mobile":"?0","user-agent":"Mozilla\/5.0 (Windows NT 10.0; Win64; x64) AppleWebKit\/537.36 (KHTML, like Gecko) Chrome\/107.0.0.0 Safari\/537.36 OPR\/93.0.0.0","sec-ch-ua-platform":"\"Windows\"","accept":"text\/css,*\/*;q=0.1","sec-fetch-site":"same-origin","sec-fetch-mode":"no-cors","sec-fetch-dest":"style","referer":"http:\/\/localhost\/doctoworld\/public\/","accept-language":"en-US,en;q=0.9,es-419;q=0.8,es;q=0.7","cookie":"__RequestVerificationToken=0fLJ_f6H_r1VqSgLN1JUa0gb8N5AJOIJuPuVJQsCArD6_BHJGBZe6BfuaDb9LqGjeJ646OKBwFbEHofyou3pkBVl25dBtbLkMEsNmXZrj_U1; ASP.NET_SessionId=auj3w2tws2w3zhcn3i0hyv4b; .AspNet.ApplicationCookie=cAGeL4NhQLS7kEI11I-xJzdCA4WV-mN_Adz5b4Kjee8_uZO1JHZ8YigySXCf5L1gDVUuRlby8jM4b4c9jWkeyEpZQamtTIw1VhBV8rcfcXJHvivxX4zS36zVqcxsXOBqFB7ifLlEqvP8mtAsReI77DOeCyZj735y-WitWyY55BT76OrQgG0UL2yM7O4EKx6j-0aoozQjoWcLSDbq9qPuWFymSDLuXqYhMRKKm8PpTNMgcpCeNLCcAV0hLoXE6Jt4qTQkF6CjRWjDbYO10pD8VsvTGTAznbLzZn7MqeqjeKB5Ip5cVd2A6Al86GfRCIPkyUk-yt9Hxsv5_jIk9KORgjD9NxozJ5AfFijNvXJzrhS8feYZ-floCrgWrgQ_BnTOxOzIooZJ20vMCdGiwCObifAs8V8BFp_KY0zGhFJoMcU; XSRF-TOKEN=eyJpdiI6IjFIdUM2azJWWDJjZHZzYW9aWWM5dUE9PSIsInZhbHVlIjoiNUtcL1NrZkFuVERPclh1NXNLTHB5NDNwbE5rTFd5dmJXczBBa1o4NHlsZW1lWllFZ0JCMldlcUhCTXE2bU5oTTMzNkVCaGR3UGFjV2dtdGhTNnY5ODNkR3RURkgzOGYrM2ZkeUpXVGN6NWRRWTNLN1hodTlCOTZKMkI0K2pESEkxIiwibWFjIjoiZjA4ZjBlYTk2ZTM0Mzc1ZjZjNzQ4YjU3ZTYxZDU1ZjliNmIyY2VhZWZmZWU1OTE2MjdiNWU0YjM3ZGIwMWQ4NyJ9; laravel_session=eyJpdiI6InBodzVwaEh4bTFOazBHeWJGUllaU2c9PSIsInZhbHVlIjoiY1JLcGVNVGhsUm5kNHFQK05JV21QaFZpTVRkTCtkTGh0WWxzOXMzd0ZNTWY3UmNxKzRqK08yV1NiVjhmWGFXRTF2aTcwV2JUMDdtZ1RzV3ZkVHRvN2Z5TDB0azJZXC85dmJvT3p5d1ZleGl1M1ZmcXRYVEJoRnJCQTI5WkdMc0s5IiwibWFjIjoiYzAyMzMyYmQ2MjI5OTAxODc1MzY2ZGRiYTA3ZGJkYTE4NDMzZDFkZjdlMzYyMWUyY2JkMWY4MGNlYTVlY2YwOSJ9","accept-encoding":"gzip, deflate"},"payload":[],"session":[],"response_status":404,"response":"HTML Response","duration":1472,"memory":24,"hostname":"INV-00011"}, 2023-01-05 17:55:02, ?, request, 98273334-a4a9-4e50-95ec-a7321d417794)) {"exception":"[object] (Illuminate\\Database\\QueryException(code: 1049): SQLSTATE[HY000] [1049] Unknown database 'doctoworld' (SQL: insert into `telescope_entries` (`batch_id`, `content`, `created_at`, `family_hash`, `type`, `uuid`) values (98273334-a9dd-425e-bf0f-f88fdcb0feea, {\"requestId\":\"Xf696ccf38348c5b0558c27cdca942a25\",\"hostname\":\"INV-00011\"}, 2023-01-05 17:55:02, ?, debugbar, 98273334-877b-40fe-a058-7d9667a58872), (98273334-a9dd-425e-bf0f-f88fdcb0feea, {\"ip_address\":\"::1\",\"uri\":\"\\/assets\\/vendor\\/landingpage\\/vendors\\/elagent\\/style.css\",\"method\":\"GET\",\"controller_action\":null,\"middleware\":[],\"headers\":{\"host\":\"localhost\",\"connection\":\"keep-alive\",\"sec-ch-ua\":\"\\\"Opera GX\\\";v=\\\"93\\\", \\\"Not\\/A)Brand\\\";v=\\\"8\\\", \\\"Chromium\\\";v=\\\"107\\\"\",\"sec-ch-ua-mobile\":\"?0\",\"user-agent\":\"Mozilla\\/5.0 (Windows NT 10.0; Win64; x64) AppleWebKit\\/537.36 (KHTML, like Gecko) Chrome\\/107.0.0.0 Safari\\/537.36 OPR\\/93.0.0.0\",\"sec-ch-ua-platform\":\"\\\"Windows\\\"\",\"accept\":\"text\\/css,*\\/*;q=0.1\",\"sec-fetch-site\":\"same-origin\",\"sec-fetch-mode\":\"no-cors\",\"sec-fetch-dest\":\"style\",\"referer\":\"http:\\/\\/localhost\\/doctoworld\\/public\\/\",\"accept-language\":\"en-US,en;q=0.9,es-419;q=0.8,es;q=0.7\",\"cookie\":\"__RequestVerificationToken=0fLJ_f6H_r1VqSgLN1JUa0gb8N5AJOIJuPuVJQsCArD6_BHJGBZe6BfuaDb9LqGjeJ646OKBwFbEHofyou3pkBVl25dBtbLkMEsNmXZrj_U1; ASP.NET_SessionId=auj3w2tws2w3zhcn3i0hyv4b; .AspNet.ApplicationCookie=cAGeL4NhQLS7kEI11I-xJzdCA4WV-mN_Adz5b4Kjee8_uZO1JHZ8YigySXCf5L1gDVUuRlby8jM4b4c9jWkeyEpZQamtTIw1VhBV8rcfcXJHvivxX4zS36zVqcxsXOBqFB7ifLlEqvP8mtAsReI77DOeCyZj735y-WitWyY55BT76OrQgG0UL2yM7O4EKx6j-0aoozQjoWcLSDbq9qPuWFymSDLuXqYhMRKKm8PpTNMgcpCeNLCcAV0hLoXE6Jt4qTQkF6CjRWjDbYO10pD8VsvTGTAznbLzZn7MqeqjeKB5Ip5cVd2A6Al86GfRCIPkyUk-yt9Hxsv5_jIk9KORgjD9NxozJ5AfFijNvXJzrhS8feYZ-floCrgWrgQ_BnTOxOzIooZJ20vMCdGiwCObifAs8V8BFp_KY0zGhFJoMcU; XSRF-TOKEN=eyJpdiI6IjFIdUM2azJWWDJjZHZzYW9aWWM5dUE9PSIsInZhbHVlIjoiNUtcL1NrZkFuVERPclh1NXNLTHB5NDNwbE5rTFd5dmJXczBBa1o4NHlsZW1lWllFZ0JCMldlcUhCTXE2bU5oTTMzNkVCaGR3UGFjV2dtdGhTNnY5ODNkR3RURkgzOGYrM2ZkeUpXVGN6NWRRWTNLN1hodTlCOTZKMkI0K2pESEkxIiwibWFjIjoiZjA4ZjBlYTk2ZTM0Mzc1ZjZjNzQ4YjU3ZTYxZDU1ZjliNmIyY2VhZWZmZWU1OTE2MjdiNWU0YjM3ZGIwMWQ4NyJ9; laravel_session=eyJpdiI6InBodzVwaEh4bTFOazBHeWJGUllaU2c9PSIsInZhbHVlIjoiY1JLcGVNVGhsUm5kNHFQK05JV21QaFZpTVRkTCtkTGh0WWxzOXMzd0ZNTWY3UmNxKzRqK08yV1NiVjhmWGFXRTF2aTcwV2JUMDdtZ1RzV3ZkVHRvN2Z5TDB0azJZXC85dmJvT3p5d1ZleGl1M1ZmcXRYVEJoRnJCQTI5WkdMc0s5IiwibWFjIjoiYzAyMzMyYmQ2MjI5OTAxODc1MzY2ZGRiYTA3ZGJkYTE4NDMzZDFkZjdlMzYyMWUyY2JkMWY4MGNlYTVlY2YwOSJ9\",\"accept-encoding\":\"gzip, deflate\"},\"payload\":[],\"session\":[],\"response_status\":404,\"response\":\"HTML Response\",\"duration\":1472,\"memory\":24,\"hostname\":\"INV-00011\"}, 2023-01-05 17:55:02, ?, request, 98273334-a4a9-4e50-95ec-a7321d417794)) at C:\\xampp\\htdocs\\doctoworld\\vendor\\laravel\\framework\\src\\Illuminate\\Database\\Connection.php:669)
[stacktrace]
#0 C:\\xampp\\htdocs\\doctoworld\\vendor\\laravel\\framework\\src\\Illuminate\\Database\\Connection.php(629): Illuminate\\Database\\Connection->runQueryCallback('insert into `te...', Array, Object(Closure))
#1 C:\\xampp\\htdocs\\doctoworld\\vendor\\laravel\\framework\\src\\Illuminate\\Database\\Connection.php(464): Illuminate\\Database\\Connection->run('insert into `te...', Array, Object(Closure))
#2 C:\\xampp\\htdocs\\doctoworld\\vendor\\laravel\\framework\\src\\Illuminate\\Database\\Connection.php(416): Illuminate\\Database\\Connection->statement('insert into `te...', Array)
#3 C:\\xampp\\htdocs\\doctoworld\\vendor\\laravel\\framework\\src\\Illuminate\\Database\\Query\\Builder.php(2661): Illuminate\\Database\\Connection->insert('insert into `te...', Array)
#4 C:\\xampp\\htdocs\\doctoworld\\vendor\\laravel\\telescope\\src\\Storage\\DatabaseEntriesRepository.php(148): Illuminate\\Database\\Query\\Builder->insert(Array)
#5 C:\\xampp\\htdocs\\doctoworld\\vendor\\laravel\\framework\\src\\Illuminate\\Support\\Traits\\EnumeratesValues.php(176): Laravel\\Telescope\\Storage\\DatabaseEntriesRepository->Laravel\\Telescope\\Storage\\{closure}(Object(Illuminate\\Support\\Collection), 0)
#6 C:\\xampp\\htdocs\\doctoworld\\vendor\\laravel\\telescope\\src\\Storage\\DatabaseEntriesRepository.php(149): Illuminate\\Support\\Collection->each(Object(Closure))
#7 C:\\xampp\\htdocs\\doctoworld\\vendor\\laravel\\telescope\\src\\Telescope.php(587): Laravel\\Telescope\\Storage\\DatabaseEntriesRepository->store(Object(Illuminate\\Support\\Collection))
#8 [internal function]: Laravel\\Telescope\\Telescope::Laravel\\Telescope\\{closure}()
#9 C:\\xampp\\htdocs\\doctoworld\\vendor\\laravel\\telescope\\src\\Telescope.php(231): call_user_func(Object(Closure))
#10 C:\\xampp\\htdocs\\doctoworld\\vendor\\laravel\\telescope\\src\\Telescope.php(598): Laravel\\Telescope\\Telescope::withoutRecording(Object(Closure))
#11 C:\\xampp\\htdocs\\doctoworld\\vendor\\laravel\\telescope\\src\\ListensForStorageOpportunities.php(44): Laravel\\Telescope\\Telescope::store(Object(Laravel\\Telescope\\Storage\\DatabaseEntriesRepository))
#12 C:\\xampp\\htdocs\\doctoworld\\vendor\\laravel\\framework\\src\\Illuminate\\Container\\BoundMethod.php(36): Laravel\\Telescope\\Telescope::Laravel\\Telescope\\{closure}()
#13 C:\\xampp\\htdocs\\doctoworld\\vendor\\laravel\\framework\\src\\Illuminate\\Container\\Util.php(37): Illuminate\\Container\\BoundMethod::Illuminate\\Container\\{closure}()
#14 C:\\xampp\\htdocs\\doctoworld\\vendor\\laravel\\framework\\src\\Illuminate\\Container\\BoundMethod.php(81): Illuminate\\Container\\Util::unwrapIfClosure(Object(Closure))
#15 C:\\xampp\\htdocs\\doctoworld\\vendor\\laravel\\framework\\src\\Illuminate\\Container\\BoundMethod.php(37): Illuminate\\Container\\BoundMethod::callBoundMethod(Object(Illuminate\\Foundation\\Application), Object(Closure), Object(Closure))
#16 C:\\xampp\\htdocs\\doctoworld\\vendor\\laravel\\framework\\src\\Illuminate\\Container\\Container.php(590): Illuminate\\Container\\BoundMethod::call(Object(Illuminate\\Foundation\\Application), Object(Closure), Array, NULL)
#17 C:\\xampp\\htdocs\\doctoworld\\vendor\\laravel\\framework\\src\\Illuminate\\Foundation\\Application.php(1067): Illuminate\\Container\\Container->call(Object(Closure))
#18 C:\\xampp\\htdocs\\doctoworld\\vendor\\laravel\\framework\\src\\Illuminate\\Foundation\\Http\\Kernel.php(185): Illuminate\\Foundation\\Application->terminate()
#19 C:\\xampp\\htdocs\\doctoworld\\public\\index.php(58): Illuminate\\Foundation\\Http\\Kernel->terminate(Object(Illuminate\\Http\\Request), Object(Illuminate\\Http\\Response))
#20 {main}

[previous exception] [object] (Doctrine\\DBAL\\Driver\\PDO\\Exception(code: 1049): SQLSTATE[HY000] [1049] Unknown database 'doctoworld' at C:\\xampp\\htdocs\\doctoworld\\vendor\\doctrine\\dbal\\lib\\Doctrine\\DBAL\\Driver\\PDO\\Exception.php:18)
[stacktrace]
#0 C:\\xampp\\htdocs\\doctoworld\\vendor\\doctrine\\dbal\\lib\\Doctrine\\DBAL\\Driver\\PDOConnection.php(44): Doctrine\\DBAL\\Driver\\PDO\\Exception::new(Object(PDOException))
#1 C:\\xampp\\htdocs\\doctoworld\\vendor\\laravel\\framework\\src\\Illuminate\\Database\\Connectors\\Connector.php(67): Doctrine\\DBAL\\Driver\\PDOConnection->__construct('mysql:host=127....', 'root', '', Array)
#2 C:\\xampp\\htdocs\\doctoworld\\vendor\\laravel\\framework\\src\\Illuminate\\Database\\Connectors\\Connector.php(46): Illuminate\\Database\\Connectors\\Connector->createPdoConnection('mysql:host=127....', 'root', '', Array)
#3 C:\\xampp\\htdocs\\doctoworld\\vendor\\laravel\\framework\\src\\Illuminate\\Database\\Connectors\\MySqlConnector.php(24): Illuminate\\Database\\Connectors\\Connector->createConnection('mysql:host=127....', Array, Array)
#4 C:\\xampp\\htdocs\\doctoworld\\vendor\\laravel\\framework\\src\\Illuminate\\Database\\Connectors\\ConnectionFactory.php(182): Illuminate\\Database\\Connectors\\MySqlConnector->connect(Array)
#5 [internal function]: Illuminate\\Database\\Connectors\\ConnectionFactory->Illuminate\\Database\\Connectors\\{closure}()
#6 C:\\xampp\\htdocs\\doctoworld\\vendor\\laravel\\framework\\src\\Illuminate\\Database\\Connection.php(924): call_user_func(Object(Closure))
#7 C:\\xampp\\htdocs\\doctoworld\\vendor\\laravel\\framework\\src\\Illuminate\\Database\\Connection.php(457): Illuminate\\Database\\Connection->getPdo()
#8 C:\\xampp\\htdocs\\doctoworld\\vendor\\laravel\\framework\\src\\Illuminate\\Database\\Connection.php(662): Illuminate\\Database\\Connection->Illuminate\\Database\\{closure}('insert into `te...', Array)
#9 C:\\xampp\\htdocs\\doctoworld\\vendor\\laravel\\framework\\src\\Illuminate\\Database\\Connection.php(629): Illuminate\\Database\\Connection->runQueryCallback('insert into `te...', Array, Object(Closure))
#10 C:\\xampp\\htdocs\\doctoworld\\vendor\\laravel\\framework\\src\\Illuminate\\Database\\Connection.php(464): Illuminate\\Database\\Connection->run('insert into `te...', Array, Object(Closure))
#11 C:\\xampp\\htdocs\\doctoworld\\vendor\\laravel\\framework\\src\\Illuminate\\Database\\Connection.php(416): Illuminate\\Database\\Connection->statement('insert into `te...', Array)
#12 C:\\xampp\\htdocs\\doctoworld\\vendor\\laravel\\framework\\src\\Illuminate\\Database\\Query\\Builder.php(2661): Illuminate\\Database\\Connection->insert('insert into `te...', Array)
#13 C:\\xampp\\htdocs\\doctoworld\\vendor\\laravel\\telescope\\src\\Storage\\DatabaseEntriesRepository.php(148): Illuminate\\Database\\Query\\Builder->insert(Array)
#14 C:\\xampp\\htdocs\\doctoworld\\vendor\\laravel\\framework\\src\\Illuminate\\Support\\Traits\\EnumeratesValues.php(176): Laravel\\Telescope\\Storage\\DatabaseEntriesRepository->Laravel\\Telescope\\Storage\\{closure}(Object(Illuminate\\Support\\Collection), 0)
#15 C:\\xampp\\htdocs\\doctoworld\\vendor\\laravel\\telescope\\src\\Storage\\DatabaseEntriesRepository.php(149): Illuminate\\Support\\Collection->each(Object(Closure))
#16 C:\\xampp\\htdocs\\doctoworld\\vendor\\laravel\\telescope\\src\\Telescope.php(587): Laravel\\Telescope\\Storage\\DatabaseEntriesRepository->store(Object(Illuminate\\Support\\Collection))
#17 [internal function]: Laravel\\Telescope\\Telescope::Laravel\\Telescope\\{closure}()
#18 C:\\xampp\\htdocs\\doctoworld\\vendor\\laravel\\telescope\\src\\Telescope.php(231): call_user_func(Object(Closure))
#19 C:\\xampp\\htdocs\\doctoworld\\vendor\\laravel\\telescope\\src\\Telescope.php(598): Laravel\\Telescope\\Telescope::withoutRecording(Object(Closure))
#20 C:\\xampp\\htdocs\\doctoworld\\vendor\\laravel\\telescope\\src\\ListensForStorageOpportunities.php(44): Laravel\\Telescope\\Telescope::store(Object(Laravel\\Telescope\\Storage\\DatabaseEntriesRepository))
#21 C:\\xampp\\htdocs\\doctoworld\\vendor\\laravel\\framework\\src\\Illuminate\\Container\\BoundMethod.php(36): Laravel\\Telescope\\Telescope::Laravel\\Telescope\\{closure}()
#22 C:\\xampp\\htdocs\\doctoworld\\vendor\\laravel\\framework\\src\\Illuminate\\Container\\Util.php(37): Illuminate\\Container\\BoundMethod::Illuminate\\Container\\{closure}()
#23 C:\\xampp\\htdocs\\doctoworld\\vendor\\laravel\\framework\\src\\Illuminate\\Container\\BoundMethod.php(81): Illuminate\\Container\\Util::unwrapIfClosure(Object(Closure))
#24 C:\\xampp\\htdocs\\doctoworld\\vendor\\laravel\\framework\\src\\Illuminate\\Container\\BoundMethod.php(37): Illuminate\\Container\\BoundMethod::callBoundMethod(Object(Illuminate\\Foundation\\Application), Object(Closure), Object(Closure))
#25 C:\\xampp\\htdocs\\doctoworld\\vendor\\laravel\\framework\\src\\Illuminate\\Container\\Container.php(590): Illuminate\\Container\\BoundMethod::call(Object(Illuminate\\Foundation\\Application), Object(Closure), Array, NULL)
#26 C:\\xampp\\htdocs\\doctoworld\\vendor\\laravel\\framework\\src\\Illuminate\\Foundation\\Application.php(1067): Illuminate\\Container\\Container->call(Object(Closure))
#27 C:\\xampp\\htdocs\\doctoworld\\vendor\\laravel\\framework\\src\\Illuminate\\Foundation\\Http\\Kernel.php(185): Illuminate\\Foundation\\Application->terminate()
#28 C:\\xampp\\htdocs\\doctoworld\\public\\index.php(58): Illuminate\\Foundation\\Http\\Kernel->terminate(Object(Illuminate\\Http\\Request), Object(Illuminate\\Http\\Response))
#29 {main}

[previous exception] [object] (PDOException(code: 1049): SQLSTATE[HY000] [1049] Unknown database 'doctoworld' at C:\\xampp\\htdocs\\doctoworld\\vendor\\doctrine\\dbal\\lib\\Doctrine\\DBAL\\Driver\\PDOConnection.php:40)
[stacktrace]
#0 C:\\xampp\\htdocs\\doctoworld\\vendor\\doctrine\\dbal\\lib\\Doctrine\\DBAL\\Driver\\PDOConnection.php(40): PDO->__construct('mysql:host=127....', 'root', '', Array)
#1 C:\\xampp\\htdocs\\doctoworld\\vendor\\laravel\\framework\\src\\Illuminate\\Database\\Connectors\\Connector.php(67): Doctrine\\DBAL\\Driver\\PDOConnection->__construct('mysql:host=127....', 'root', '', Array)
#2 C:\\xampp\\htdocs\\doctoworld\\vendor\\laravel\\framework\\src\\Illuminate\\Database\\Connectors\\Connector.php(46): Illuminate\\Database\\Connectors\\Connector->createPdoConnection('mysql:host=127....', 'root', '', Array)
#3 C:\\xampp\\htdocs\\doctoworld\\vendor\\laravel\\framework\\src\\Illuminate\\Database\\Connectors\\MySqlConnector.php(24): Illuminate\\Database\\Connectors\\Connector->createConnection('mysql:host=127....', Array, Array)
#4 C:\\xampp\\htdocs\\doctoworld\\vendor\\laravel\\framework\\src\\Illuminate\\Database\\Connectors\\ConnectionFactory.php(182): Illuminate\\Database\\Connectors\\MySqlConnector->connect(Array)
#5 [internal function]: Illuminate\\Database\\Connectors\\ConnectionFactory->Illuminate\\Database\\Connectors\\{closure}()
#6 C:\\xampp\\htdocs\\doctoworld\\vendor\\laravel\\framework\\src\\Illuminate\\Database\\Connection.php(924): call_user_func(Object(Closure))
#7 C:\\xampp\\htdocs\\doctoworld\\vendor\\laravel\\framework\\src\\Illuminate\\Database\\Connection.php(457): Illuminate\\Database\\Connection->getPdo()
#8 C:\\xampp\\htdocs\\doctoworld\\vendor\\laravel\\framework\\src\\Illuminate\\Database\\Connection.php(662): Illuminate\\Database\\Connection->Illuminate\\Database\\{closure}('insert into `te...', Array)
#9 C:\\xampp\\htdocs\\doctoworld\\vendor\\laravel\\framework\\src\\Illuminate\\Database\\Connection.php(629): Illuminate\\Database\\Connection->runQueryCallback('insert into `te...', Array, Object(Closure))
#10 C:\\xampp\\htdocs\\doctoworld\\vendor\\laravel\\framework\\src\\Illuminate\\Database\\Connection.php(464): Illuminate\\Database\\Connection->run('insert into `te...', Array, Object(Closure))
#11 C:\\xampp\\htdocs\\doctoworld\\vendor\\laravel\\framework\\src\\Illuminate\\Database\\Connection.php(416): Illuminate\\Database\\Connection->statement('insert into `te...', Array)
#12 C:\\xampp\\htdocs\\doctoworld\\vendor\\laravel\\framework\\src\\Illuminate\\Database\\Query\\Builder.php(2661): Illuminate\\Database\\Connection->insert('insert into `te...', Array)
#13 C:\\xampp\\htdocs\\doctoworld\\vendor\\laravel\\telescope\\src\\Storage\\DatabaseEntriesRepository.php(148): Illuminate\\Database\\Query\\Builder->insert(Array)
#14 C:\\xampp\\htdocs\\doctoworld\\vendor\\laravel\\framework\\src\\Illuminate\\Support\\Traits\\EnumeratesValues.php(176): Laravel\\Telescope\\Storage\\DatabaseEntriesRepository->Laravel\\Telescope\\Storage\\{closure}(Object(Illuminate\\Support\\Collection), 0)
#15 C:\\xampp\\htdocs\\doctoworld\\vendor\\laravel\\telescope\\src\\Storage\\DatabaseEntriesRepository.php(149): Illuminate\\Support\\Collection->each(Object(Closure))
#16 C:\\xampp\\htdocs\\doctoworld\\vendor\\laravel\\telescope\\src\\Telescope.php(587): Laravel\\Telescope\\Storage\\DatabaseEntriesRepository->store(Object(Illuminate\\Support\\Collection))
#17 [internal function]: Laravel\\Telescope\\Telescope::Laravel\\Telescope\\{closure}()
#18 C:\\xampp\\htdocs\\doctoworld\\vendor\\laravel\\telescope\\src\\Telescope.php(231): call_user_func(Object(Closure))
#19 C:\\xampp\\htdocs\\doctoworld\\vendor\\laravel\\telescope\\src\\Telescope.php(598): Laravel\\Telescope\\Telescope::withoutRecording(Object(Closure))
#20 C:\\xampp\\htdocs\\doctoworld\\vendor\\laravel\\telescope\\src\\ListensForStorageOpportunities.php(44): Laravel\\Telescope\\Telescope::store(Object(Laravel\\Telescope\\Storage\\DatabaseEntriesRepository))
#21 C:\\xampp\\htdocs\\doctoworld\\vendor\\laravel\\framework\\src\\Illuminate\\Container\\BoundMethod.php(36): Laravel\\Telescope\\Telescope::Laravel\\Telescope\\{closure}()
#22 C:\\xampp\\htdocs\\doctoworld\\vendor\\laravel\\framework\\src\\Illuminate\\Container\\Util.php(37): Illuminate\\Container\\BoundMethod::Illuminate\\Container\\{closure}()
#23 C:\\xampp\\htdocs\\doctoworld\\vendor\\laravel\\framework\\src\\Illuminate\\Container\\BoundMethod.php(81): Illuminate\\Container\\Util::unwrapIfClosure(Object(Closure))
#24 C:\\xampp\\htdocs\\doctoworld\\vendor\\laravel\\framework\\src\\Illuminate\\Container\\BoundMethod.php(37): Illuminate\\Container\\BoundMethod::callBoundMethod(Object(Illuminate\\Foundation\\Application), Object(Closure), Object(Closure))
#25 C:\\xampp\\htdocs\\doctoworld\\vendor\\laravel\\framework\\src\\Illuminate\\Container\\Container.php(590): Illuminate\\Container\\BoundMethod::call(Object(Illuminate\\Foundation\\Application), Object(Closure), Array, NULL)
#26 C:\\xampp\\htdocs\\doctoworld\\vendor\\laravel\\framework\\src\\Illuminate\\Foundation\\Application.php(1067): Illuminate\\Container\\Container->call(Object(Closure))
#27 C:\\xampp\\htdocs\\doctoworld\\vendor\\laravel\\framework\\src\\Illuminate\\Foundation\\Http\\Kernel.php(185): Illuminate\\Foundation\\Application->terminate()
#28 C:\\xampp\\htdocs\\doctoworld\\public\\index.php(58): Illuminate\\Foundation\\Http\\Kernel->terminate(Object(Illuminate\\Http\\Request), Object(Illuminate\\Http\\Response))
#29 {main}
"} 
[2023-01-05 17:55:03] local.ERROR: SQLSTATE[HY000] [1049] Unknown database 'doctoworld' (SQL: insert into `telescope_entries` (`batch_id`, `content`, `created_at`, `family_hash`, `type`, `uuid`) values (98273337-0271-446a-8e71-ec23dbb017d5, {"requestId":"Xa7f3157905925c9ce90addd9182b4dd6","hostname":"INV-00011"}, 2023-01-05 17:55:03, ?, debugbar, 98273336-fbd5-4fcf-ad28-de528910ca9d), (98273337-0271-446a-8e71-ec23dbb017d5, {"ip_address":"::1","uri":"\/assets\/vendor\/landingpage\/vendors\/isotope\/isotope-min.js","method":"GET","controller_action":null,"middleware":[],"headers":{"host":"localhost","connection":"keep-alive","sec-ch-ua":"\"Opera GX\";v=\"93\", \"Not\/A)Brand\";v=\"8\", \"Chromium\";v=\"107\"","sec-ch-ua-mobile":"?0","user-agent":"Mozilla\/5.0 (Windows NT 10.0; Win64; x64) AppleWebKit\/537.36 (KHTML, like Gecko) Chrome\/107.0.0.0 Safari\/537.36 OPR\/93.0.0.0","sec-ch-ua-platform":"\"Windows\"","accept":"*\/*","sec-fetch-site":"same-origin","sec-fetch-mode":"no-cors","sec-fetch-dest":"script","referer":"http:\/\/localhost\/doctoworld\/public\/","accept-language":"en-US,en;q=0.9,es-419;q=0.8,es;q=0.7","cookie":"__RequestVerificationToken=0fLJ_f6H_r1VqSgLN1JUa0gb8N5AJOIJuPuVJQsCArD6_BHJGBZe6BfuaDb9LqGjeJ646OKBwFbEHofyou3pkBVl25dBtbLkMEsNmXZrj_U1; ASP.NET_SessionId=auj3w2tws2w3zhcn3i0hyv4b; .AspNet.ApplicationCookie=cAGeL4NhQLS7kEI11I-xJzdCA4WV-mN_Adz5b4Kjee8_uZO1JHZ8YigySXCf5L1gDVUuRlby8jM4b4c9jWkeyEpZQamtTIw1VhBV8rcfcXJHvivxX4zS36zVqcxsXOBqFB7ifLlEqvP8mtAsReI77DOeCyZj735y-WitWyY55BT76OrQgG0UL2yM7O4EKx6j-0aoozQjoWcLSDbq9qPuWFymSDLuXqYhMRKKm8PpTNMgcpCeNLCcAV0hLoXE6Jt4qTQkF6CjRWjDbYO10pD8VsvTGTAznbLzZn7MqeqjeKB5Ip5cVd2A6Al86GfRCIPkyUk-yt9Hxsv5_jIk9KORgjD9NxozJ5AfFijNvXJzrhS8feYZ-floCrgWrgQ_BnTOxOzIooZJ20vMCdGiwCObifAs8V8BFp_KY0zGhFJoMcU; XSRF-TOKEN=eyJpdiI6IjFIdUM2azJWWDJjZHZzYW9aWWM5dUE9PSIsInZhbHVlIjoiNUtcL1NrZkFuVERPclh1NXNLTHB5NDNwbE5rTFd5dmJXczBBa1o4NHlsZW1lWllFZ0JCMldlcUhCTXE2bU5oTTMzNkVCaGR3UGFjV2dtdGhTNnY5ODNkR3RURkgzOGYrM2ZkeUpXVGN6NWRRWTNLN1hodTlCOTZKMkI0K2pESEkxIiwibWFjIjoiZjA4ZjBlYTk2ZTM0Mzc1ZjZjNzQ4YjU3ZTYxZDU1ZjliNmIyY2VhZWZmZWU1OTE2MjdiNWU0YjM3ZGIwMWQ4NyJ9; laravel_session=eyJpdiI6InBodzVwaEh4bTFOazBHeWJGUllaU2c9PSIsInZhbHVlIjoiY1JLcGVNVGhsUm5kNHFQK05JV21QaFZpTVRkTCtkTGh0WWxzOXMzd0ZNTWY3UmNxKzRqK08yV1NiVjhmWGFXRTF2aTcwV2JUMDdtZ1RzV3ZkVHRvN2Z5TDB0azJZXC85dmJvT3p5d1ZleGl1M1ZmcXRYVEJoRnJCQTI5WkdMc0s5IiwibWFjIjoiYzAyMzMyYmQ2MjI5OTAxODc1MzY2ZGRiYTA3ZGJkYTE4NDMzZDFkZjdlMzYyMWUyY2JkMWY4MGNlYTVlY2YwOSJ9","accept-encoding":"gzip, deflate"},"payload":[],"session":[],"response_status":404,"response":"HTML Response","duration":1487,"memory":14,"hostname":"INV-00011"}, 2023-01-05 17:55:03, ?, request, 98273337-00b3-4c0a-b2e1-a3743002f2e5)) {"exception":"[object] (Illuminate\\Database\\QueryException(code: 1049): SQLSTATE[HY000] [1049] Unknown database 'doctoworld' (SQL: insert into `telescope_entries` (`batch_id`, `content`, `created_at`, `family_hash`, `type`, `uuid`) values (98273337-0271-446a-8e71-ec23dbb017d5, {\"requestId\":\"Xa7f3157905925c9ce90addd9182b4dd6\",\"hostname\":\"INV-00011\"}, 2023-01-05 17:55:03, ?, debugbar, 98273336-fbd5-4fcf-ad28-de528910ca9d), (98273337-0271-446a-8e71-ec23dbb017d5, {\"ip_address\":\"::1\",\"uri\":\"\\/assets\\/vendor\\/landingpage\\/vendors\\/isotope\\/isotope-min.js\",\"method\":\"GET\",\"controller_action\":null,\"middleware\":[],\"headers\":{\"host\":\"localhost\",\"connection\":\"keep-alive\",\"sec-ch-ua\":\"\\\"Opera GX\\\";v=\\\"93\\\", \\\"Not\\/A)Brand\\\";v=\\\"8\\\", \\\"Chromium\\\";v=\\\"107\\\"\",\"sec-ch-ua-mobile\":\"?0\",\"user-agent\":\"Mozilla\\/5.0 (Windows NT 10.0; Win64; x64) AppleWebKit\\/537.36 (KHTML, like Gecko) Chrome\\/107.0.0.0 Safari\\/537.36 OPR\\/93.0.0.0\",\"sec-ch-ua-platform\":\"\\\"Windows\\\"\",\"accept\":\"*\\/*\",\"sec-fetch-site\":\"same-origin\",\"sec-fetch-mode\":\"no-cors\",\"sec-fetch-dest\":\"script\",\"referer\":\"http:\\/\\/localhost\\/doctoworld\\/public\\/\",\"accept-language\":\"en-US,en;q=0.9,es-419;q=0.8,es;q=0.7\",\"cookie\":\"__RequestVerificationToken=0fLJ_f6H_r1VqSgLN1JUa0gb8N5AJOIJuPuVJQsCArD6_BHJGBZe6BfuaDb9LqGjeJ646OKBwFbEHofyou3pkBVl25dBtbLkMEsNmXZrj_U1; ASP.NET_SessionId=auj3w2tws2w3zhcn3i0hyv4b; .AspNet.ApplicationCookie=cAGeL4NhQLS7kEI11I-xJzdCA4WV-mN_Adz5b4Kjee8_uZO1JHZ8YigySXCf5L1gDVUuRlby8jM4b4c9jWkeyEpZQamtTIw1VhBV8rcfcXJHvivxX4zS36zVqcxsXOBqFB7ifLlEqvP8mtAsReI77DOeCyZj735y-WitWyY55BT76OrQgG0UL2yM7O4EKx6j-0aoozQjoWcLSDbq9qPuWFymSDLuXqYhMRKKm8PpTNMgcpCeNLCcAV0hLoXE6Jt4qTQkF6CjRWjDbYO10pD8VsvTGTAznbLzZn7MqeqjeKB5Ip5cVd2A6Al86GfRCIPkyUk-yt9Hxsv5_jIk9KORgjD9NxozJ5AfFijNvXJzrhS8feYZ-floCrgWrgQ_BnTOxOzIooZJ20vMCdGiwCObifAs8V8BFp_KY0zGhFJoMcU; XSRF-TOKEN=eyJpdiI6IjFIdUM2azJWWDJjZHZzYW9aWWM5dUE9PSIsInZhbHVlIjoiNUtcL1NrZkFuVERPclh1NXNLTHB5NDNwbE5rTFd5dmJXczBBa1o4NHlsZW1lWllFZ0JCMldlcUhCTXE2bU5oTTMzNkVCaGR3UGFjV2dtdGhTNnY5ODNkR3RURkgzOGYrM2ZkeUpXVGN6NWRRWTNLN1hodTlCOTZKMkI0K2pESEkxIiwibWFjIjoiZjA4ZjBlYTk2ZTM0Mzc1ZjZjNzQ4YjU3ZTYxZDU1ZjliNmIyY2VhZWZmZWU1OTE2MjdiNWU0YjM3ZGIwMWQ4NyJ9; laravel_session=eyJpdiI6InBodzVwaEh4bTFOazBHeWJGUllaU2c9PSIsInZhbHVlIjoiY1JLcGVNVGhsUm5kNHFQK05JV21QaFZpTVRkTCtkTGh0WWxzOXMzd0ZNTWY3UmNxKzRqK08yV1NiVjhmWGFXRTF2aTcwV2JUMDdtZ1RzV3ZkVHRvN2Z5TDB0azJZXC85dmJvT3p5d1ZleGl1M1ZmcXRYVEJoRnJCQTI5WkdMc0s5IiwibWFjIjoiYzAyMzMyYmQ2MjI5OTAxODc1MzY2ZGRiYTA3ZGJkYTE4NDMzZDFkZjdlMzYyMWUyY2JkMWY4MGNlYTVlY2YwOSJ9\",\"accept-encoding\":\"gzip, deflate\"},\"payload\":[],\"session\":[],\"response_status\":404,\"response\":\"HTML Response\",\"duration\":1487,\"memory\":14,\"hostname\":\"INV-00011\"}, 2023-01-05 17:55:03, ?, request, 98273337-00b3-4c0a-b2e1-a3743002f2e5)) at C:\\xampp\\htdocs\\doctoworld\\vendor\\laravel\\framework\\src\\Illuminate\\Database\\Connection.php:669)
[stacktrace]
#0 C:\\xampp\\htdocs\\doctoworld\\vendor\\laravel\\framework\\src\\Illuminate\\Database\\Connection.php(629): Illuminate\\Database\\Connection->runQueryCallback('insert into `te...', Array, Object(Closure))
#1 C:\\xampp\\htdocs\\doctoworld\\vendor\\laravel\\framework\\src\\Illuminate\\Database\\Connection.php(464): Illuminate\\Database\\Connection->run('insert into `te...', Array, Object(Closure))
#2 C:\\xampp\\htdocs\\doctoworld\\vendor\\laravel\\framework\\src\\Illuminate\\Database\\Connection.php(416): Illuminate\\Database\\Connection->statement('insert into `te...', Array)
#3 C:\\xampp\\htdocs\\doctoworld\\vendor\\laravel\\framework\\src\\Illuminate\\Database\\Query\\Builder.php(2661): Illuminate\\Database\\Connection->insert('insert into `te...', Array)
#4 C:\\xampp\\htdocs\\doctoworld\\vendor\\laravel\\telescope\\src\\Storage\\DatabaseEntriesRepository.php(148): Illuminate\\Database\\Query\\Builder->insert(Array)
#5 C:\\xampp\\htdocs\\doctoworld\\vendor\\laravel\\framework\\src\\Illuminate\\Support\\Traits\\EnumeratesValues.php(176): Laravel\\Telescope\\Storage\\DatabaseEntriesRepository->Laravel\\Telescope\\Storage\\{closure}(Object(Illuminate\\Support\\Collection), 0)
#6 C:\\xampp\\htdocs\\doctoworld\\vendor\\laravel\\telescope\\src\\Storage\\DatabaseEntriesRepository.php(149): Illuminate\\Support\\Collection->each(Object(Closure))
#7 C:\\xampp\\htdocs\\doctoworld\\vendor\\laravel\\telescope\\src\\Telescope.php(587): Laravel\\Telescope\\Storage\\DatabaseEntriesRepository->store(Object(Illuminate\\Support\\Collection))
#8 [internal function]: Laravel\\Telescope\\Telescope::Laravel\\Telescope\\{closure}()
#9 C:\\xampp\\htdocs\\doctoworld\\vendor\\laravel\\telescope\\src\\Telescope.php(231): call_user_func(Object(Closure))
#10 C:\\xampp\\htdocs\\doctoworld\\vendor\\laravel\\telescope\\src\\Telescope.php(598): Laravel\\Telescope\\Telescope::withoutRecording(Object(Closure))
#11 C:\\xampp\\htdocs\\doctoworld\\vendor\\laravel\\telescope\\src\\ListensForStorageOpportunities.php(44): Laravel\\Telescope\\Telescope::store(Object(Laravel\\Telescope\\Storage\\DatabaseEntriesRepository))
#12 C:\\xampp\\htdocs\\doctoworld\\vendor\\laravel\\framework\\src\\Illuminate\\Container\\BoundMethod.php(36): Laravel\\Telescope\\Telescope::Laravel\\Telescope\\{closure}()
#13 C:\\xampp\\htdocs\\doctoworld\\vendor\\laravel\\framework\\src\\Illuminate\\Container\\Util.php(37): Illuminate\\Container\\BoundMethod::Illuminate\\Container\\{closure}()
#14 C:\\xampp\\htdocs\\doctoworld\\vendor\\laravel\\framework\\src\\Illuminate\\Container\\BoundMethod.php(81): Illuminate\\Container\\Util::unwrapIfClosure(Object(Closure))
#15 C:\\xampp\\htdocs\\doctoworld\\vendor\\laravel\\framework\\src\\Illuminate\\Container\\BoundMethod.php(37): Illuminate\\Container\\BoundMethod::callBoundMethod(Object(Illuminate\\Foundation\\Application), Object(Closure), Object(Closure))
#16 C:\\xampp\\htdocs\\doctoworld\\vendor\\laravel\\framework\\src\\Illuminate\\Container\\Container.php(590): Illuminate\\Container\\BoundMethod::call(Object(Illuminate\\Foundation\\Application), Object(Closure), Array, NULL)
#17 C:\\xampp\\htdocs\\doctoworld\\vendor\\laravel\\framework\\src\\Illuminate\\Foundation\\Application.php(1067): Illuminate\\Container\\Container->call(Object(Closure))
#18 C:\\xampp\\htdocs\\doctoworld\\vendor\\laravel\\framework\\src\\Illuminate\\Foundation\\Http\\Kernel.php(185): Illuminate\\Foundation\\Application->terminate()
#19 C:\\xampp\\htdocs\\doctoworld\\public\\index.php(58): Illuminate\\Foundation\\Http\\Kernel->terminate(Object(Illuminate\\Http\\Request), Object(Illuminate\\Http\\Response))
#20 {main}

[previous exception] [object] (Doctrine\\DBAL\\Driver\\PDO\\Exception(code: 1049): SQLSTATE[HY000] [1049] Unknown database 'doctoworld' at C:\\xampp\\htdocs\\doctoworld\\vendor\\doctrine\\dbal\\lib\\Doctrine\\DBAL\\Driver\\PDO\\Exception.php:18)
[stacktrace]
#0 C:\\xampp\\htdocs\\doctoworld\\vendor\\doctrine\\dbal\\lib\\Doctrine\\DBAL\\Driver\\PDOConnection.php(44): Doctrine\\DBAL\\Driver\\PDO\\Exception::new(Object(PDOException))
#1 C:\\xampp\\htdocs\\doctoworld\\vendor\\laravel\\framework\\src\\Illuminate\\Database\\Connectors\\Connector.php(67): Doctrine\\DBAL\\Driver\\PDOConnection->__construct('mysql:host=127....', 'root', '', Array)
#2 C:\\xampp\\htdocs\\doctoworld\\vendor\\laravel\\framework\\src\\Illuminate\\Database\\Connectors\\Connector.php(46): Illuminate\\Database\\Connectors\\Connector->createPdoConnection('mysql:host=127....', 'root', '', Array)
#3 C:\\xampp\\htdocs\\doctoworld\\vendor\\laravel\\framework\\src\\Illuminate\\Database\\Connectors\\MySqlConnector.php(24): Illuminate\\Database\\Connectors\\Connector->createConnection('mysql:host=127....', Array, Array)
#4 C:\\xampp\\htdocs\\doctoworld\\vendor\\laravel\\framework\\src\\Illuminate\\Database\\Connectors\\ConnectionFactory.php(182): Illuminate\\Database\\Connectors\\MySqlConnector->connect(Array)
#5 [internal function]: Illuminate\\Database\\Connectors\\ConnectionFactory->Illuminate\\Database\\Connectors\\{closure}()
#6 C:\\xampp\\htdocs\\doctoworld\\vendor\\laravel\\framework\\src\\Illuminate\\Database\\Connection.php(924): call_user_func(Object(Closure))
#7 C:\\xampp\\htdocs\\doctoworld\\vendor\\laravel\\framework\\src\\Illuminate\\Database\\Connection.php(457): Illuminate\\Database\\Connection->getPdo()
#8 C:\\xampp\\htdocs\\doctoworld\\vendor\\laravel\\framework\\src\\Illuminate\\Database\\Connection.php(662): Illuminate\\Database\\Connection->Illuminate\\Database\\{closure}('insert into `te...', Array)
#9 C:\\xampp\\htdocs\\doctoworld\\vendor\\laravel\\framework\\src\\Illuminate\\Database\\Connection.php(629): Illuminate\\Database\\Connection->runQueryCallback('insert into `te...', Array, Object(Closure))
#10 C:\\xampp\\htdocs\\doctoworld\\vendor\\laravel\\framework\\src\\Illuminate\\Database\\Connection.php(464): Illuminate\\Database\\Connection->run('insert into `te...', Array, Object(Closure))
#11 C:\\xampp\\htdocs\\doctoworld\\vendor\\laravel\\framework\\src\\Illuminate\\Database\\Connection.php(416): Illuminate\\Database\\Connection->statement('insert into `te...', Array)
#12 C:\\xampp\\htdocs\\doctoworld\\vendor\\laravel\\framework\\src\\Illuminate\\Database\\Query\\Builder.php(2661): Illuminate\\Database\\Connection->insert('insert into `te...', Array)
#13 C:\\xampp\\htdocs\\doctoworld\\vendor\\laravel\\telescope\\src\\Storage\\DatabaseEntriesRepository.php(148): Illuminate\\Database\\Query\\Builder->insert(Array)
#14 C:\\xampp\\htdocs\\doctoworld\\vendor\\laravel\\framework\\src\\Illuminate\\Support\\Traits\\EnumeratesValues.php(176): Laravel\\Telescope\\Storage\\DatabaseEntriesRepository->Laravel\\Telescope\\Storage\\{closure}(Object(Illuminate\\Support\\Collection), 0)
#15 C:\\xampp\\htdocs\\doctoworld\\vendor\\laravel\\telescope\\src\\Storage\\DatabaseEntriesRepository.php(149): Illuminate\\Support\\Collection->each(Object(Closure))
#16 C:\\xampp\\htdocs\\doctoworld\\vendor\\laravel\\telescope\\src\\Telescope.php(587): Laravel\\Telescope\\Storage\\DatabaseEntriesRepository->store(Object(Illuminate\\Support\\Collection))
#17 [internal function]: Laravel\\Telescope\\Telescope::Laravel\\Telescope\\{closure}()
#18 C:\\xampp\\htdocs\\doctoworld\\vendor\\laravel\\telescope\\src\\Telescope.php(231): call_user_func(Object(Closure))
#19 C:\\xampp\\htdocs\\doctoworld\\vendor\\laravel\\telescope\\src\\Telescope.php(598): Laravel\\Telescope\\Telescope::withoutRecording(Object(Closure))
#20 C:\\xampp\\htdocs\\doctoworld\\vendor\\laravel\\telescope\\src\\ListensForStorageOpportunities.php(44): Laravel\\Telescope\\Telescope::store(Object(Laravel\\Telescope\\Storage\\DatabaseEntriesRepository))
#21 C:\\xampp\\htdocs\\doctoworld\\vendor\\laravel\\framework\\src\\Illuminate\\Container\\BoundMethod.php(36): Laravel\\Telescope\\Telescope::Laravel\\Telescope\\{closure}()
#22 C:\\xampp\\htdocs\\doctoworld\\vendor\\laravel\\framework\\src\\Illuminate\\Container\\Util.php(37): Illuminate\\Container\\BoundMethod::Illuminate\\Container\\{closure}()
#23 C:\\xampp\\htdocs\\doctoworld\\vendor\\laravel\\framework\\src\\Illuminate\\Container\\BoundMethod.php(81): Illuminate\\Container\\Util::unwrapIfClosure(Object(Closure))
#24 C:\\xampp\\htdocs\\doctoworld\\vendor\\laravel\\framework\\src\\Illuminate\\Container\\BoundMethod.php(37): Illuminate\\Container\\BoundMethod::callBoundMethod(Object(Illuminate\\Foundation\\Application), Object(Closure), Object(Closure))
#25 C:\\xampp\\htdocs\\doctoworld\\vendor\\laravel\\framework\\src\\Illuminate\\Container\\Container.php(590): Illuminate\\Container\\BoundMethod::call(Object(Illuminate\\Foundation\\Application), Object(Closure), Array, NULL)
#26 C:\\xampp\\htdocs\\doctoworld\\vendor\\laravel\\framework\\src\\Illuminate\\Foundation\\Application.php(1067): Illuminate\\Container\\Container->call(Object(Closure))
#27 C:\\xampp\\htdocs\\doctoworld\\vendor\\laravel\\framework\\src\\Illuminate\\Foundation\\Http\\Kernel.php(185): Illuminate\\Foundation\\Application->terminate()
#28 C:\\xampp\\htdocs\\doctoworld\\public\\index.php(58): Illuminate\\Foundation\\Http\\Kernel->terminate(Object(Illuminate\\Http\\Request), Object(Illuminate\\Http\\Response))
#29 {main}

[previous exception] [object] (PDOException(code: 1049): SQLSTATE[HY000] [1049] Unknown database 'doctoworld' at C:\\xampp\\htdocs\\doctoworld\\vendor\\doctrine\\dbal\\lib\\Doctrine\\DBAL\\Driver\\PDOConnection.php:40)
[stacktrace]
#0 C:\\xampp\\htdocs\\doctoworld\\vendor\\doctrine\\dbal\\lib\\Doctrine\\DBAL\\Driver\\PDOConnection.php(40): PDO->__construct('mysql:host=127....', 'root', '', Array)
#1 C:\\xampp\\htdocs\\doctoworld\\vendor\\laravel\\framework\\src\\Illuminate\\Database\\Connectors\\Connector.php(67): Doctrine\\DBAL\\Driver\\PDOConnection->__construct('mysql:host=127....', 'root', '', Array)
#2 C:\\xampp\\htdocs\\doctoworld\\vendor\\laravel\\framework\\src\\Illuminate\\Database\\Connectors\\Connector.php(46): Illuminate\\Database\\Connectors\\Connector->createPdoConnection('mysql:host=127....', 'root', '', Array)
#3 C:\\xampp\\htdocs\\doctoworld\\vendor\\laravel\\framework\\src\\Illuminate\\Database\\Connectors\\MySqlConnector.php(24): Illuminate\\Database\\Connectors\\Connector->createConnection('mysql:host=127....', Array, Array)
#4 C:\\xampp\\htdocs\\doctoworld\\vendor\\laravel\\framework\\src\\Illuminate\\Database\\Connectors\\ConnectionFactory.php(182): Illuminate\\Database\\Connectors\\MySqlConnector->connect(Array)
#5 [internal function]: Illuminate\\Database\\Connectors\\ConnectionFactory->Illuminate\\Database\\Connectors\\{closure}()
#6 C:\\xampp\\htdocs\\doctoworld\\vendor\\laravel\\framework\\src\\Illuminate\\Database\\Connection.php(924): call_user_func(Object(Closure))
#7 C:\\xampp\\htdocs\\doctoworld\\vendor\\laravel\\framework\\src\\Illuminate\\Database\\Connection.php(457): Illuminate\\Database\\Connection->getPdo()
#8 C:\\xampp\\htdocs\\doctoworld\\vendor\\laravel\\framework\\src\\Illuminate\\Database\\Connection.php(662): Illuminate\\Database\\Connection->Illuminate\\Database\\{closure}('insert into `te...', Array)
#9 C:\\xampp\\htdocs\\doctoworld\\vendor\\laravel\\framework\\src\\Illuminate\\Database\\Connection.php(629): Illuminate\\Database\\Connection->runQueryCallback('insert into `te...', Array, Object(Closure))
#10 C:\\xampp\\htdocs\\doctoworld\\vendor\\laravel\\framework\\src\\Illuminate\\Database\\Connection.php(464): Illuminate\\Database\\Connection->run('insert into `te...', Array, Object(Closure))
#11 C:\\xampp\\htdocs\\doctoworld\\vendor\\laravel\\framework\\src\\Illuminate\\Database\\Connection.php(416): Illuminate\\Database\\Connection->statement('insert into `te...', Array)
#12 C:\\xampp\\htdocs\\doctoworld\\vendor\\laravel\\framework\\src\\Illuminate\\Database\\Query\\Builder.php(2661): Illuminate\\Database\\Connection->insert('insert into `te...', Array)
#13 C:\\xampp\\htdocs\\doctoworld\\vendor\\laravel\\telescope\\src\\Storage\\DatabaseEntriesRepository.php(148): Illuminate\\Database\\Query\\Builder->insert(Array)
#14 C:\\xampp\\htdocs\\doctoworld\\vendor\\laravel\\framework\\src\\Illuminate\\Support\\Traits\\EnumeratesValues.php(176): Laravel\\Telescope\\Storage\\DatabaseEntriesRepository->Laravel\\Telescope\\Storage\\{closure}(Object(Illuminate\\Support\\Collection), 0)
#15 C:\\xampp\\htdocs\\doctoworld\\vendor\\laravel\\telescope\\src\\Storage\\DatabaseEntriesRepository.php(149): Illuminate\\Support\\Collection->each(Object(Closure))
#16 C:\\xampp\\htdocs\\doctoworld\\vendor\\laravel\\telescope\\src\\Telescope.php(587): Laravel\\Telescope\\Storage\\DatabaseEntriesRepository->store(Object(Illuminate\\Support\\Collection))
#17 [internal function]: Laravel\\Telescope\\Telescope::Laravel\\Telescope\\{closure}()
#18 C:\\xampp\\htdocs\\doctoworld\\vendor\\laravel\\telescope\\src\\Telescope.php(231): call_user_func(Object(Closure))
#19 C:\\xampp\\htdocs\\doctoworld\\vendor\\laravel\\telescope\\src\\Telescope.php(598): Laravel\\Telescope\\Telescope::withoutRecording(Object(Closure))
#20 C:\\xampp\\htdocs\\doctoworld\\vendor\\laravel\\telescope\\src\\ListensForStorageOpportunities.php(44): Laravel\\Telescope\\Telescope::store(Object(Laravel\\Telescope\\Storage\\DatabaseEntriesRepository))
#21 C:\\xampp\\htdocs\\doctoworld\\vendor\\laravel\\framework\\src\\Illuminate\\Container\\BoundMethod.php(36): Laravel\\Telescope\\Telescope::Laravel\\Telescope\\{closure}()
#22 C:\\xampp\\htdocs\\doctoworld\\vendor\\laravel\\framework\\src\\Illuminate\\Container\\Util.php(37): Illuminate\\Container\\BoundMethod::Illuminate\\Container\\{closure}()
#23 C:\\xampp\\htdocs\\doctoworld\\vendor\\laravel\\framework\\src\\Illuminate\\Container\\BoundMethod.php(81): Illuminate\\Container\\Util::unwrapIfClosure(Object(Closure))
#24 C:\\xampp\\htdocs\\doctoworld\\vendor\\laravel\\framework\\src\\Illuminate\\Container\\BoundMethod.php(37): Illuminate\\Container\\BoundMethod::callBoundMethod(Object(Illuminate\\Foundation\\Application), Object(Closure), Object(Closure))
#25 C:\\xampp\\htdocs\\doctoworld\\vendor\\laravel\\framework\\src\\Illuminate\\Container\\Container.php(590): Illuminate\\Container\\BoundMethod::call(Object(Illuminate\\Foundation\\Application), Object(Closure), Array, NULL)
#26 C:\\xampp\\htdocs\\doctoworld\\vendor\\laravel\\framework\\src\\Illuminate\\Foundation\\Application.php(1067): Illuminate\\Container\\Container->call(Object(Closure))
#27 C:\\xampp\\htdocs\\doctoworld\\vendor\\laravel\\framework\\src\\Illuminate\\Foundation\\Http\\Kernel.php(185): Illuminate\\Foundation\\Application->terminate()
#28 C:\\xampp\\htdocs\\doctoworld\\public\\index.php(58): Illuminate\\Foundation\\Http\\Kernel->terminate(Object(Illuminate\\Http\\Request), Object(Illuminate\\Http\\Response))
#29 {main}
"} 
[2023-01-05 17:55:05] local.ERROR: SQLSTATE[HY000] [1049] Unknown database 'doctoworld' (SQL: insert into `telescope_entries` (`batch_id`, `content`, `created_at`, `family_hash`, `type`, `uuid`) values (98273339-95ce-41a9-9d81-59dcdef7f6e0, {"requestId":"Xb76ade26757e2bce7d642f38c06a6b8c","hostname":"INV-00011"}, 2023-01-05 17:55:05, ?, debugbar, 98273339-8701-4f5d-bba4-70e8ac909b0d), (98273339-95ce-41a9-9d81-59dcdef7f6e0, {"ip_address":"::1","uri":"\/favicon.png","method":"GET","controller_action":null,"middleware":[],"headers":{"host":"localhost","connection":"keep-alive","sec-ch-ua":"\"Opera GX\";v=\"93\", \"Not\/A)Brand\";v=\"8\", \"Chromium\";v=\"107\"","sec-ch-ua-mobile":"?0","user-agent":"Mozilla\/5.0 (Windows NT 10.0; Win64; x64) AppleWebKit\/537.36 (KHTML, like Gecko) Chrome\/107.0.0.0 Safari\/537.36 OPR\/93.0.0.0","sec-ch-ua-platform":"\"Windows\"","accept":"image\/avif,image\/webp,image\/apng,image\/svg+xml,image\/*,*\/*;q=0.8","sec-fetch-site":"same-origin","sec-fetch-mode":"no-cors","sec-fetch-dest":"image","referer":"http:\/\/localhost\/doctoworld\/public\/","accept-language":"en-US,en;q=0.9,es-419;q=0.8,es;q=0.7","cookie":"__RequestVerificationToken=0fLJ_f6H_r1VqSgLN1JUa0gb8N5AJOIJuPuVJQsCArD6_BHJGBZe6BfuaDb9LqGjeJ646OKBwFbEHofyou3pkBVl25dBtbLkMEsNmXZrj_U1; ASP.NET_SessionId=auj3w2tws2w3zhcn3i0hyv4b; .AspNet.ApplicationCookie=cAGeL4NhQLS7kEI11I-xJzdCA4WV-mN_Adz5b4Kjee8_uZO1JHZ8YigySXCf5L1gDVUuRlby8jM4b4c9jWkeyEpZQamtTIw1VhBV8rcfcXJHvivxX4zS36zVqcxsXOBqFB7ifLlEqvP8mtAsReI77DOeCyZj735y-WitWyY55BT76OrQgG0UL2yM7O4EKx6j-0aoozQjoWcLSDbq9qPuWFymSDLuXqYhMRKKm8PpTNMgcpCeNLCcAV0hLoXE6Jt4qTQkF6CjRWjDbYO10pD8VsvTGTAznbLzZn7MqeqjeKB5Ip5cVd2A6Al86GfRCIPkyUk-yt9Hxsv5_jIk9KORgjD9NxozJ5AfFijNvXJzrhS8feYZ-floCrgWrgQ_BnTOxOzIooZJ20vMCdGiwCObifAs8V8BFp_KY0zGhFJoMcU; XSRF-TOKEN=eyJpdiI6IjFIdUM2azJWWDJjZHZzYW9aWWM5dUE9PSIsInZhbHVlIjoiNUtcL1NrZkFuVERPclh1NXNLTHB5NDNwbE5rTFd5dmJXczBBa1o4NHlsZW1lWllFZ0JCMldlcUhCTXE2bU5oTTMzNkVCaGR3UGFjV2dtdGhTNnY5ODNkR3RURkgzOGYrM2ZkeUpXVGN6NWRRWTNLN1hodTlCOTZKMkI0K2pESEkxIiwibWFjIjoiZjA4ZjBlYTk2ZTM0Mzc1ZjZjNzQ4YjU3ZTYxZDU1ZjliNmIyY2VhZWZmZWU1OTE2MjdiNWU0YjM3ZGIwMWQ4NyJ9; laravel_session=eyJpdiI6InBodzVwaEh4bTFOazBHeWJGUllaU2c9PSIsInZhbHVlIjoiY1JLcGVNVGhsUm5kNHFQK05JV21QaFZpTVRkTCtkTGh0WWxzOXMzd0ZNTWY3UmNxKzRqK08yV1NiVjhmWGFXRTF2aTcwV2JUMDdtZ1RzV3ZkVHRvN2Z5TDB0azJZXC85dmJvT3p5d1ZleGl1M1ZmcXRYVEJoRnJCQTI5WkdMc0s5IiwibWFjIjoiYzAyMzMyYmQ2MjI5OTAxODc1MzY2ZGRiYTA3ZGJkYTE4NDMzZDFkZjdlMzYyMWUyY2JkMWY4MGNlYTVlY2YwOSJ9","accept-encoding":"gzip, deflate"},"payload":[],"session":[],"response_status":404,"response":"HTML Response","duration":1466,"memory":24,"hostname":"INV-00011"}, 2023-01-05 17:55:05, ?, request, 98273339-9263-4782-bced-ea88a1af357a)) {"exception":"[object] (Illuminate\\Database\\QueryException(code: 1049): SQLSTATE[HY000] [1049] Unknown database 'doctoworld' (SQL: insert into `telescope_entries` (`batch_id`, `content`, `created_at`, `family_hash`, `type`, `uuid`) values (98273339-95ce-41a9-9d81-59dcdef7f6e0, {\"requestId\":\"Xb76ade26757e2bce7d642f38c06a6b8c\",\"hostname\":\"INV-00011\"}, 2023-01-05 17:55:05, ?, debugbar, 98273339-8701-4f5d-bba4-70e8ac909b0d), (98273339-95ce-41a9-9d81-59dcdef7f6e0, {\"ip_address\":\"::1\",\"uri\":\"\\/favicon.png\",\"method\":\"GET\",\"controller_action\":null,\"middleware\":[],\"headers\":{\"host\":\"localhost\",\"connection\":\"keep-alive\",\"sec-ch-ua\":\"\\\"Opera GX\\\";v=\\\"93\\\", \\\"Not\\/A)Brand\\\";v=\\\"8\\\", \\\"Chromium\\\";v=\\\"107\\\"\",\"sec-ch-ua-mobile\":\"?0\",\"user-agent\":\"Mozilla\\/5.0 (Windows NT 10.0; Win64; x64) AppleWebKit\\/537.36 (KHTML, like Gecko) Chrome\\/107.0.0.0 Safari\\/537.36 OPR\\/93.0.0.0\",\"sec-ch-ua-platform\":\"\\\"Windows\\\"\",\"accept\":\"image\\/avif,image\\/webp,image\\/apng,image\\/svg+xml,image\\/*,*\\/*;q=0.8\",\"sec-fetch-site\":\"same-origin\",\"sec-fetch-mode\":\"no-cors\",\"sec-fetch-dest\":\"image\",\"referer\":\"http:\\/\\/localhost\\/doctoworld\\/public\\/\",\"accept-language\":\"en-US,en;q=0.9,es-419;q=0.8,es;q=0.7\",\"cookie\":\"__RequestVerificationToken=0fLJ_f6H_r1VqSgLN1JUa0gb8N5AJOIJuPuVJQsCArD6_BHJGBZe6BfuaDb9LqGjeJ646OKBwFbEHofyou3pkBVl25dBtbLkMEsNmXZrj_U1; ASP.NET_SessionId=auj3w2tws2w3zhcn3i0hyv4b; .AspNet.ApplicationCookie=cAGeL4NhQLS7kEI11I-xJzdCA4WV-mN_Adz5b4Kjee8_uZO1JHZ8YigySXCf5L1gDVUuRlby8jM4b4c9jWkeyEpZQamtTIw1VhBV8rcfcXJHvivxX4zS36zVqcxsXOBqFB7ifLlEqvP8mtAsReI77DOeCyZj735y-WitWyY55BT76OrQgG0UL2yM7O4EKx6j-0aoozQjoWcLSDbq9qPuWFymSDLuXqYhMRKKm8PpTNMgcpCeNLCcAV0hLoXE6Jt4qTQkF6CjRWjDbYO10pD8VsvTGTAznbLzZn7MqeqjeKB5Ip5cVd2A6Al86GfRCIPkyUk-yt9Hxsv5_jIk9KORgjD9NxozJ5AfFijNvXJzrhS8feYZ-floCrgWrgQ_BnTOxOzIooZJ20vMCdGiwCObifAs8V8BFp_KY0zGhFJoMcU; XSRF-TOKEN=eyJpdiI6IjFIdUM2azJWWDJjZHZzYW9aWWM5dUE9PSIsInZhbHVlIjoiNUtcL1NrZkFuVERPclh1NXNLTHB5NDNwbE5rTFd5dmJXczBBa1o4NHlsZW1lWllFZ0JCMldlcUhCTXE2bU5oTTMzNkVCaGR3UGFjV2dtdGhTNnY5ODNkR3RURkgzOGYrM2ZkeUpXVGN6NWRRWTNLN1hodTlCOTZKMkI0K2pESEkxIiwibWFjIjoiZjA4ZjBlYTk2ZTM0Mzc1ZjZjNzQ4YjU3ZTYxZDU1ZjliNmIyY2VhZWZmZWU1OTE2MjdiNWU0YjM3ZGIwMWQ4NyJ9; laravel_session=eyJpdiI6InBodzVwaEh4bTFOazBHeWJGUllaU2c9PSIsInZhbHVlIjoiY1JLcGVNVGhsUm5kNHFQK05JV21QaFZpTVRkTCtkTGh0WWxzOXMzd0ZNTWY3UmNxKzRqK08yV1NiVjhmWGFXRTF2aTcwV2JUMDdtZ1RzV3ZkVHRvN2Z5TDB0azJZXC85dmJvT3p5d1ZleGl1M1ZmcXRYVEJoRnJCQTI5WkdMc0s5IiwibWFjIjoiYzAyMzMyYmQ2MjI5OTAxODc1MzY2ZGRiYTA3ZGJkYTE4NDMzZDFkZjdlMzYyMWUyY2JkMWY4MGNlYTVlY2YwOSJ9\",\"accept-encoding\":\"gzip, deflate\"},\"payload\":[],\"session\":[],\"response_status\":404,\"response\":\"HTML Response\",\"duration\":1466,\"memory\":24,\"hostname\":\"INV-00011\"}, 2023-01-05 17:55:05, ?, request, 98273339-9263-4782-bced-ea88a1af357a)) at C:\\xampp\\htdocs\\doctoworld\\vendor\\laravel\\framework\\src\\Illuminate\\Database\\Connection.php:669)
[stacktrace]
#0 C:\\xampp\\htdocs\\doctoworld\\vendor\\laravel\\framework\\src\\Illuminate\\Database\\Connection.php(629): Illuminate\\Database\\Connection->runQueryCallback('insert into `te...', Array, Object(Closure))
#1 C:\\xampp\\htdocs\\doctoworld\\vendor\\laravel\\framework\\src\\Illuminate\\Database\\Connection.php(464): Illuminate\\Database\\Connection->run('insert into `te...', Array, Object(Closure))
#2 C:\\xampp\\htdocs\\doctoworld\\vendor\\laravel\\framework\\src\\Illuminate\\Database\\Connection.php(416): Illuminate\\Database\\Connection->statement('insert into `te...', Array)
#3 C:\\xampp\\htdocs\\doctoworld\\vendor\\laravel\\framework\\src\\Illuminate\\Database\\Query\\Builder.php(2661): Illuminate\\Database\\Connection->insert('insert into `te...', Array)
#4 C:\\xampp\\htdocs\\doctoworld\\vendor\\laravel\\telescope\\src\\Storage\\DatabaseEntriesRepository.php(148): Illuminate\\Database\\Query\\Builder->insert(Array)
#5 C:\\xampp\\htdocs\\doctoworld\\vendor\\laravel\\framework\\src\\Illuminate\\Support\\Traits\\EnumeratesValues.php(176): Laravel\\Telescope\\Storage\\DatabaseEntriesRepository->Laravel\\Telescope\\Storage\\{closure}(Object(Illuminate\\Support\\Collection), 0)
#6 C:\\xampp\\htdocs\\doctoworld\\vendor\\laravel\\telescope\\src\\Storage\\DatabaseEntriesRepository.php(149): Illuminate\\Support\\Collection->each(Object(Closure))
#7 C:\\xampp\\htdocs\\doctoworld\\vendor\\laravel\\telescope\\src\\Telescope.php(587): Laravel\\Telescope\\Storage\\DatabaseEntriesRepository->store(Object(Illuminate\\Support\\Collection))
#8 [internal function]: Laravel\\Telescope\\Telescope::Laravel\\Telescope\\{closure}()
#9 C:\\xampp\\htdocs\\doctoworld\\vendor\\laravel\\telescope\\src\\Telescope.php(231): call_user_func(Object(Closure))
#10 C:\\xampp\\htdocs\\doctoworld\\vendor\\laravel\\telescope\\src\\Telescope.php(598): Laravel\\Telescope\\Telescope::withoutRecording(Object(Closure))
#11 C:\\xampp\\htdocs\\doctoworld\\vendor\\laravel\\telescope\\src\\ListensForStorageOpportunities.php(44): Laravel\\Telescope\\Telescope::store(Object(Laravel\\Telescope\\Storage\\DatabaseEntriesRepository))
#12 C:\\xampp\\htdocs\\doctoworld\\vendor\\laravel\\framework\\src\\Illuminate\\Container\\BoundMethod.php(36): Laravel\\Telescope\\Telescope::Laravel\\Telescope\\{closure}()
#13 C:\\xampp\\htdocs\\doctoworld\\vendor\\laravel\\framework\\src\\Illuminate\\Container\\Util.php(37): Illuminate\\Container\\BoundMethod::Illuminate\\Container\\{closure}()
#14 C:\\xampp\\htdocs\\doctoworld\\vendor\\laravel\\framework\\src\\Illuminate\\Container\\BoundMethod.php(81): Illuminate\\Container\\Util::unwrapIfClosure(Object(Closure))
#15 C:\\xampp\\htdocs\\doctoworld\\vendor\\laravel\\framework\\src\\Illuminate\\Container\\BoundMethod.php(37): Illuminate\\Container\\BoundMethod::callBoundMethod(Object(Illuminate\\Foundation\\Application), Object(Closure), Object(Closure))
#16 C:\\xampp\\htdocs\\doctoworld\\vendor\\laravel\\framework\\src\\Illuminate\\Container\\Container.php(590): Illuminate\\Container\\BoundMethod::call(Object(Illuminate\\Foundation\\Application), Object(Closure), Array, NULL)
#17 C:\\xampp\\htdocs\\doctoworld\\vendor\\laravel\\framework\\src\\Illuminate\\Foundation\\Application.php(1067): Illuminate\\Container\\Container->call(Object(Closure))
#18 C:\\xampp\\htdocs\\doctoworld\\vendor\\laravel\\framework\\src\\Illuminate\\Foundation\\Http\\Kernel.php(185): Illuminate\\Foundation\\Application->terminate()
#19 C:\\xampp\\htdocs\\doctoworld\\public\\index.php(58): Illuminate\\Foundation\\Http\\Kernel->terminate(Object(Illuminate\\Http\\Request), Object(Illuminate\\Http\\Response))
#20 {main}

[previous exception] [object] (Doctrine\\DBAL\\Driver\\PDO\\Exception(code: 1049): SQLSTATE[HY000] [1049] Unknown database 'doctoworld' at C:\\xampp\\htdocs\\doctoworld\\vendor\\doctrine\\dbal\\lib\\Doctrine\\DBAL\\Driver\\PDO\\Exception.php:18)
[stacktrace]
#0 C:\\xampp\\htdocs\\doctoworld\\vendor\\doctrine\\dbal\\lib\\Doctrine\\DBAL\\Driver\\PDOConnection.php(44): Doctrine\\DBAL\\Driver\\PDO\\Exception::new(Object(PDOException))
#1 C:\\xampp\\htdocs\\doctoworld\\vendor\\laravel\\framework\\src\\Illuminate\\Database\\Connectors\\Connector.php(67): Doctrine\\DBAL\\Driver\\PDOConnection->__construct('mysql:host=127....', 'root', '', Array)
#2 C:\\xampp\\htdocs\\doctoworld\\vendor\\laravel\\framework\\src\\Illuminate\\Database\\Connectors\\Connector.php(46): Illuminate\\Database\\Connectors\\Connector->createPdoConnection('mysql:host=127....', 'root', '', Array)
#3 C:\\xampp\\htdocs\\doctoworld\\vendor\\laravel\\framework\\src\\Illuminate\\Database\\Connectors\\MySqlConnector.php(24): Illuminate\\Database\\Connectors\\Connector->createConnection('mysql:host=127....', Array, Array)
#4 C:\\xampp\\htdocs\\doctoworld\\vendor\\laravel\\framework\\src\\Illuminate\\Database\\Connectors\\ConnectionFactory.php(182): Illuminate\\Database\\Connectors\\MySqlConnector->connect(Array)
#5 [internal function]: Illuminate\\Database\\Connectors\\ConnectionFactory->Illuminate\\Database\\Connectors\\{closure}()
#6 C:\\xampp\\htdocs\\doctoworld\\vendor\\laravel\\framework\\src\\Illuminate\\Database\\Connection.php(924): call_user_func(Object(Closure))
#7 C:\\xampp\\htdocs\\doctoworld\\vendor\\laravel\\framework\\src\\Illuminate\\Database\\Connection.php(457): Illuminate\\Database\\Connection->getPdo()
#8 C:\\xampp\\htdocs\\doctoworld\\vendor\\laravel\\framework\\src\\Illuminate\\Database\\Connection.php(662): Illuminate\\Database\\Connection->Illuminate\\Database\\{closure}('insert into `te...', Array)
#9 C:\\xampp\\htdocs\\doctoworld\\vendor\\laravel\\framework\\src\\Illuminate\\Database\\Connection.php(629): Illuminate\\Database\\Connection->runQueryCallback('insert into `te...', Array, Object(Closure))
#10 C:\\xampp\\htdocs\\doctoworld\\vendor\\laravel\\framework\\src\\Illuminate\\Database\\Connection.php(464): Illuminate\\Database\\Connection->run('insert into `te...', Array, Object(Closure))
#11 C:\\xampp\\htdocs\\doctoworld\\vendor\\laravel\\framework\\src\\Illuminate\\Database\\Connection.php(416): Illuminate\\Database\\Connection->statement('insert into `te...', Array)
#12 C:\\xampp\\htdocs\\doctoworld\\vendor\\laravel\\framework\\src\\Illuminate\\Database\\Query\\Builder.php(2661): Illuminate\\Database\\Connection->insert('insert into `te...', Array)
#13 C:\\xampp\\htdocs\\doctoworld\\vendor\\laravel\\telescope\\src\\Storage\\DatabaseEntriesRepository.php(148): Illuminate\\Database\\Query\\Builder->insert(Array)
#14 C:\\xampp\\htdocs\\doctoworld\\vendor\\laravel\\framework\\src\\Illuminate\\Support\\Traits\\EnumeratesValues.php(176): Laravel\\Telescope\\Storage\\DatabaseEntriesRepository->Laravel\\Telescope\\Storage\\{closure}(Object(Illuminate\\Support\\Collection), 0)
#15 C:\\xampp\\htdocs\\doctoworld\\vendor\\laravel\\telescope\\src\\Storage\\DatabaseEntriesRepository.php(149): Illuminate\\Support\\Collection->each(Object(Closure))
#16 C:\\xampp\\htdocs\\doctoworld\\vendor\\laravel\\telescope\\src\\Telescope.php(587): Laravel\\Telescope\\Storage\\DatabaseEntriesRepository->store(Object(Illuminate\\Support\\Collection))
#17 [internal function]: Laravel\\Telescope\\Telescope::Laravel\\Telescope\\{closure}()
#18 C:\\xampp\\htdocs\\doctoworld\\vendor\\laravel\\telescope\\src\\Telescope.php(231): call_user_func(Object(Closure))
#19 C:\\xampp\\htdocs\\doctoworld\\vendor\\laravel\\telescope\\src\\Telescope.php(598): Laravel\\Telescope\\Telescope::withoutRecording(Object(Closure))
#20 C:\\xampp\\htdocs\\doctoworld\\vendor\\laravel\\telescope\\src\\ListensForStorageOpportunities.php(44): Laravel\\Telescope\\Telescope::store(Object(Laravel\\Telescope\\Storage\\DatabaseEntriesRepository))
#21 C:\\xampp\\htdocs\\doctoworld\\vendor\\laravel\\framework\\src\\Illuminate\\Container\\BoundMethod.php(36): Laravel\\Telescope\\Telescope::Laravel\\Telescope\\{closure}()
#22 C:\\xampp\\htdocs\\doctoworld\\vendor\\laravel\\framework\\src\\Illuminate\\Container\\Util.php(37): Illuminate\\Container\\BoundMethod::Illuminate\\Container\\{closure}()
#23 C:\\xampp\\htdocs\\doctoworld\\vendor\\laravel\\framework\\src\\Illuminate\\Container\\BoundMethod.php(81): Illuminate\\Container\\Util::unwrapIfClosure(Object(Closure))
#24 C:\\xampp\\htdocs\\doctoworld\\vendor\\laravel\\framework\\src\\Illuminate\\Container\\BoundMethod.php(37): Illuminate\\Container\\BoundMethod::callBoundMethod(Object(Illuminate\\Foundation\\Application), Object(Closure), Object(Closure))
#25 C:\\xampp\\htdocs\\doctoworld\\vendor\\laravel\\framework\\src\\Illuminate\\Container\\Container.php(590): Illuminate\\Container\\BoundMethod::call(Object(Illuminate\\Foundation\\Application), Object(Closure), Array, NULL)
#26 C:\\xampp\\htdocs\\doctoworld\\vendor\\laravel\\framework\\src\\Illuminate\\Foundation\\Application.php(1067): Illuminate\\Container\\Container->call(Object(Closure))
#27 C:\\xampp\\htdocs\\doctoworld\\vendor\\laravel\\framework\\src\\Illuminate\\Foundation\\Http\\Kernel.php(185): Illuminate\\Foundation\\Application->terminate()
#28 C:\\xampp\\htdocs\\doctoworld\\public\\index.php(58): Illuminate\\Foundation\\Http\\Kernel->terminate(Object(Illuminate\\Http\\Request), Object(Illuminate\\Http\\Response))
#29 {main}

[previous exception] [object] (PDOException(code: 1049): SQLSTATE[HY000] [1049] Unknown database 'doctoworld' at C:\\xampp\\htdocs\\doctoworld\\vendor\\doctrine\\dbal\\lib\\Doctrine\\DBAL\\Driver\\PDOConnection.php:40)
[stacktrace]
#0 C:\\xampp\\htdocs\\doctoworld\\vendor\\doctrine\\dbal\\lib\\Doctrine\\DBAL\\Driver\\PDOConnection.php(40): PDO->__construct('mysql:host=127....', 'root', '', Array)
#1 C:\\xampp\\htdocs\\doctoworld\\vendor\\laravel\\framework\\src\\Illuminate\\Database\\Connectors\\Connector.php(67): Doctrine\\DBAL\\Driver\\PDOConnection->__construct('mysql:host=127....', 'root', '', Array)
#2 C:\\xampp\\htdocs\\doctoworld\\vendor\\laravel\\framework\\src\\Illuminate\\Database\\Connectors\\Connector.php(46): Illuminate\\Database\\Connectors\\Connector->createPdoConnection('mysql:host=127....', 'root', '', Array)
#3 C:\\xampp\\htdocs\\doctoworld\\vendor\\laravel\\framework\\src\\Illuminate\\Database\\Connectors\\MySqlConnector.php(24): Illuminate\\Database\\Connectors\\Connector->createConnection('mysql:host=127....', Array, Array)
#4 C:\\xampp\\htdocs\\doctoworld\\vendor\\laravel\\framework\\src\\Illuminate\\Database\\Connectors\\ConnectionFactory.php(182): Illuminate\\Database\\Connectors\\MySqlConnector->connect(Array)
#5 [internal function]: Illuminate\\Database\\Connectors\\ConnectionFactory->Illuminate\\Database\\Connectors\\{closure}()
#6 C:\\xampp\\htdocs\\doctoworld\\vendor\\laravel\\framework\\src\\Illuminate\\Database\\Connection.php(924): call_user_func(Object(Closure))
#7 C:\\xampp\\htdocs\\doctoworld\\vendor\\laravel\\framework\\src\\Illuminate\\Database\\Connection.php(457): Illuminate\\Database\\Connection->getPdo()
#8 C:\\xampp\\htdocs\\doctoworld\\vendor\\laravel\\framework\\src\\Illuminate\\Database\\Connection.php(662): Illuminate\\Database\\Connection->Illuminate\\Database\\{closure}('insert into `te...', Array)
#9 C:\\xampp\\htdocs\\doctoworld\\vendor\\laravel\\framework\\src\\Illuminate\\Database\\Connection.php(629): Illuminate\\Database\\Connection->runQueryCallback('insert into `te...', Array, Object(Closure))
#10 C:\\xampp\\htdocs\\doctoworld\\vendor\\laravel\\framework\\src\\Illuminate\\Database\\Connection.php(464): Illuminate\\Database\\Connection->run('insert into `te...', Array, Object(Closure))
#11 C:\\xampp\\htdocs\\doctoworld\\vendor\\laravel\\framework\\src\\Illuminate\\Database\\Connection.php(416): Illuminate\\Database\\Connection->statement('insert into `te...', Array)
#12 C:\\xampp\\htdocs\\doctoworld\\vendor\\laravel\\framework\\src\\Illuminate\\Database\\Query\\Builder.php(2661): Illuminate\\Database\\Connection->insert('insert into `te...', Array)
#13 C:\\xampp\\htdocs\\doctoworld\\vendor\\laravel\\telescope\\src\\Storage\\DatabaseEntriesRepository.php(148): Illuminate\\Database\\Query\\Builder->insert(Array)
#14 C:\\xampp\\htdocs\\doctoworld\\vendor\\laravel\\framework\\src\\Illuminate\\Support\\Traits\\EnumeratesValues.php(176): Laravel\\Telescope\\Storage\\DatabaseEntriesRepository->Laravel\\Telescope\\Storage\\{closure}(Object(Illuminate\\Support\\Collection), 0)
#15 C:\\xampp\\htdocs\\doctoworld\\vendor\\laravel\\telescope\\src\\Storage\\DatabaseEntriesRepository.php(149): Illuminate\\Support\\Collection->each(Object(Closure))
#16 C:\\xampp\\htdocs\\doctoworld\\vendor\\laravel\\telescope\\src\\Telescope.php(587): Laravel\\Telescope\\Storage\\DatabaseEntriesRepository->store(Object(Illuminate\\Support\\Collection))
#17 [internal function]: Laravel\\Telescope\\Telescope::Laravel\\Telescope\\{closure}()
#18 C:\\xampp\\htdocs\\doctoworld\\vendor\\laravel\\telescope\\src\\Telescope.php(231): call_user_func(Object(Closure))
#19 C:\\xampp\\htdocs\\doctoworld\\vendor\\laravel\\telescope\\src\\Telescope.php(598): Laravel\\Telescope\\Telescope::withoutRecording(Object(Closure))
#20 C:\\xampp\\htdocs\\doctoworld\\vendor\\laravel\\telescope\\src\\ListensForStorageOpportunities.php(44): Laravel\\Telescope\\Telescope::store(Object(Laravel\\Telescope\\Storage\\DatabaseEntriesRepository))
#21 C:\\xampp\\htdocs\\doctoworld\\vendor\\laravel\\framework\\src\\Illuminate\\Container\\BoundMethod.php(36): Laravel\\Telescope\\Telescope::Laravel\\Telescope\\{closure}()
#22 C:\\xampp\\htdocs\\doctoworld\\vendor\\laravel\\framework\\src\\Illuminate\\Container\\Util.php(37): Illuminate\\Container\\BoundMethod::Illuminate\\Container\\{closure}()
#23 C:\\xampp\\htdocs\\doctoworld\\vendor\\laravel\\framework\\src\\Illuminate\\Container\\BoundMethod.php(81): Illuminate\\Container\\Util::unwrapIfClosure(Object(Closure))
#24 C:\\xampp\\htdocs\\doctoworld\\vendor\\laravel\\framework\\src\\Illuminate\\Container\\BoundMethod.php(37): Illuminate\\Container\\BoundMethod::callBoundMethod(Object(Illuminate\\Foundation\\Application), Object(Closure), Object(Closure))
#25 C:\\xampp\\htdocs\\doctoworld\\vendor\\laravel\\framework\\src\\Illuminate\\Container\\Container.php(590): Illuminate\\Container\\BoundMethod::call(Object(Illuminate\\Foundation\\Application), Object(Closure), Array, NULL)
#26 C:\\xampp\\htdocs\\doctoworld\\vendor\\laravel\\framework\\src\\Illuminate\\Foundation\\Application.php(1067): Illuminate\\Container\\Container->call(Object(Closure))
#27 C:\\xampp\\htdocs\\doctoworld\\vendor\\laravel\\framework\\src\\Illuminate\\Foundation\\Http\\Kernel.php(185): Illuminate\\Foundation\\Application->terminate()
#28 C:\\xampp\\htdocs\\doctoworld\\public\\index.php(58): Illuminate\\Foundation\\Http\\Kernel->terminate(Object(Illuminate\\Http\\Request), Object(Illuminate\\Http\\Response))
#29 {main}
"} 
